<?xml version="1.0" encoding="UTF-8"?>
<robot generator="Robot 4.1.1 (Python 3.9.7 on win32)" generated="20210912 22:22:21.868" rpa="false" schemaversion="2">
<suite id="s1" name="Tests" source="R:\GLOBE_Website_Tests\Tests">
<suite id="s1-s1" name="About" source="R:\GLOBE_Website_Tests\Tests\About.robot">
<test id="s1-s1-t1" name="Get The App">
<kw name="Open to Site" library="Observer" type="SETUP">
<arg>https://observer.globe.gov/</arg>
<kw name="Evaluate" library="BuiltIn">
<var>${chrome_options}</var>
<arg>sys.modules['selenium.webdriver'].ChromeOptions()</arg>
<arg>sys, selenium.webdriver</arg>
<doc>Evaluates the given expression in Python and returns the result.</doc>
<msg timestamp="20210912 22:22:22.071" level="INFO">${chrome_options} = &lt;selenium.webdriver.chrome.options.Options object at 0x0000017922128580&gt;</msg>
<status status="PASS" starttime="20210912 22:22:22.070" endtime="20210912 22:22:22.071"/>
</kw>
<kw name="Call Method" library="BuiltIn">
<arg>${chrome_options}</arg>
<arg>add_argument</arg>
<arg>--disable-extensions</arg>
<doc>Calls the named method of the given object with the provided arguments.</doc>
<status status="PASS" starttime="20210912 22:22:22.071" endtime="20210912 22:22:22.071"/>
</kw>
<kw name="Call Method" library="BuiltIn">
<arg>${chrome_options}</arg>
<arg>add_argument</arg>
<arg>--headless</arg>
<doc>Calls the named method of the given object with the provided arguments.</doc>
<status status="PASS" starttime="20210912 22:22:22.071" endtime="20210912 22:22:22.071"/>
</kw>
<kw name="Call Method" library="BuiltIn">
<arg>${chrome_options}</arg>
<arg>add_argument</arg>
<arg>--disable-gpu</arg>
<doc>Calls the named method of the given object with the provided arguments.</doc>
<status status="PASS" starttime="20210912 22:22:22.071" endtime="20210912 22:22:22.072"/>
</kw>
<kw name="Call Method" library="BuiltIn">
<arg>${chrome_options}</arg>
<arg>add_argument</arg>
<arg>--no-sandbox</arg>
<doc>Calls the named method of the given object with the provided arguments.</doc>
<status status="PASS" starttime="20210912 22:22:22.072" endtime="20210912 22:22:22.072"/>
</kw>
<kw name="Create Webdriver" library="SeleniumLibrary">
<arg>Chrome</arg>
<arg>chrome_options=${chrome_options}</arg>
<doc>Creates an instance of Selenium WebDriver.</doc>
<msg timestamp="20210912 22:22:22.072" level="INFO">Creating an instance of the Chrome WebDriver.</msg>
<status status="PASS" starttime="20210912 22:22:22.072" endtime="20210912 22:22:23.215"/>
</kw>
<kw name="Set Window Size" library="SeleniumLibrary">
<arg>${1400}</arg>
<arg>${600}</arg>
<doc>Sets current windows size to given ``width`` and ``height``.</doc>
<status status="PASS" starttime="20210912 22:22:23.215" endtime="20210912 22:22:23.334"/>
</kw>
<kw name="Go To" library="SeleniumLibrary">
<arg>${link}</arg>
<doc>Navigates the current browser window to the provided ``url``.</doc>
<msg timestamp="20210912 22:22:23.334" level="INFO">Opening url 'https://observer.globe.gov/'</msg>
<status status="PASS" starttime="20210912 22:22:23.334" endtime="20210912 22:22:36.393"/>
</kw>
<status status="PASS" starttime="20210912 22:22:22.070" endtime="20210912 22:22:36.393"/>
</kw>
<kw name="Click Link in Navbar" library="Observer">
<arg>Get the App</arg>
<kw name="Wait Until Page Finishes Loading" library="Observer">
<kw name="Wait For Condition" library="SeleniumLibrary">
<arg>return window.document.readyState == 'complete'</arg>
<doc>Waits until ``condition`` is true or ``timeout`` expires.</doc>
<status status="PASS" starttime="20210912 22:22:36.394" endtime="20210912 22:22:36.396"/>
</kw>
<kw name="Sleep" library="BuiltIn">
<arg>5</arg>
<doc>Pauses the test executed for the given time.</doc>
<msg timestamp="20210912 22:22:41.406" level="INFO">Slept 5 seconds</msg>
<status status="PASS" starttime="20210912 22:22:36.396" endtime="20210912 22:22:41.406"/>
</kw>
<status status="PASS" starttime="20210912 22:22:36.393" endtime="20210912 22:22:41.406"/>
</kw>
<kw name="Set Variable" library="BuiltIn">
<var>${sectionLink}</var>
<arg>${Navbar}//span[contains(text(),"${section}")]/..</arg>
<doc>Returns the given values which can then be assigned to a variables.</doc>
<msg timestamp="20210912 22:22:41.406" level="INFO">${sectionLink} = xpath=//*[@id='navigation']//span[contains(text(),"Get the App")]/..</msg>
<status status="PASS" starttime="20210912 22:22:41.406" endtime="20210912 22:22:41.406"/>
</kw>
<if>
<branch type="IF" condition="&quot;${subsection}&quot;==&quot;${EMPTY}&quot;">
<kw name="Wait Until Element Is Visible" library="SeleniumLibrary">
<arg>${sectionLink}</arg>
<doc>Waits until the element ``locator`` is visible.</doc>
<status status="PASS" starttime="20210912 22:22:41.407" endtime="20210912 22:22:41.421"/>
</kw>
<kw name="Click Element" library="SeleniumLibrary">
<arg>${sectionLink}</arg>
<doc>Click the element identified by ``locator``.</doc>
<msg timestamp="20210912 22:22:41.422" level="INFO">Clicking element 'xpath=//*[@id='navigation']//span[contains(text(),"Get the App")]/..'.</msg>
<status status="PASS" starttime="20210912 22:22:41.422" endtime="20210912 22:22:41.449"/>
</kw>
<status status="PASS" starttime="20210912 22:22:41.407" endtime="20210912 22:22:41.449"/>
</branch>
<branch type="ELSE">
<kw name="Set Variable" library="BuiltIn">
<var>${subsectionLink}</var>
<arg>${sectionLink}/following-sibling::ul//a[contains(text(),"${subsection}")]</arg>
<doc>Returns the given values which can then be assigned to a variables.</doc>
<status status="NOT RUN" starttime="20210912 22:22:41.449" endtime="20210912 22:22:41.449"/>
</kw>
<kw name="Wait Until Element Is Visible" library="SeleniumLibrary">
<arg>${sectionLink}</arg>
<doc>Waits until the element ``locator`` is visible.</doc>
<status status="NOT RUN" starttime="20210912 22:22:41.449" endtime="20210912 22:22:41.449"/>
</kw>
<kw name="Mouse Over" library="SeleniumLibrary">
<arg>${sectionLink}</arg>
<doc>Simulates hovering the mouse over the element ``locator``.</doc>
<status status="NOT RUN" starttime="20210912 22:22:41.449" endtime="20210912 22:22:41.449"/>
</kw>
<kw name="Wait Until Element Is Visible" library="SeleniumLibrary">
<arg>${subsectionLink}</arg>
<doc>Waits until the element ``locator`` is visible.</doc>
<status status="NOT RUN" starttime="20210912 22:22:41.449" endtime="20210912 22:22:41.449"/>
</kw>
<kw name="Click Element" library="SeleniumLibrary">
<arg>${subsectionLink}</arg>
<doc>Click the element identified by ``locator``.</doc>
<status status="NOT RUN" starttime="20210912 22:22:41.449" endtime="20210912 22:22:41.449"/>
</kw>
<status status="NOT RUN" starttime="20210912 22:22:41.449" endtime="20210912 22:22:41.449"/>
</branch>
<status status="PASS" starttime="20210912 22:22:41.406" endtime="20210912 22:22:41.450"/>
</if>
<status status="PASS" starttime="20210912 22:22:36.393" endtime="20210912 22:22:41.450"/>
</kw>
<kw name="Wait Until Location Is" library="SeleniumLibrary">
<arg>https://observer.globe.gov/about/get-the-app</arg>
<doc>Waits until the current URL is ``expected``.</doc>
<status status="PASS" starttime="20210912 22:22:41.450" endtime="20210912 22:22:41.675"/>
</kw>
<kw name="Click Link in Navbar" library="Observer">
<arg>About</arg>
<arg>Get the App</arg>
<kw name="Wait Until Page Finishes Loading" library="Observer">
<kw name="Wait For Condition" library="SeleniumLibrary">
<arg>return window.document.readyState == 'complete'</arg>
<doc>Waits until ``condition`` is true or ``timeout`` expires.</doc>
<status status="PASS" starttime="20210912 22:22:41.675" endtime="20210912 22:22:41.704"/>
</kw>
<kw name="Sleep" library="BuiltIn">
<arg>5</arg>
<doc>Pauses the test executed for the given time.</doc>
<msg timestamp="20210912 22:22:46.707" level="INFO">Slept 5 seconds</msg>
<status status="PASS" starttime="20210912 22:22:41.704" endtime="20210912 22:22:46.707"/>
</kw>
<status status="PASS" starttime="20210912 22:22:41.675" endtime="20210912 22:22:46.707"/>
</kw>
<kw name="Set Variable" library="BuiltIn">
<var>${sectionLink}</var>
<arg>${Navbar}//span[contains(text(),"${section}")]/..</arg>
<doc>Returns the given values which can then be assigned to a variables.</doc>
<msg timestamp="20210912 22:22:46.707" level="INFO">${sectionLink} = xpath=//*[@id='navigation']//span[contains(text(),"About")]/..</msg>
<status status="PASS" starttime="20210912 22:22:46.707" endtime="20210912 22:22:46.707"/>
</kw>
<if>
<branch type="IF" condition="&quot;${subsection}&quot;==&quot;${EMPTY}&quot;">
<kw name="Wait Until Element Is Visible" library="SeleniumLibrary">
<arg>${sectionLink}</arg>
<doc>Waits until the element ``locator`` is visible.</doc>
<status status="NOT RUN" starttime="20210912 22:22:46.708" endtime="20210912 22:22:46.708"/>
</kw>
<kw name="Click Element" library="SeleniumLibrary">
<arg>${sectionLink}</arg>
<doc>Click the element identified by ``locator``.</doc>
<status status="NOT RUN" starttime="20210912 22:22:46.708" endtime="20210912 22:22:46.708"/>
</kw>
<status status="NOT RUN" starttime="20210912 22:22:46.708" endtime="20210912 22:22:46.708"/>
</branch>
<branch type="ELSE">
<kw name="Set Variable" library="BuiltIn">
<var>${subsectionLink}</var>
<arg>${sectionLink}/following-sibling::ul//a[contains(text(),"${subsection}")]</arg>
<doc>Returns the given values which can then be assigned to a variables.</doc>
<msg timestamp="20210912 22:22:46.708" level="INFO">${subsectionLink} = xpath=//*[@id='navigation']//span[contains(text(),"About")]/../following-sibling::ul//a[contains(text(),"Get the App")]</msg>
<status status="PASS" starttime="20210912 22:22:46.708" endtime="20210912 22:22:46.708"/>
</kw>
<kw name="Wait Until Element Is Visible" library="SeleniumLibrary">
<arg>${sectionLink}</arg>
<doc>Waits until the element ``locator`` is visible.</doc>
<status status="PASS" starttime="20210912 22:22:46.708" endtime="20210912 22:22:46.721"/>
</kw>
<kw name="Mouse Over" library="SeleniumLibrary">
<arg>${sectionLink}</arg>
<doc>Simulates hovering the mouse over the element ``locator``.</doc>
<msg timestamp="20210912 22:22:46.721" level="INFO">Simulating Mouse Over on element 'xpath=//*[@id='navigation']//span[contains(text(),"About")]/..'.</msg>
<status status="PASS" starttime="20210912 22:22:46.721" endtime="20210912 22:22:47.004"/>
</kw>
<kw name="Wait Until Element Is Visible" library="SeleniumLibrary">
<arg>${subsectionLink}</arg>
<doc>Waits until the element ``locator`` is visible.</doc>
<status status="PASS" starttime="20210912 22:22:47.004" endtime="20210912 22:22:47.015"/>
</kw>
<kw name="Click Element" library="SeleniumLibrary">
<arg>${subsectionLink}</arg>
<doc>Click the element identified by ``locator``.</doc>
<msg timestamp="20210912 22:22:47.015" level="INFO">Clicking element 'xpath=//*[@id='navigation']//span[contains(text(),"About")]/../following-sibling::ul//a[contains(text(),"Get the App")]'.</msg>
<status status="PASS" starttime="20210912 22:22:47.015" endtime="20210912 22:22:47.035"/>
</kw>
<status status="PASS" starttime="20210912 22:22:46.708" endtime="20210912 22:22:47.035"/>
</branch>
<status status="PASS" starttime="20210912 22:22:46.707" endtime="20210912 22:22:47.035"/>
</if>
<status status="PASS" starttime="20210912 22:22:41.675" endtime="20210912 22:22:47.035"/>
</kw>
<kw name="Wait Until Location Is" library="SeleniumLibrary">
<arg>https://observer.globe.gov/about/get-the-app</arg>
<doc>Waits until the current URL is ``expected``.</doc>
<status status="PASS" starttime="20210912 22:22:47.035" endtime="20210912 22:22:47.037"/>
</kw>
<kw name="Click the &quot;Download on the App Store&quot; button">
<kw name="Wait Until Element Is Visible" library="SeleniumLibrary">
<arg>${GetTheApp_AppleAppStoreButton}</arg>
<doc>Waits until the element ``locator`` is visible.</doc>
<status status="PASS" starttime="20210912 22:22:47.037" endtime="20210912 22:22:47.047"/>
</kw>
<kw name="Click Element" library="SeleniumLibrary">
<arg>${GetTheApp_AppleAppStoreButton}</arg>
<doc>Click the element identified by ``locator``.</doc>
<msg timestamp="20210912 22:22:47.048" level="INFO">Clicking element 'xpath=//img[contains(@alt, 'Download on the App Store')]'.</msg>
<status status="PASS" starttime="20210912 22:22:47.047" endtime="20210912 22:22:48.969"/>
</kw>
<kw name="Wait Until Location Is" library="SeleniumLibrary">
<arg>https://apps.apple.com/us/app/globe-observer/id1090456751</arg>
<doc>Waits until the current URL is ``expected``.</doc>
<status status="PASS" starttime="20210912 22:22:48.969" endtime="20210912 22:22:48.971"/>
</kw>
<kw name="Go Back" library="SeleniumLibrary">
<doc>Simulates the user clicking the back button on their browser.</doc>
<status status="PASS" starttime="20210912 22:22:48.971" endtime="20210912 22:22:49.227"/>
</kw>
<status status="PASS" starttime="20210912 22:22:47.037" endtime="20210912 22:22:49.227"/>
</kw>
<kw name="Click the &quot;Get it on Google Play&quot; button">
<kw name="Wait Until Element Is Visible" library="SeleniumLibrary">
<arg>${GetTheApp_GooglePlayStoreButton}</arg>
<doc>Waits until the element ``locator`` is visible.</doc>
<status status="PASS" starttime="20210912 22:22:49.227" endtime="20210912 22:22:49.237"/>
</kw>
<kw name="Click Element" library="SeleniumLibrary">
<arg>${GetTheApp_GooglePlayStoreButton}</arg>
<doc>Click the element identified by ``locator``.</doc>
<msg timestamp="20210912 22:22:49.238" level="INFO">Clicking element 'xpath=//img[contains(@alt, 'Get it on Google Play')]'.</msg>
<status status="PASS" starttime="20210912 22:22:49.238" endtime="20210912 22:22:50.250"/>
</kw>
<kw name="Wait Until Location Is" library="SeleniumLibrary">
<arg>https://play.google.com/store/apps/details?id=gov.nasa.globe.observer&amp;hl=en&amp;pcampaignid=MKT-Other-global-all-co-prtnr-py-PartBadge-Mar2515-1</arg>
<doc>Waits until the current URL is ``expected``.</doc>
<status status="PASS" starttime="20210912 22:22:50.250" endtime="20210912 22:22:50.252"/>
</kw>
<kw name="Go Back" library="SeleniumLibrary">
<doc>Simulates the user clicking the back button on their browser.</doc>
<status status="PASS" starttime="20210912 22:22:50.252" endtime="20210912 22:22:52.742"/>
</kw>
<status status="PASS" starttime="20210912 22:22:49.227" endtime="20210912 22:22:52.742"/>
</kw>
<kw name="Each link in main page content should be valid">
<kw name="Wait Until Page Finishes Loading" library="Observer">
<kw name="Wait For Condition" library="SeleniumLibrary">
<arg>return window.document.readyState == 'complete'</arg>
<doc>Waits until ``condition`` is true or ``timeout`` expires.</doc>
<status status="PASS" starttime="20210912 22:22:52.743" endtime="20210912 22:22:52.746"/>
</kw>
<kw name="Sleep" library="BuiltIn">
<arg>5</arg>
<doc>Pauses the test executed for the given time.</doc>
<msg timestamp="20210912 22:22:57.760" level="INFO">Slept 5 seconds</msg>
<status status="PASS" starttime="20210912 22:22:52.746" endtime="20210912 22:22:57.760"/>
</kw>
<status status="PASS" starttime="20210912 22:22:52.743" endtime="20210912 22:22:57.760"/>
</kw>
<kw name="Get WebElements" library="SeleniumLibrary">
<var>${element_list}</var>
<arg>${BodyContent_Column1}//a[starts-with(@href, "http")]</arg>
<doc>Returns a list of WebElement objects matching the ``locator``.</doc>
<msg timestamp="20210912 22:22:57.767" level="INFO">${element_list} = [&lt;selenium.webdriver.remote.webelement.WebElement (session="b4a5e0feebcf63c38552df31440cc06a", element="5a3a302f-f6c3-4f3a-a2e1-09a394a07c50")&gt;, &lt;selenium.webdriver.remote.webelement.WebElement (sessi...</msg>
<status status="PASS" starttime="20210912 22:22:57.760" endtime="20210912 22:22:57.767"/>
</kw>
<kw name="Evaluate" library="BuiltIn">
<var>${href_list}</var>
<arg>[item.get_attribute('href') for item in $element_list]</arg>
<doc>Evaluates the given expression in Python and returns the result.</doc>
<msg timestamp="20210912 22:22:57.800" level="INFO">${href_list} = ['http://itunes.apple.com/us/app/globe-observer/id1090456751?mt=8', 'https://play.google.com/store/apps/details?id=gov.nasa.globe.observer&amp;hl=en&amp;pcampaignid=MKT-Other-global-all-co-prtnr-py-PartBadge-...</msg>
<status status="PASS" starttime="20210912 22:22:57.767" endtime="20210912 22:22:57.800"/>
</kw>
<for flavor="IN">
<var>${link}</var>
<value>@{href_list}</value>
<iter>
<var name="${link}">http://itunes.apple.com/us/app/globe-observer/id1090456751?mt=8</var>
<kw name="Strip String" library="String">
<var>${link}</var>
<arg>${link}</arg>
<arg>mode=right</arg>
<arg>characters=.</arg>
<doc>Remove leading and/or trailing whitespaces from the given string.</doc>
<msg timestamp="20210912 22:22:57.800" level="INFO">${link} = http://itunes.apple.com/us/app/globe-observer/id1090456751?mt=8</msg>
<status status="PASS" starttime="20210912 22:22:57.800" endtime="20210912 22:22:57.800"/>
</kw>
<kw name="Create Session" library="RequestsLibrary">
<arg>testLink</arg>
<arg>${link}</arg>
<arg>disable_warnings=1</arg>
<doc>Create Session: create a HTTP session to a server</doc>
<msg timestamp="20210912 22:22:57.800" level="INFO">Creating Session using : alias=testLink, url=http://itunes.apple.com/us/app/globe-observer/id1090456751?mt=8, headers={},                     cookies={}, auth=None, timeout=None, proxies=None, verify=False,                     debug=0 </msg>
<status status="PASS" starttime="20210912 22:22:57.800" endtime="20210912 22:22:57.801"/>
</kw>
<kw name="Run Keyword And Return Status" library="BuiltIn">
<var>${canConnect}</var>
<arg>GET On Session</arg>
<arg>testLink</arg>
<arg>${link}</arg>
<doc>Runs the given keyword with given arguments and returns the status as a Boolean value.</doc>
<kw name="Get On Session" library="RequestsLibrary">
<arg>testLink</arg>
<arg>${link}</arg>
<doc>Sends a GET request on a previously created HTTP Session.</doc>
<msg timestamp="20210912 22:22:58.058" level="INFO">GET Request : url=http://itunes.apple.com/us/app/globe-observer/id1090456751?mt=8 (redirected) 
 path_url=/us/app/globe-observer/id1090456751?mt=8 
 headers={'User-Agent': 'python-requests/2.26.0', 'Accept-Encoding': 'gzip, deflate', 'Accept': '*/*', 'Connection': 'keep-alive'} 
 body=None 
 </msg>
<msg timestamp="20210912 22:22:58.058" level="INFO">GET Response : url=https://apps.apple.com/us/app/globe-observer/id1090456751 
 status=200, reason=OK 
 headers={'Server': 'daiquiri/3.0.0', 'Content-Type': 'text/html; charset=UTF-8', 'Content-Length': '43172', 'x-apple-jingle-correlation-key': '3DV5OPD2MRFCAHKSXH2YOQI7WQ', 'x-apple-request-uuid': 'd8ebd73c-7a64-4a20-1d52-b9f587411fb4', 'x-apple-translated-wo-url': '/WebObjects/MZStore.woa/wa/viewSoftware?id=1090456751&amp;cc=us&amp;urlDesc=/globe-observer', 'apple-tk': 'false', 'x-b3-spanid': '8fe4c5692cac27d8', 'x-responding-instance': 'MZStore:2180115:::', 'b3': 'd8ebd73c7a644a201d52b9f587411fb4-8fe4c5692cac27d8', 'x-b3-traceid': 'd8ebd73c7a644a201d52b9f587411fb4', 'x-webobjects-loadaverage': '0', 'Last-Modified': 'Mon, 13 Sep 2021 05:10:17 GMT', 'apple-seq': '0.0', 'Access-Control-Allow-Origin': '*', 'apple-originating-system': 'MZStore', 'Content-Encoding': 'gzip', 'strict-transport-security': 'max-age=31536000; includeSubDomains', 'x-frame-options': 'SAMEORIGIN', 'x-apple-orig-url': 'https://apps.apple.com/us/app/globe-observer/id1090456751', 'x-apple-application-site': 'ST11', 'apple-timing-app': '1905 ms', 'x-apple-application-instance': '2180115', 'x-daiquiri-instance': 'daiquiri:47691001:st44p00it-hyhk16124001:7987:21RELEASE150:daiquiri-amp-store-shared-ext-003-st', 'Cache-Control': 'no-transform, max-age=85', 'Date': 'Mon, 13 Sep 2021 05:22:57 GMT', 'X-Cache': 'TCP_MEM_HIT from a184-27-140-79.deploy.akamaitechnologies.com (AkamaiGHost/10.4.4-34529956) (A)', 'X-True-Cache-Key': '/L/apps.apple.com/us/app/globe-observer/id1090456751 vcd=2897 ci2=///USERCOUNTRY=US', 'Connection': 'keep-alive', 'Vary': 'Accept-Encoding, X-Apple-Store-Front, Cookie, X-Apple-Store-Front, Cookie', 'Set-Cookie': 'geo=US; path=/; domain=.apple.com', 'X-Apple-Partner': 'origin.0'} 
 body=&lt;!DOCTYPE html&gt;
&lt;html prefix="og: http://ogp.me/ns#"  dir="ltr" lang="en-US"&gt;
  &lt;head&gt;
    &lt;meta charset="utf-8"&gt;
    &lt;meta http-equiv="X-UA-Compatible" content="IE=edge"&gt;
    &lt;meta name="viewport" content="width=device-width, initial-scale=1, viewport-fit=cover"&gt;
    &lt;meta name="applicable-device" content="pc,mobile" /&gt;

    &lt;script id="perfkit"&gt;window.initialPageRequestTime = +new Date();&lt;/script&gt;
    
&lt;meta name="web-experience-app/config/environment" content="%7B%22appVersion%22%3A1%2C%22modulePrefix%22%3A%22web-experience-app%22%2C%22environment%22%3A%22production%22%2C%22rootURL%22%3A%22%2F%22%2C%22locationType%22%3A%22history-hash-router-scroll%22%2C%22historySupportMiddleware%22%3Atrue%2C%22contentSecurityPolicyMeta%22%3Atrue%2C%22contentSecurityPolicy%22%3A%7B%22default-src%22%3A%5B%22'none'%22%5D%2C%22img-src%22%3A%5B%22'self'%22%2C%22http%3A%2F%2F*.mzstatic.com%22%2C%22*.mzstatic.com%22%2C%22*.apple.com%22%2C%22*.googleusercontent.com%22%2C%22data%3A%22%5D%2C%22style-src%22%3A%5B%22'self'%22%2C%22'unsafe-inline'%22%2C%22*.apple.com%22%5D%2C%22font-src%22%3A%5B%22'self'%22%2C%22http%3A%2F%2F*.apple.com%22%2C%22https%3A%2F%2F*.apple.com%22%5D%2C%22media-src%22%3A%5B%22'self'%22%2C%22blob%3A%22%2C%22http%3A%2F%2F*%22%2C%22https%3A%2F%2F*%22%5D%2C%22connect-src%22%3A%5B%22'self'%22%2C%22*.apple.com%22%2C%22https%3A%2F%2F*.mzstatic.com%22%2C%22*.mzstatic.com%22%5D%2C%22script-src%22%3A%5B%22'self'%22%2C%22'unsafe-inline'%22%2C%22'unsafe-eval'%22%2C%22*.apple.com%22%2C%22'sha256-4ywTGAe4rEpoHt8XkjbkdOWklMJ%2F1Py%2Fx6b3%2FaGbtSQ%3D'%22%5D%2C%22frame-src%22%3A%5B%22'self'%22%2C%22*.apple.com%22%2C%22itmss%3A%22%2C%22itms-appss%3A%22%2C%22itms-bookss%3A%22%2C%22itms-itunesus%3A%22%2C%22itms-messagess%3A%22%2C%22itms-podcasts%3A%22%2C%22itms-watchs%3A%22%2C%22macappstores%3A%22%2C%22musics%3A%22%2C%22apple-musics%3A%22%2C%22podcasts%3A%22%2C%22videos%3A%22%5D%7D%2C%22EmberENV%22%3A%7B%22FEATURES%22%3A%7B%7D%2C%22EXTEND_PROTOTYPES%22%3A%7B%22Date%22%3Afalse%7D%2C%22_APPLICATION_TEMPLATE_WRAPPER%22%3Afalse%2C%22_DEFAULT_ASYNC_OBSERVERS%22%3Afalse%2C%22_JQUERY_INTEGRATION%22%3Afalse%2C%22_TEMPLATE_ONLY_GLIMMER_COMPONENTS%22%3Atrue%7D%2C%22APP%22%3A%7B%22PROGRESS_BAR_DELAY%22%3A3000%2C%22CLOCK_INTERVAL%22%3A1000%2C%22buildVariant%22%3A%22default%22%2C%22FASTBOOT_V2%22%3Afalse%2C%22name%22%3A%22web-experience-app%22%2C%22version%22%3A%222136.4.0%2B02c8582e%22%7D%2C%22MEDIA_API%22%3A%7B%22token%22%3A%22eyJhbGciOiJFUzI1NiIsInR5cCI6IkpXVCIsImtpZCI6IlU4UlRZVjVaRFMifQ.eyJpc3MiOiI3TktaMlZQNDhaIiwiaWF0IjoxNjMwNTA1OTgxLCJleHAiOjE2Mzc3NjM1ODF9.q0QFer9hVXMm2HaZJr_kOPtVR3QmEeB2kVvaav9Ysm9PwHmU0nEqnTFlKRESptWaM-QxCqSIKDonr_Iqd5xvoQ%22%7D%2C%22i18n%22%3A%7B%22defaultLocale%22%3A%22en-gb%22%2C%22useDevLoc%22%3Afalse%2C%22pathToLocales%22%3A%22dist%2Flocales%22%7D%2C%22API%22%3A%7B%22AppHost%22%3A%22https%3A%2F%2Famp-api.apps.apple.com%22%2C%22AppEventHost%22%3A%22https%3A%2F%2Fapi-edge.apps.apple.com%22%2C%22MZStore%22%3A%22https%3A%2F%2Fitunes.apple.com%22%2C%22PodcastHost%22%3A%22https%3A%2F%2Famp-api.podcasts.apple.com%22%2C%22StorePlatform%22%3A%22https%3A%2F%2Fuclient-api.itunes.apple.com%2FWebObjects%2FMZStorePlatform.woa%2Fwa%22%2C%22BookHost%22%3A%22https%3A%2F%2Famp-api.books.apple.com%22%2C%22globalElementsPath%22%3A%22%2Fglobal-elements%22%2C%22videoLocalizationPath%22%3A%22%2Fglobal%2Fac_media_player%2Fscripts%2Fac_media_languages%2F%22%2C%22appleAppsDomain%22%3A%22apps.apple.com%22%2C%22applePodcastsDomain%22%3A%22podcasts.apple.com%22%2C%22appleBooksDomain%22%3A%22books.apple.com%22%2C%22appleMusicDomain%22%3A%22music.apple.com%22%2C%22obcMetadataBaseUrl%22%3A%22%2Fapi%2Fbooks-metadata%22%7D%2C%22fastboot%22%3A%7B%22hostWhitelist%22%3A%5B%7B%7D%5D%7D%2C%22ember-a11y-testing%22%3A%7B%22componentOptions%22%3A%7B%22turnAuditOff%22%3Atrue%2C%22axeOptions%22%3A%7B%22rules%22%3A%7B%22color-contrast%22%3A%7B%22enabled%22%3Afalse%7D%7D%7D%7D%7D%2C%22ember-short-number%22%3A%7B%22locales%22%3A%5B%22ar-dz%22%2C%22ar-bh%22%2C%22ar-eg%22%2C%22ar-iq%22%2C%22ar-jo%22%2C%22ar-kw%22%2C%22ar-lb%22%2C%22ar-ly%22%2C%22ar-ma%22%2C%22ar-om%22%2C%22ar-qa%22%2C%22ar-sa%22%2C%22ar-sd%22%2C%22ar-sy%22%2C%22ar-tn%22%2C%22ar-ae%22%2C%22ar-ye%22%2C%22he-il%22%2C%22iw-il%22%2C%22ca-es%22%2C%22cs-cz%22%2C%22da-dk%22%2C%22de-ch%22%2C%22de-de%22%2C%22el-gr%22%2C%22en-au%22%2C%22en-ca%22%2C%22en-gb%22%2C%22en-us%22%2C%22es-419%22%2C%22es-es%22%2C%22es-mx%22%2C%22es-xl%22%2C%22et-ee%22%2C%22fi-fi%22%2C%22fr-ca%22%2C%22fr-fr%22%2C%22hi-in%22%2C%22hr-hr%22%2C%22hu-hu%22%2C%22id-id%22%2C%22is-is%22%2C%22it-it%22%2C%22iw-il%22%2C%22ja-jp%22%2C%22ko-kr%22%2C%22lt-lt%22%2C%22lv-lv%22%2C%22ms-my%22%2C%22nl-nl%22%2C%22no-no%22%2C%22no-nb%22%2C%22nb-no%22%2C%22pl-pl%22%2C%22pt-br%22%2C%22pt-pt%22%2C%22ro-ro%22%2C%22ru-ru%22%2C%22sk-sk%22%2C%22sv-se%22%2C%22th-th%22%2C%22tr-tr%22%2C%22uk-ua%22%2C%22vi-vi%22%2C%22vi-vn%22%2C%22zh-cn%22%2C%22zh-hans%22%2C%22zh-hant%22%2C%22zh-hk%22%2C%22zh-tw%22%2C%22ar%22%2C%22ca%22%2C%22cs%22%2C%22da%22%2C%22de%22%2C%22el%22%2C%22en%22%2C%22es%22%2C%22fi%22%2C%22fr%22%2C%22he%22%2C%22hi%22%2C%22hr%22%2C%22hu%22%2C%22id%22%2C%22is%22%2C%22it%22%2C%22ja%22%2C%22ko%22%2C%22lt%22%2C%22lv%22%2C%22ms%22%2C%22nb%22%2C%22nl%22%2C%22no%22%2C%22pl%22%2C%22pt%22%2C%22ro%22%2C%22ru%22%2C%22sk%22%2C%22sv%22%2C%22th%22%2C%22tr%22%2C%22uk%22%2C%22vi%22%2C%22zh%22%5D%7D%2C%22BREAKPOINTS%22%3A%7B%22large%22%3A%7B%22min%22%3A1069%2C%22max%22%3A1440%2C%22content%22%3A980%7D%2C%22medium%22%3A%7B%22min%22%3A735%2C%22max%22%3A1068%2C%22content%22%3A692%7D%2C%22small%22%3A%7B%22min%22%3A320%2C%22max%22%3A734%2C%22content%22%3A280%7D%7D%2C%22METRICS%22%3A%7B%22variant%22%3A%22web%22%2C%22baseFields%22%3A%7B%22appName%22%3A%22web-experience-app%22%2C%22constraintProfiles%22%3A%5B%22AMPWeb%22%5D%7D%2C%22clickstream%22%3A%7B%22enabled%22%3Atrue%2C%22topic%22%3A%5B%22xp_amp_web_exp%22%5D%2C%22autoTrackClicks%22%3Atrue%7D%2C%22performance%22%3A%7B%22enabled%22%3Afalse%7D%7D%2C%22MEDIA_SHELF%22%3A%7B%22GRID_CONFIG%22%3A%7B%22books-brick-row%22%3A%7B%22small%22%3A1%2C%22medium%22%3A2%2C%22large%22%3A3%7D%7D%2C%22BREAKPOINTS%22%3A%7B%22large%22%3A%7B%22min%22%3A1069%2C%22max%22%3A1440%2C%22content%22%3A980%7D%2C%22medium%22%3A%7B%22min%22%3A735%2C%22max%22%3A1068%2C%22content%22%3A692%7D%2C%22small%22%3A%7B%22min%22%3A320%2C%22max%22%3A734%2C%22content%22%3A280%7D%7D%7D%2C%22SASSKIT_GENERATOR%22%3A%7B%22VIEWPORT_CONFIG%22%3A%7B%22BREAKPOINTS%22%3A%7B%22large%22%3A%7B%22min%22%3A1069%2C%22max%22%3A1440%2C%22content%22%3A980%7D%2C%22medium%22%3A%7B%22min%22%3A735%2C%22max%22%3A1068%2C%22content%22%3A692%7D%2C%22small%22%3A%7B%22min%22%3A320%2C%22max%22%3A734%2C%22content%22%3A280%7D%7D%7D%7D%2C%22features%22%3A%7B%22DEFAULT%22%3Atrue%2C%22TV%22%3Atrue%2C%22PODCASTS%22%3Afalse%2C%22BOOKS%22%3Atrue%2C%22APPS%22%3Atrue%2C%22ARTISTS%22%3Atrue%2C%22DEEPLINK_ROUTE%22%3Atrue%2C%22FEATURE_B%22%3Afalse%2C%22EMBER_DATA%22%3Atrue%2C%22CHARTS%22%3Afalse%7D%2C%22globalElements%22%3A%7B%22WEA_ROOT_ELEMENT_HANDLING%22%3Atrue%7D%2C%22contentSecurityPolicyHeader%22%3A%22Content-Security-Policy-Report-Only%22%2C%22exportApplicationGlobal%22%3Afalse%7D" /&gt;
&lt;meta http-equiv="Content-Security-Policy" content="default-src 'none'; img-src 'self' http://*.mzstatic.com *.mzstatic.com *.apple.com *.googleusercontent.com data:; style-src 'self' 'unsafe-inline' *.apple.com; font-src 'self' http://*.apple.com https://*.apple.com; media-src 'self' blob: http://* https://*; connect-src 'self' *.apple.com https://*.mzstatic.com *.mzstatic.com; script-src 'self' 'unsafe-inline' 'unsafe-eval' *.apple.com 'sha256-4ywTGAe4rEpoHt8XkjbkdOWklMJ/1Py/x6b3/aGbtSQ='; frame-src 'self' *.apple.com itmss: itms-appss: itms-bookss: itms-itunesus: itms-messagess: itms-podcasts: itms-watchs: macappstores: musics: apple-musics: podcasts: videos:; "&gt;
&lt;!-- EMBER_CLI_FASTBOOT_TITLE --&gt;&lt;link rel="stylesheet" name="fonts" href="//www.apple.com/wss/fonts?families=SF+Pro,v2|SF+Pro+Icons,v1|SF+Pro+Rounded,v1|New+York+Small,v1|New+York+Medium,v1" as="style" onload="undefined"&gt;  &lt;meta name="ember-cli-head-start" content&gt;
&lt;title&gt;‎GLOBE Observer on the App Store&lt;/title&gt;
&lt;link rel="canonical" href="https://apps.apple.com/us/app/globe-observer/id1090456751"&gt;
  &lt;meta id="ember40133488" name="description" content="‎Read reviews, compare customer ratings, see screenshots, and learn more about GLOBE Observer. Download GLOBE Observer and enjoy it on your iPhone, iPad, and iPod touch." class="ember-view"&gt;

  &lt;meta id="ember40133489" name="keywords" content="GLOBE Observer, NASA, Education, ios apps, app, appstore, app store, iphone, ipad, ipod touch, itouch, itunes" class="ember-view"&gt;

  &lt;meta id="ember40133490" property="og:title" content="‎GLOBE Observer" class="ember-view"&gt;

  &lt;meta id="ember40133491" property="og:description" content="‎GLOBE Observer invites you to make observations of the Earth around you. Observations you collect and submit with this app are designed to help scientists better understand satellite data collected by NASA from space. 

The current version includes four capabilities. GLOBE Clouds allows observers…" class="ember-view"&gt;

  &lt;meta id="ember40133492" property="og:site_name" content="App Store" class="ember-view"&gt;

  &lt;meta id="ember40133493" property="og:url" content="https://apps.apple.com/us/app/globe-observer/id1090456751" class="ember-view"&gt;

  &lt;meta id="ember40133494" property="og:image" content="https://is4-ssl.mzstatic.com/image/thumb/Purple123/v4/92/4b/d9/924bd907-d991-c61e-30e9-502c7b6eb57b/AppIcon-1-0-1x_U007emarketing-0-85-220-7.png/1200x630wa.png" class="ember-view"&gt;

  &lt;meta id="ember40133495" property="og:image:alt" content="GLOBE Observer on the App Store" class="ember-view"&gt;

  &lt;meta id="ember40133496" property="og:image:secure_url" content="https://is4-ssl.mzstatic.com/image/thumb/Purple123/v4/92/4b/d9/924bd907-d991-c61e-30e9-502c7b6eb57b/AppIcon-1-0-1x_U007emarketing-0-85-220-7.png/1200x630wa.png" class="ember-view"&gt;

  &lt;meta id="ember40133497" property="og:image:type" conten... (set the log level to DEBUG or TRACE to see the full content) 
 </msg>
<status status="PASS" starttime="20210912 22:22:57.801" endtime="20210912 22:22:58.059"/>
</kw>
<msg timestamp="20210912 22:22:58.059" level="INFO">${canConnect} = True</msg>
<status status="PASS" starttime="20210912 22:22:57.801" endtime="20210912 22:22:58.059"/>
</kw>
<if>
<branch type="IF" condition="${canConnect}">
<kw name="Get On Session" library="RequestsLibrary">
<var>${response}</var>
<arg>testLink</arg>
<arg>${link}</arg>
<doc>Sends a GET request on a previously created HTTP Session.</doc>
<msg timestamp="20210912 22:22:58.155" level="INFO">GET Request : url=http://itunes.apple.com/us/app/globe-observer/id1090456751?mt=8 (redirected) 
 path_url=/us/app/globe-observer/id1090456751?mt=8 
 headers={'User-Agent': 'python-requests/2.26.0', 'Accept-Encoding': 'gzip, deflate', 'Accept': '*/*', 'Connection': 'keep-alive', 'Cookie': 'geo=US'} 
 body=None 
 </msg>
<msg timestamp="20210912 22:22:58.156" level="INFO">GET Response : url=https://apps.apple.com/us/app/globe-observer/id1090456751 
 status=200, reason=OK 
 headers={'Server': 'daiquiri/3.0.0', 'Content-Type': 'text/html; charset=UTF-8', 'Content-Length': '43150', 'x-apple-jingle-correlation-key': 'SRTA6PYGUTNWE7QAFKA7J5NHIE', 'x-apple-request-uuid': '94660f3f-06a4-db62-7e00-2a81f4f5a741', 'x-apple-translated-wo-url': '/WebObjects/MZStore.woa/wa/viewSoftware?id=1090456751&amp;cc=us&amp;urlDesc=/globe-observer', 'apple-tk': 'false', 'x-b3-spanid': '5a05762811d41682', 'x-responding-instance': 'MZStore:2179613:::', 'b3': '94660f3f06a4db627e002a81f4f5a741-5a05762811d41682', 'x-b3-traceid': '94660f3f06a4db627e002a81f4f5a741', 'x-webobjects-loadaverage': '0', 'Last-Modified': 'Mon, 13 Sep 2021 05:10:18 GMT', 'apple-seq': '0.0', 'Access-Control-Allow-Origin': '*', 'apple-originating-system': 'MZStore', 'Content-Encoding': 'gzip', 'strict-transport-security': 'max-age=31536000; includeSubDomains', 'x-frame-options': 'SAMEORIGIN', 'x-apple-orig-url': 'https://apps.apple.com/us/app/globe-observer/id1090456751', 'x-apple-application-site': 'ST11', 'apple-timing-app': '957 ms', 'x-apple-application-instance': '2179613', 'x-daiquiri-instance': 'daiquiri:44904002:st44p00it-hyhk16054901:7987:21RELEASE150:daiquiri-amp-store-shared-ext-004-st', 'Cache-Control': 'no-transform, max-age=142', 'Date': 'Mon, 13 Sep 2021 05:22:57 GMT', 'X-Cache': 'TCP_MEM_HIT from a184-27-140-79.deploy.akamaitechnologies.com (AkamaiGHost/10.4.4-34529956) (-)', 'X-True-Cache-Key': '/L/apps.apple.com/us/app/globe-observer/id1090456751 vcd=2897 ci2=///', 'Connection': 'keep-alive', 'Vary': 'Accept-Encoding, X-Apple-Store-Front, Cookie, X-Apple-Store-Front, Cookie', 'X-Apple-Partner': 'origin.0'} 
 body=&lt;!DOCTYPE html&gt;
&lt;html prefix="og: http://ogp.me/ns#"  dir="ltr" lang="en-US"&gt;
  &lt;head&gt;
    &lt;meta charset="utf-8"&gt;
    &lt;meta http-equiv="X-UA-Compatible" content="IE=edge"&gt;
    &lt;meta name="viewport" content="width=device-width, initial-scale=1, viewport-fit=cover"&gt;
    &lt;meta name="applicable-device" content="pc,mobile" /&gt;

    &lt;script id="perfkit"&gt;window.initialPageRequestTime = +new Date();&lt;/script&gt;
    
&lt;meta name="web-experience-app/config/environment" content="%7B%22appVersion%22%3A1%2C%22modulePrefix%22%3A%22web-experience-app%22%2C%22environment%22%3A%22production%22%2C%22rootURL%22%3A%22%2F%22%2C%22locationType%22%3A%22history-hash-router-scroll%22%2C%22historySupportMiddleware%22%3Atrue%2C%22contentSecurityPolicyMeta%22%3Atrue%2C%22contentSecurityPolicy%22%3A%7B%22default-src%22%3A%5B%22'none'%22%5D%2C%22img-src%22%3A%5B%22'self'%22%2C%22http%3A%2F%2F*.mzstatic.com%22%2C%22*.mzstatic.com%22%2C%22*.apple.com%22%2C%22*.googleusercontent.com%22%2C%22data%3A%22%5D%2C%22style-src%22%3A%5B%22'self'%22%2C%22'unsafe-inline'%22%2C%22*.apple.com%22%5D%2C%22font-src%22%3A%5B%22'self'%22%2C%22http%3A%2F%2F*.apple.com%22%2C%22https%3A%2F%2F*.apple.com%22%5D%2C%22media-src%22%3A%5B%22'self'%22%2C%22blob%3A%22%2C%22http%3A%2F%2F*%22%2C%22https%3A%2F%2F*%22%5D%2C%22connect-src%22%3A%5B%22'self'%22%2C%22*.apple.com%22%2C%22https%3A%2F%2F*.mzstatic.com%22%2C%22*.mzstatic.com%22%5D%2C%22script-src%22%3A%5B%22'self'%22%2C%22'unsafe-inline'%22%2C%22'unsafe-eval'%22%2C%22*.apple.com%22%2C%22'sha256-4ywTGAe4rEpoHt8XkjbkdOWklMJ%2F1Py%2Fx6b3%2FaGbtSQ%3D'%22%5D%2C%22frame-src%22%3A%5B%22'self'%22%2C%22*.apple.com%22%2C%22itmss%3A%22%2C%22itms-appss%3A%22%2C%22itms-bookss%3A%22%2C%22itms-itunesus%3A%22%2C%22itms-messagess%3A%22%2C%22itms-podcasts%3A%22%2C%22itms-watchs%3A%22%2C%22macappstores%3A%22%2C%22musics%3A%22%2C%22apple-musics%3A%22%2C%22podcasts%3A%22%2C%22videos%3A%22%5D%7D%2C%22EmberENV%22%3A%7B%22FEATURES%22%3A%7B%7D%2C%22EXTEND_PROTOTYPES%22%3A%7B%22Date%22%3Afalse%7D%2C%22_APPLICATION_TEMPLATE_WRAPPER%22%3Afalse%2C%22_DEFAULT_ASYNC_OBSERVERS%22%3Afalse%2C%22_JQUERY_INTEGRATION%22%3Afalse%2C%22_TEMPLATE_ONLY_GLIMMER_COMPONENTS%22%3Atrue%7D%2C%22APP%22%3A%7B%22PROGRESS_BAR_DELAY%22%3A3000%2C%22CLOCK_INTERVAL%22%3A1000%2C%22buildVariant%22%3A%22default%22%2C%22FASTBOOT_V2%22%3Afalse%2C%22name%22%3A%22web-experience-app%22%2C%22version%22%3A%222136.4.0%2B02c8582e%22%7D%2C%22MEDIA_API%22%3A%7B%22token%22%3A%22eyJhbGciOiJFUzI1NiIsInR5cCI6IkpXVCIsImtpZCI6IlU4UlRZVjVaRFMifQ.eyJpc3MiOiI3TktaMlZQNDhaIiwiaWF0IjoxNjMwNTA1OTgxLCJleHAiOjE2Mzc3NjM1ODF9.q0QFer9hVXMm2HaZJr_kOPtVR3QmEeB2kVvaav9Ysm9PwHmU0nEqnTFlKRESptWaM-QxCqSIKDonr_Iqd5xvoQ%22%7D%2C%22i18n%22%3A%7B%22defaultLocale%22%3A%22en-gb%22%2C%22useDevLoc%22%3Afalse%2C%22pathToLocales%22%3A%22dist%2Flocales%22%7D%2C%22API%22%3A%7B%22AppHost%22%3A%22https%3A%2F%2Famp-api.apps.apple.com%22%2C%22AppEventHost%22%3A%22https%3A%2F%2Fapi-edge.apps.apple.com%22%2C%22MZStore%22%3A%22https%3A%2F%2Fitunes.apple.com%22%2C%22PodcastHost%22%3A%22https%3A%2F%2Famp-api.podcasts.apple.com%22%2C%22StorePlatform%22%3A%22https%3A%2F%2Fuclient-api.itunes.apple.com%2FWebObjects%2FMZStorePlatform.woa%2Fwa%22%2C%22BookHost%22%3A%22https%3A%2F%2Famp-api.books.apple.com%22%2C%22globalElementsPath%22%3A%22%2Fglobal-elements%22%2C%22videoLocalizationPath%22%3A%22%2Fglobal%2Fac_media_player%2Fscripts%2Fac_media_languages%2F%22%2C%22appleAppsDomain%22%3A%22apps.apple.com%22%2C%22applePodcastsDomain%22%3A%22podcasts.apple.com%22%2C%22appleBooksDomain%22%3A%22books.apple.com%22%2C%22appleMusicDomain%22%3A%22music.apple.com%22%2C%22obcMetadataBaseUrl%22%3A%22%2Fapi%2Fbooks-metadata%22%7D%2C%22fastboot%22%3A%7B%22hostWhitelist%22%3A%5B%7B%7D%5D%7D%2C%22ember-a11y-testing%22%3A%7B%22componentOptions%22%3A%7B%22turnAuditOff%22%3Atrue%2C%22axeOptions%22%3A%7B%22rules%22%3A%7B%22color-contrast%22%3A%7B%22enabled%22%3Afalse%7D%7D%7D%7D%7D%2C%22ember-short-number%22%3A%7B%22locales%22%3A%5B%22ar-dz%22%2C%22ar-bh%22%2C%22ar-eg%22%2C%22ar-iq%22%2C%22ar-jo%22%2C%22ar-kw%22%2C%22ar-lb%22%2C%22ar-ly%22%2C%22ar-ma%22%2C%22ar-om%22%2C%22ar-qa%22%2C%22ar-sa%22%2C%22ar-sd%22%2C%22ar-sy%22%2C%22ar-tn%22%2C%22ar-ae%22%2C%22ar-ye%22%2C%22he-il%22%2C%22iw-il%22%2C%22ca-es%22%2C%22cs-cz%22%2C%22da-dk%22%2C%22de-ch%22%2C%22de-de%22%2C%22el-gr%22%2C%22en-au%22%2C%22en-ca%22%2C%22en-gb%22%2C%22en-us%22%2C%22es-419%22%2C%22es-es%22%2C%22es-mx%22%2C%22es-xl%22%2C%22et-ee%22%2C%22fi-fi%22%2C%22fr-ca%22%2C%22fr-fr%22%2C%22hi-in%22%2C%22hr-hr%22%2C%22hu-hu%22%2C%22id-id%22%2C%22is-is%22%2C%22it-it%22%2C%22iw-il%22%2C%22ja-jp%22%2C%22ko-kr%22%2C%22lt-lt%22%2C%22lv-lv%22%2C%22ms-my%22%2C%22nl-nl%22%2C%22no-no%22%2C%22no-nb%22%2C%22nb-no%22%2C%22pl-pl%22%2C%22pt-br%22%2C%22pt-pt%22%2C%22ro-ro%22%2C%22ru-ru%22%2C%22sk-sk%22%2C%22sv-se%22%2C%22th-th%22%2C%22tr-tr%22%2C%22uk-ua%22%2C%22vi-vi%22%2C%22vi-vn%22%2C%22zh-cn%22%2C%22zh-hans%22%2C%22zh-hant%22%2C%22zh-hk%22%2C%22zh-tw%22%2C%22ar%22%2C%22ca%22%2C%22cs%22%2C%22da%22%2C%22de%22%2C%22el%22%2C%22en%22%2C%22es%22%2C%22fi%22%2C%22fr%22%2C%22he%22%2C%22hi%22%2C%22hr%22%2C%22hu%22%2C%22id%22%2C%22is%22%2C%22it%22%2C%22ja%22%2C%22ko%22%2C%22lt%22%2C%22lv%22%2C%22ms%22%2C%22nb%22%2C%22nl%22%2C%22no%22%2C%22pl%22%2C%22pt%22%2C%22ro%22%2C%22ru%22%2C%22sk%22%2C%22sv%22%2C%22th%22%2C%22tr%22%2C%22uk%22%2C%22vi%22%2C%22zh%22%5D%7D%2C%22BREAKPOINTS%22%3A%7B%22large%22%3A%7B%22min%22%3A1069%2C%22max%22%3A1440%2C%22content%22%3A980%7D%2C%22medium%22%3A%7B%22min%22%3A735%2C%22max%22%3A1068%2C%22content%22%3A692%7D%2C%22small%22%3A%7B%22min%22%3A320%2C%22max%22%3A734%2C%22content%22%3A280%7D%7D%2C%22METRICS%22%3A%7B%22variant%22%3A%22web%22%2C%22baseFields%22%3A%7B%22appName%22%3A%22web-experience-app%22%2C%22constraintProfiles%22%3A%5B%22AMPWeb%22%5D%7D%2C%22clickstream%22%3A%7B%22enabled%22%3Atrue%2C%22topic%22%3A%5B%22xp_amp_web_exp%22%5D%2C%22autoTrackClicks%22%3Atrue%7D%2C%22performance%22%3A%7B%22enabled%22%3Afalse%7D%7D%2C%22MEDIA_SHELF%22%3A%7B%22GRID_CONFIG%22%3A%7B%22books-brick-row%22%3A%7B%22small%22%3A1%2C%22medium%22%3A2%2C%22large%22%3A3%7D%7D%2C%22BREAKPOINTS%22%3A%7B%22large%22%3A%7B%22min%22%3A1069%2C%22max%22%3A1440%2C%22content%22%3A980%7D%2C%22medium%22%3A%7B%22min%22%3A735%2C%22max%22%3A1068%2C%22content%22%3A692%7D%2C%22small%22%3A%7B%22min%22%3A320%2C%22max%22%3A734%2C%22content%22%3A280%7D%7D%7D%2C%22SASSKIT_GENERATOR%22%3A%7B%22VIEWPORT_CONFIG%22%3A%7B%22BREAKPOINTS%22%3A%7B%22large%22%3A%7B%22min%22%3A1069%2C%22max%22%3A1440%2C%22content%22%3A980%7D%2C%22medium%22%3A%7B%22min%22%3A735%2C%22max%22%3A1068%2C%22content%22%3A692%7D%2C%22small%22%3A%7B%22min%22%3A320%2C%22max%22%3A734%2C%22content%22%3A280%7D%7D%7D%7D%2C%22features%22%3A%7B%22DEFAULT%22%3Atrue%2C%22TV%22%3Atrue%2C%22PODCASTS%22%3Afalse%2C%22BOOKS%22%3Atrue%2C%22APPS%22%3Atrue%2C%22ARTISTS%22%3Atrue%2C%22DEEPLINK_ROUTE%22%3Atrue%2C%22FEATURE_B%22%3Afalse%2C%22EMBER_DATA%22%3Atrue%2C%22CHARTS%22%3Afalse%7D%2C%22globalElements%22%3A%7B%22WEA_ROOT_ELEMENT_HANDLING%22%3Atrue%7D%2C%22contentSecurityPolicyHeader%22%3A%22Content-Security-Policy-Report-Only%22%2C%22exportApplicationGlobal%22%3Afalse%7D" /&gt;
&lt;meta http-equiv="Content-Security-Policy" content="default-src 'none'; img-src 'self' http://*.mzstatic.com *.mzstatic.com *.apple.com *.googleusercontent.com data:; style-src 'self' 'unsafe-inline' *.apple.com; font-src 'self' http://*.apple.com https://*.apple.com; media-src 'self' blob: http://* https://*; connect-src 'self' *.apple.com https://*.mzstatic.com *.mzstatic.com; script-src 'self' 'unsafe-inline' 'unsafe-eval' *.apple.com 'sha256-4ywTGAe4rEpoHt8XkjbkdOWklMJ/1Py/x6b3/aGbtSQ='; frame-src 'self' *.apple.com itmss: itms-appss: itms-bookss: itms-itunesus: itms-messagess: itms-podcasts: itms-watchs: macappstores: musics: apple-musics: podcasts: videos:; "&gt;
&lt;!-- EMBER_CLI_FASTBOOT_TITLE --&gt;&lt;link rel="stylesheet" name="fonts" href="//www.apple.com/wss/fonts?families=SF+Pro,v2|SF+Pro+Icons,v1|SF+Pro+Rounded,v1|New+York+Small,v1|New+York+Medium,v1" as="style" onload="undefined"&gt;  &lt;meta name="ember-cli-head-start" content&gt;
&lt;title&gt;‎GLOBE Observer on the App Store&lt;/title&gt;
&lt;link rel="canonical" href="https://apps.apple.com/us/app/globe-observer/id1090456751"&gt;
  &lt;meta id="ember8804951" name="description" content="‎Read reviews, compare customer ratings, see screenshots, and learn more about GLOBE Observer. Download GLOBE Observer and enjoy it on your iPhone, iPad, and iPod touch." class="ember-view"&gt;

  &lt;meta id="ember8804952" name="keywords" content="GLOBE Observer, NASA, Education, ios apps, app, appstore, app store, iphone, ipad, ipod touch, itouch, itunes" class="ember-view"&gt;

  &lt;meta id="ember8804953" property="og:title" content="‎GLOBE Observer" class="ember-view"&gt;

  &lt;meta id="ember8804954" property="og:description" content="‎GLOBE Observer invites you to make observations of the Earth around you. Observations you collect and submit with this app are designed to help scientists better understand satellite data collected by NASA from space. 

The current version includes four capabilities. GLOBE Clouds allows observers…" class="ember-view"&gt;

  &lt;meta id="ember8804955" property="og:site_name" content="App Store" class="ember-view"&gt;

  &lt;meta id="ember8804956" property="og:url" content="https://apps.apple.com/us/app/globe-observer/id1090456751" class="ember-view"&gt;

  &lt;meta id="ember8804957" property="og:image" content="https://is4-ssl.mzstatic.com/image/thumb/Purple123/v4/92/4b/d9/924bd907-d991-c61e-30e9-502c7b6eb57b/AppIcon-1-0-1x_U007emarketing-0-85-220-7.png/1200x630wa.png" class="ember-view"&gt;

  &lt;meta id="ember8804958" property="og:image:alt" content="GLOBE Observer on the App Store" class="ember-view"&gt;

  &lt;meta id="ember8804959" property="og:image:secure_url" content="https://is4-ssl.mzstatic.com/image/thumb/Purple123/v4/92/4b/d9/924bd907-d991-c61e-30e9-502c7b6eb57b/AppIcon-1-0-1x_U007emarketing-0-85-220-7.png/1200x630wa.png" class="ember-view"&gt;

  &lt;meta id="ember8804960" property="og:image:type" content="image/p... (set the log level to DEBUG or TRACE to see the full content) 
 </msg>
<msg timestamp="20210912 22:22:58.156" level="INFO">${response} = &lt;Response [200]&gt;</msg>
<status status="PASS" starttime="20210912 22:22:58.059" endtime="20210912 22:22:58.156"/>
</kw>
<if>
<branch type="IF" condition="${response.status_code}!=200">
<kw name="Fail" library="BuiltIn">
<arg>Failed Status Code ${response.status_code} with link: ${link}</arg>
<doc>Fails the test with the given message and optionally alters its tags.</doc>
<status status="NOT RUN" starttime="20210912 22:22:58.157" endtime="20210912 22:22:58.157"/>
</kw>
<status status="NOT RUN" starttime="20210912 22:22:58.157" endtime="20210912 22:22:58.157"/>
</branch>
<status status="PASS" starttime="20210912 22:22:58.156" endtime="20210912 22:22:58.157"/>
</if>
<status status="PASS" starttime="20210912 22:22:58.059" endtime="20210912 22:22:58.157"/>
</branch>
<branch type="ELSE">
<kw name="Fail" library="BuiltIn">
<arg>Failed To Connect to link: ${link}</arg>
<doc>Fails the test with the given message and optionally alters its tags.</doc>
<status status="NOT RUN" starttime="20210912 22:22:58.157" endtime="20210912 22:22:58.157"/>
</kw>
<status status="NOT RUN" starttime="20210912 22:22:58.157" endtime="20210912 22:22:58.157"/>
</branch>
<status status="PASS" starttime="20210912 22:22:58.059" endtime="20210912 22:22:58.157"/>
</if>
<status status="PASS" starttime="20210912 22:22:57.800" endtime="20210912 22:22:58.157"/>
</iter>
<iter>
<var name="${link}">https://play.google.com/store/apps/details?id=gov.nasa.globe.observer&amp;hl=en&amp;pcampaignid=MKT-Other-global-all-co-prtnr-py-PartBadge-Mar2515-1</var>
<kw name="Strip String" library="String">
<var>${link}</var>
<arg>${link}</arg>
<arg>mode=right</arg>
<arg>characters=.</arg>
<doc>Remove leading and/or trailing whitespaces from the given string.</doc>
<msg timestamp="20210912 22:22:58.157" level="INFO">${link} = https://play.google.com/store/apps/details?id=gov.nasa.globe.observer&amp;hl=en&amp;pcampaignid=MKT-Other-global-all-co-prtnr-py-PartBadge-Mar2515-1</msg>
<status status="PASS" starttime="20210912 22:22:58.157" endtime="20210912 22:22:58.157"/>
</kw>
<kw name="Create Session" library="RequestsLibrary">
<arg>testLink</arg>
<arg>${link}</arg>
<arg>disable_warnings=1</arg>
<doc>Create Session: create a HTTP session to a server</doc>
<msg timestamp="20210912 22:22:58.158" level="INFO">Creating Session using : alias=testLink, url=https://play.google.com/store/apps/details?id=gov.nasa.globe.observer&amp;hl=en&amp;pcampaignid=MKT-Other-global-all-co-prtnr-py-PartBadge-Mar2515-1, headers={},                     cookies={}, auth=None, timeout=None, proxies=None, verify=False,                     debug=0 </msg>
<status status="PASS" starttime="20210912 22:22:58.158" endtime="20210912 22:22:58.158"/>
</kw>
<kw name="Run Keyword And Return Status" library="BuiltIn">
<var>${canConnect}</var>
<arg>GET On Session</arg>
<arg>testLink</arg>
<arg>${link}</arg>
<doc>Runs the given keyword with given arguments and returns the status as a Boolean value.</doc>
<kw name="Get On Session" library="RequestsLibrary">
<arg>testLink</arg>
<arg>${link}</arg>
<doc>Sends a GET request on a previously created HTTP Session.</doc>
<msg timestamp="20210912 22:22:58.373" level="INFO">GET Request : url=https://play.google.com/store/apps/details?id=gov.nasa.globe.observer&amp;hl=en&amp;pcampaignid=MKT-Other-global-all-co-prtnr-py-PartBadge-Mar2515-1 
 path_url=/store/apps/details?id=gov.nasa.globe.observer&amp;hl=en&amp;pcampaignid=MKT-Other-global-all-co-prtnr-py-PartBadge-Mar2515-1 
 headers={'User-Agent': 'python-requests/2.26.0', 'Accept-Encoding': 'gzip, deflate', 'Accept': '*/*', 'Connection': 'keep-alive'} 
 body=None 
 </msg>
<msg timestamp="20210912 22:22:58.375" level="INFO">GET Response : url=https://play.google.com/store/apps/details?id=gov.nasa.globe.observer&amp;hl=en&amp;pcampaignid=MKT-Other-global-all-co-prtnr-py-PartBadge-Mar2515-1 
 status=200, reason=OK 
 headers={'Content-Type': 'text/html; charset=utf-8', 'Vary': 'Sec-Fetch-Dest, Sec-Fetch-Mode, Sec-Fetch-Site', 'x-ua-compatible': 'IE=edge', 'Cache-Control': 'no-cache, no-store, max-age=0, must-revalidate', 'Pragma': 'no-cache', 'Expires': 'Mon, 01 Jan 1990 00:00:00 GMT', 'Date': 'Mon, 13 Sep 2021 05:22:57 GMT', 'P3P': 'CP="This is not a P3P policy! See g.co/p3phelp for more info."', 'Strict-Transport-Security': 'max-age=31536000', 'Cross-Origin-Resource-Policy': 'same-site', 'Content-Security-Policy': "script-src 'nonce-6KG3uPGfp1mbuv1zo7YT6w' 'unsafe-inline' 'unsafe-eval';object-src 'none';base-uri 'self';report-uri /_/PlayStoreUi/cspreport;worker-src 'self'", 'Cross-Origin-Opener-Policy': 'same-origin-allow-popups', 'Content-Encoding': 'gzip', 'Server': 'ESF', 'X-XSS-Protection': '0', 'X-Frame-Options': 'SAMEORIGIN', 'X-Content-Type-Options': 'nosniff', 'Set-Cookie': 'NID=223=PYcEBRvP6dusisnfxh33B7qXgcbWCqZnZb3TXsV-fUV0gubPKKXicMHAB6IyKccURq7uAcH46WynhfAE5q3rEbXfZG7b43YkS3l6t4x5wEER78am5f6WIo3IKQR-yvcDRPdk5ojiwViRGLimgdLLPNfgnuogcBNoM_jxLD4Cg2U; expires=Tue, 15-Mar-2022 05:22:57 GMT; path=/; domain=.google.com; HttpOnly', 'Alt-Svc': 'h3=":443"; ma=2592000,h3-29=":443"; ma=2592000,h3-T051=":443"; ma=2592000,h3-Q050=":443"; ma=2592000,h3-Q046=":443"; ma=2592000,h3-Q043=":443"; ma=2592000,quic=":443"; ma=2592000; v="46,43"', 'Transfer-Encoding': 'chunked'} 
 body=&lt;!doctype html&gt;&lt;html lang="en" dir="ltr"&gt;&lt;head&gt;&lt;base href="https://play.google.com/"&gt;&lt;meta name="referrer" content="origin"&gt;&lt;meta name="viewport" content="width=device-width, initial-scale=1"&gt;&lt;link rel="search" href="/opensearch.xml" type="application/opensearchdescription+xml" title="Google Play"&gt;&lt;link rel="shortcut icon" href="//www.gstatic.com/android/market_images/web/favicon_v2.ico"&gt;&lt;script data-id="_gd" nonce="6KG3uPGfp1mbuv1zo7YT6w"&gt;window.WIZ_global_data = {"DpimGf":false,"EP1ykd":["/_/*","/covid19/exposurenotifications/select","/covid19/exposurenotifications/select/*","/store/ereview","/store/ereview/","/store/linkbuilder","/store/linkbuilder/","/store/movies/device","/store/movies/device/","/web/store/ereview","/web/store/ereview/","/web/store/linkbuilder","/web/store/linkbuilder/","/web/store/movies/device","/web/store/movies/device/"],"FdrFJe":"677858493369841294","G8C1sd":"%.@.[[true],null,[[[]]],null,null,null,null,[null,2],null,null,null,null,null,null,[1]],[null,[[[]]]],[null,[[[]]],null,[true]],[null,[[[]]]],null,null,null,null,[[[[]]]],[[[[]]]]]","GWsdKe":"en","IjaTqd":"%.@.]","Im6cmf":"/_/PlayStoreUi","LVIXXb":1,"LoQv7e":false,"MT7f9b":["/PlayStoreDataService.PlayAcquireItemNewSession","Fho1U","/PlayStoreDataService.PlayAcquireItemExistingSession","Ngbm"],"QEwZ9c":"%.@.[10,[10,50]],true,null,[96,27,8,57,30,110,11,16,49,1,9,12,104,55,56,51,10,34,31,145],[null,null,[[[true],null,[[[]]],null,null,null,null,[null,2],null,null,null,null,null,null,[1]],[null,[[[]]]],[null,[[[]]],null,[true]],[null,[[[]]]],null,null,null,null,[[[[]]]],[[[[]]]]],[[[[7,1],[[1,73,96,103,97,58,92,52,112,69,19,31,101,123,74,49,80,20,10,14,79,43,42,139]]],[[7,31],[[1,73,96,103,97,58,92,52,112,69,19,31,101,123,74,49,80,20,10,14,79,43,42,139]]],[[7,104],[[1,73,96,103,97,58,92,52,112,69,19,31,101,123,74,49,80,20,10,14,79,43,42,139]]],[[7,9],[[1,73,96,103,97,58,92,52,112,69,19,31,101,123,74,49,80,20,10,14,79,43,42,139]]],[[7,8],[[1,73,96,103,97,58,92,52,112,69,19,31,101,123,74,49,80,20,10,14,79,43,42,139]]],[[7,27],[[1,73,96,103,97,58,92,52,112,69,19,31,101,123,74,49,80,20,10,14,79,43,42,139]]],[[7,49],[[1,73,96,103,97,58,92,52,112,69,19,31,101,123,74,49,80,20,10,14,79,43,42,139]]],[[7,12],[[1,73,96,103,97,58,92,52,112,69,19,31,101,123,74,49,80,20,10,14,79,43,42,139]]],[[7,65],[[1,73,96,103,97,58,92,52,112,69,19,31,101,123,74,49,80,20,10,14,79,43,42,139]]],[[7,110],[[1,73,96,103,97,58,92,52,112,69,19,31,101,123,74,49,80,20,10,14,79,43,42,139]]],[[7,88],[[1,73,96,103,97,58,92,52,112,69,19,31,101,123,74,49,80,20,10,14,79,43,42,139]]],[[7,11],[[1,73,96,103,97,58,92,52,112,69,19,31,101,123,74,49,80,20,10,14,79,43,42,139]]],[[7,56],[[1,73,96,103,97,58,92,52,112,69,19,31,101,123,74,49,80,20,10,14,79,43,42,139]]],[[7,55],[[1,73,96,103,97,58,92,52,112,69,19,31,101,123,74,49,80,20,10,14,79,43,42,139]]],[[7,96],[[1,73,96,103,97,58,92,52,112,69,19,31,101,123,74,49,80,20,10,14,79,43,42,139]]],[[7,122],[[1,73,96,103,97,58,92,52,112,69,19,31,101,123,74,49,80,20,10,14,79,43,42,139]]],[[7,72],[[1,73,96,103,97,58,92,52,112,69,19,31,101,123,74,49,80,20,10,14,79,43,42,139]]],[[7,71],[[1,73,96,103,97,58,92,52,112,69,19,31,101,123,74,49,80,20,10,14,79,43,42,139]]],[[7,64],[[1,73,96,103,97,58,92,52,112,69,19,31,101,123,74,49,80,20,10,14,79,43,42,139]]],[[7,113],[[1,73,96,103,97,58,92,52,112,69,19,31,101,123,74,49,80,20,10,14,79,43,42,139]]],[[7,139],[[1,73,96,103,97,58,92,52,112,69,19,31,101,123,74,49,80,20,10,14,79,43,42,139]]],[[7,150],[[1,73,96,103,97,58,92,52,112,69,19,31,101,123,74,49,80,20,10,14,79,43,42,139]]],[[7,169],[[1,73,96,103,97,58,92,52,112,69,19,31,101,123,74,49,80,20,10,14,79,43,42,139]]],[[7,165],[[1,73,96,103,97,58,92,52,112,69,19,31,101,123,74,49,80,20,10,14,79,43,42,139]]],[[7,151],[[1,73,96,103,97,58,92,52,112,69,19,31,101,123,74,49,80,20,10,14,79,43,42,139]]],[[7,163],[[1,73,96,103,97,58,92,52,112,69,19,31,101,123,74,49,80,20,10,14,79,43,42,139]]],[[7,32],[[1,73,96,103,97,58,92,52,112,69,19,31,101,123,74,49,80,20,10,14,79,43,42,139]]],[[7,16],[[1,73,96,103,97,58,92,52,112,69,19,31,101,123,74,49,80,20,10,14,79,43,42,139]]],[[7,108],[[1,73,96,103,97,58,92,52,112,69,19,31,101,123,74,49,80,20,10,14,79,43,42,139]]],[[7,100],[[1,73,96,103,97,58,92,52,112,69,19,31,101,123,74,49,80,20,10,14,79,43,42,139]]],[[9,1],[[1,7,9,24,12,31,5,10,15,27,8]]],[[9,31],[[1,7,9,24,12,31,5,10,15,27,8]]],[[9,104],[[1,7,9,24,12,31,5,10,15,27,8]]],[[9,9],[[1,7,9,24,12,31,5,10,15,27,8]]],[[9,8],[[1,7,9,24,12,31,5,10,15,27,8]]],[[9,27],[[1,7,9,24,12,31,5,10,15,27,8]]],[[9,49],[[1,7,9,24,12,31,5,10,15,27,8]]],[[9,12],[[1,7,9,24,12,31,5,10,15,27,8]]],[[9,65],[[1,7,9,24,12,31,5,10,15,27,8]]],[[9,110],[[1,7,9,24,12,31,5,10,15,27,8]]],[[9,88],[[1,7,9,24,12,31,5,10,15,27,8]]],[[9,11],[[1,7,9,24,12,31,5,10,15,27,8]]],[[9,56],[[1,7,9,24,12,31,5,10,15,27,8]]],[[9,55],[[1,7,9,24,12,31,5,10,15,27,8]]],[[9,96],[[1,7,9,24,12,31,5,10,15,27,8]]],[[9,122],[[1,7,9,24,12,31,5,10,15,27,8]]],[[9,72],[[1,7,9,24,12,31,5,10,15,27,8]]],[[9,71],[[1,7,9,24,12,31,5,10,15,27,8]]],[[9,64],[[1,7,9,24,12,31,5,10,15,27,8]]],[[9,113],[[1,7,9,24,12,31,5,10,15,27,8]]],[[9,139],[[1,7,9,24,12,31,5,10,15,27,8]]],[[9,150],[[1,7,9,24,12,31,5,10,15,27,8]]],[[9,169],[[1,7,9,24,12,31,5,10,15,27,8]]],[[9,165],[[1,7,9,24,12,31,5,10,15,27,8]]],[[9,151],[[1,7,9,24,12,31,5,10,15,27,8]]],[[9,163],[[1,7,9,24,12,31,5,10,15,27,8]]],[[9,32],[[1,7,9,24,12,31,5,10,15,27,8]]],[[9,16],[[1,7,9,24,12,31,5,10,15,27,8]]],[[9,108],[[1,7,9,24,12,31,5,10,15,27,8]]],[[9,100],[[1,7,9,24,12,31,5,10,15,27,8]]],[[17,1],[[1,7,9,25,13,31,5,10,27,8]]],[[17,31],[[1,7,9,25,13,31,5,10,27,8]]],[[17,104],[[1,7,9,25,13,31,5,10,27,8]]],[[17,9],[[1,7,9,25,13,31,5,10,27,8]]],[[17,8],[[1,7,9,25,13,31,5,10,27,8]]],[[17,27],[[1,7,9,25,13,31,5,10,27,8]]],[[17,49],[[1,7,9,25,13,31,5,10,27,8]]],[[17,12],[[1,7,9,25,13,31,5,10,27,8]]],[[17,65],[[1,7,9,25,13,31,5,10,27,8]]],[[17,110],[[1,7,9,25,13,31,5,10,27,8]]],[[17,88],[[1,7,9,25,13,31,5,10,27,8]]],[[17,11],[[1,7,9,25,13,31,5,10,27,8]]],[[17,56],[[1,7,9,25,13,31,5,10,27,8]]],[[17,55],[[1,7,9,25,13,31,5,10,27,8]]],[[17,96],[[1,7,9,25,13,31,5,10,27,8]]],[[17,122],[[1,7,9,25,13,31,5,10,27,8]]],[[17,72],[[1,7,9,25,13,31,5,10,27,8]]],[[17,71],[[1,7,9,25,13,31,5,10,27,8]]],[[17,64],[[1,7,9,25,13,31,5,10,27,8]]],[[17,113],[[1,7,9,25,13,31,5,10,27,8]]],[[17,139],[[1,7,9,25,13,31,5,10,27,8]]],[[17,150],[[1,7,9,25,13,31,5,10,27,8]]],[[17,169],[[1,7,9,25,13,31,5,10,27,8]]],[[17,165],[[1,7,9,25,13,31,5,10,27,8]]],[[17,151],[[1,7,9,25,13,31,5,10,27,8]]],[[17,163],[[1,7,9,25,13,31,5,10,27,8]]],[[17,32],[[1,7,9,25,13,31,5,10,27,8]]],[[17,16],[[1,7,9,25,13,31,5,10,27,8]]],[[17,108],[[1,7,9,25,13,31,5,10,27,8]]],[[17,100],[[1,7,9,25,13,31,5,10,27,8]]],[[10,1],[[1,7,6,9]]],[[10,31],[[1,7,6,9]]],[[10,104],[[1,7,6,9]]],[[10,9],[[1,7,6,9]]],[[10,8],[[1,7,6,9]]],[[10,27],[[1,7,6,9]]],[[10,49],[[1,7,6,9]]],[[10,12],[[1,7,6,9]]],[[10,65],[[1,7,6,9]]],[[10,110],[[1,7,6,9]]],[[10,88],[[1,7,6,9]]],[[10,11],[[1,7,6,9]]],[[10,56],[[1,7,6,9]]],[[10,55],[[1,7,6,9]]],[[10,96],[[1,7,6,9]]],[[10,122],[[1,7,6,9]]],[[10,72],[[1,7,6,9]]],[[10,71],[[1,7,6,9]]],[[10,64],[[1,7,6,9]]],[[10,113],[[1,7,6,9]]],[[10,139],[[1,7,6,9]]],[[10,150],[[1,7,6,9]]],[[10,169],[[1,7,6,9]]],[[10,165],[[1,7,6,9]]],[[10,151],[[1,7,6,9]]],[[10,163],[[1,7,6,9]]],[[10,32],[[1,7,6,9]]],[[10,16],[[1,7,6,9]]],[[10,108],[[1,7,6,9]]],[[10,100],[[1,7,6,9]]],[[1,1],[[1,5,14,38,19,29,7,34,4,12,11,6,30,16,10]]],[[1,31],[[1,5,14,38,19,29,7,34,4,12,11,6,30,16,10]]],[[1,104],[[1,5,14,38,19,29,7,34,4,12,11,6,30,16,10]]],[[1,9],[[1,5,14,38,19,29,7,34,4,12,11,6,30,16,10]]],[[1,8],[[1,5,14,38,19,29,7,34,4,12,11,6,30,16,10]]],[[1,27],[[1,5,14,38,19,29,7,34,4,12,11,6,30,16,10]]],[[1,49],[[1,5,14,38,19,29,7,34,4,12,11,6,30,16,10]]],[[1,12],[[1,5,14,38,19,29,7,34,4,12,11,6,30,16,10]]],[[1,65],[[1,5,14,38,19,29,7,34,4,12,11,6,30,16,10]]],[[1,110],[[1,5,14,38,19,29,7,34,4,12,11,6,30,16,10]]],[[1,88],[[1,5,14,38,19,29,7,34,4,12,11,6,30,16,10]]],[[1,11],[[1,5,14,38,19,29,7,34,4,12,11,6,30,16,10]]],[[1,56],[[1,5,14,38,19,29,7,34,4,12,11,6,30,16,10]]],[[1,55],[[1,5,14,38,19,29,7,34,4,12,11,6,30,16,10]]],[[1,96],[[1,5,14,38,19,29,7,34,4,12,11,6,30,16,10]]],[[1,122],[[1,5,14,38,19,29,7,34,4,12,11,6,30,16,10]]],[[1,72],[[1,5,14,38,19,29,7,34,4,12,11,6,30,16,10]]],[[1,71],[[1,5,14,38,19,29,7,34,4,12,11,6,30,16,10]]],[[1,64],[[1,5,14,38,19,29,7,34,4,12,11,6,30,16,10]]],[[1,113],[[1,5,14,38,19,29,7,34,4,12,11,6,30,16,10]]],[[1,139],[[1,5,14,38,19,29,7,34,4,12,11,6,30,16,10]]],[[1,150],[[1,5,14,38,19,29,7,34,4,12,11,6,30,16,10]]],[[1,169],[[1,5,14,38,19,29,7,34,4,12,11,6,30,16,10]]],[[1,165],[[1,5,14,38,19,29,7,34,4,12,11,6,30,16,10]]],[[1,151],[[1,5,14,38,19,29,7,34,4,12,11,6,30,16,10]]],[[1,163],[[1,5,14,38,19,29,7,34,4,12,11,6,30,16,10]]],[[1,32],[[1,5,14,38,19,29,7,34,4,12,11,6,30,16,10]]],[[1,16],[[1,5,14,38,19,29,7,34,4,12,11,6,30,16,10]]],[[1,108],[[1,5,14,38,19,29,7,34,4,12,11,6,30,16,10]]],[[1,100],[[1,5,14,38,19,29,7,34,4,12,11,6,30,16,10]]],[[4,1],[[1,3,5,4,7,6,11,19]]],[[4,31],[[1,3,5,4,7,6,11,19]]],[[4,104],[[1,3,5,4,7,6,11,19]]],[[4,9],[[1,3,5,4,7,6,11,19]]],[[4,8],[[1,3,5,4,7,6,11,19]]],[[4,27],[[1,3,5,4,7,6,11,19]]],[[4,49],[[1,3,5,4,7,6,11,19]]],[[4,12],[[1,3,5,4,7,6,11,19]]],[[4,65],[[1,3,5,4,7,6,11,19]]],[[4,110],[[1,3,5,4,7,6,11,19]]],[[4,88],[[1,3,5,4,7,6,11,19]]],[[4,11],[[1,3,5,4,7,6,11,19]]],[[4,56],[[1,3,5,4,7,6,11,19]]],[[4,55],[[1,3,5,4,7,6,11,19]]],[[4,96],[[1,3,5,4,7,6,11,19]]],[[4,122],[[1,3,5,4,7,6,11,19]]],[[4,72],[[1,3,5,4,7,6,11,19]]],[[4,71],[[1,3,5,4,7,6,11,19]]],[[4,64],[[1,3,5,4,7,6,11,19]]],[[4,113],[[1,3,5,4,7,6,11,19]]],[[4,139],[[1,3,5,4,7,6,11,19]]],[[4,150],[[1,3,5,4,7,6,11,19]]],[[4,169],[[1,3,5,4,7,6,11,19]]],[[4,165],[[1,3,5,4,7,6,11,19]]],[[4,151],[[1,3,5,4,7,6,11,19]]],[[4,163],[[1,3,5,4,7,6,11,19]]],[[4,32],[[1,3,5,4,7,6,11,19]]],[[4,16],[[1,3,5,4,7,6,11,19]]],[[4,108],[[1,3,5,4,7,6,11,19]]],[[4,100],[[1,3,5,4,7,6,11,19]]],[[3,1],[[1,5,14,4,10,17]]],[[3,31],[[1,5,14,4,10,17]]],[[3,104],[[1,5,14,4,10,17]]],[[3,9],[[1,5,14,4,10,17]]],... (set the log level to DEBUG or TRACE to see the full content) 
 </msg>
<status status="PASS" starttime="20210912 22:22:58.158" endtime="20210912 22:22:58.375"/>
</kw>
<msg timestamp="20210912 22:22:58.375" level="INFO">${canConnect} = True</msg>
<status status="PASS" starttime="20210912 22:22:58.158" endtime="20210912 22:22:58.375"/>
</kw>
<if>
<branch type="IF" condition="${canConnect}">
<kw name="Get On Session" library="RequestsLibrary">
<var>${response}</var>
<arg>testLink</arg>
<arg>${link}</arg>
<doc>Sends a GET request on a previously created HTTP Session.</doc>
<msg timestamp="20210912 22:22:58.553" level="INFO">GET Request : url=https://play.google.com/store/apps/details?id=gov.nasa.globe.observer&amp;hl=en&amp;pcampaignid=MKT-Other-global-all-co-prtnr-py-PartBadge-Mar2515-1 
 path_url=/store/apps/details?id=gov.nasa.globe.observer&amp;hl=en&amp;pcampaignid=MKT-Other-global-all-co-prtnr-py-PartBadge-Mar2515-1 
 headers={'User-Agent': 'python-requests/2.26.0', 'Accept-Encoding': 'gzip, deflate', 'Accept': '*/*', 'Connection': 'keep-alive', 'Cookie': 'NID=223=PYcEBRvP6dusisnfxh33B7qXgcbWCqZnZb3TXsV-fUV0gubPKKXicMHAB6IyKccURq7uAcH46WynhfAE5q3rEbXfZG7b43YkS3l6t4x5wEER78am5f6WIo3IKQR-yvcDRPdk5ojiwViRGLimgdLLPNfgnuogcBNoM_jxLD4Cg2U'} 
 body=None 
 </msg>
<msg timestamp="20210912 22:22:58.555" level="INFO">GET Response : url=https://play.google.com/store/apps/details?id=gov.nasa.globe.observer&amp;hl=en&amp;pcampaignid=MKT-Other-global-all-co-prtnr-py-PartBadge-Mar2515-1 
 status=200, reason=OK 
 headers={'Content-Type': 'text/html; charset=utf-8', 'Vary': 'Sec-Fetch-Dest, Sec-Fetch-Mode, Sec-Fetch-Site', 'x-ua-compatible': 'IE=edge', 'Cache-Control': 'no-cache, no-store, max-age=0, must-revalidate', 'Pragma': 'no-cache', 'Expires': 'Mon, 01 Jan 1990 00:00:00 GMT', 'Date': 'Mon, 13 Sep 2021 05:22:57 GMT', 'Strict-Transport-Security': 'max-age=31536000', 'Cross-Origin-Resource-Policy': 'same-site', 'Cross-Origin-Opener-Policy': 'same-origin-allow-popups', 'Content-Security-Policy': "script-src 'nonce-mFB35MtgW1XbS8hPeImceg' 'unsafe-inline' 'unsafe-eval';object-src 'none';base-uri 'self';report-uri /_/PlayStoreUi/cspreport;worker-src 'self'", 'Content-Encoding': 'gzip', 'Server': 'ESF', 'X-XSS-Protection': '0', 'X-Frame-Options': 'SAMEORIGIN', 'X-Content-Type-Options': 'nosniff', 'Alt-Svc': 'h3=":443"; ma=2592000,h3-29=":443"; ma=2592000,h3-T051=":443"; ma=2592000,h3-Q050=":443"; ma=2592000,h3-Q046=":443"; ma=2592000,h3-Q043=":443"; ma=2592000,quic=":443"; ma=2592000; v="46,43"', 'Transfer-Encoding': 'chunked'} 
 body=&lt;!doctype html&gt;&lt;html lang="en" dir="ltr"&gt;&lt;head&gt;&lt;base href="https://play.google.com/"&gt;&lt;meta name="referrer" content="origin"&gt;&lt;meta name="viewport" content="width=device-width, initial-scale=1"&gt;&lt;link rel="search" href="/opensearch.xml" type="application/opensearchdescription+xml" title="Google Play"&gt;&lt;link rel="shortcut icon" href="//www.gstatic.com/android/market_images/web/favicon_v2.ico"&gt;&lt;script data-id="_gd" nonce="mFB35MtgW1XbS8hPeImceg"&gt;window.WIZ_global_data = {"DpimGf":false,"EP1ykd":["/_/*","/covid19/exposurenotifications/select","/covid19/exposurenotifications/select/*","/store/ereview","/store/ereview/","/store/linkbuilder","/store/linkbuilder/","/store/movies/device","/store/movies/device/","/web/store/ereview","/web/store/ereview/","/web/store/linkbuilder","/web/store/linkbuilder/","/web/store/movies/device","/web/store/movies/device/"],"FdrFJe":"-6203623892556660028","G8C1sd":"%.@.[[true],null,[[[]]],null,null,null,null,[null,2],null,null,null,null,null,null,[1]],[null,[[[]]]],[null,[[[]]],null,[true]],[null,[[[]]]],null,null,null,null,[[[[]]]],[[[[]]]]]","GWsdKe":"en","IjaTqd":"%.@.]","Im6cmf":"/_/PlayStoreUi","LVIXXb":1,"LoQv7e":false,"MT7f9b":["/PlayStoreDataService.PlayAcquireItemNewSession","Fho1U","/PlayStoreDataService.PlayAcquireItemExistingSession","Ngbm"],"QEwZ9c":"%.@.[10,[10,50]],true,null,[96,27,8,57,30,110,11,16,49,1,9,12,104,55,56,51,10,34,31,145],[null,null,[[[true],null,[[[]]],null,null,null,null,[null,2],null,null,null,null,null,null,[1]],[null,[[[]]]],[null,[[[]]],null,[true]],[null,[[[]]]],null,null,null,null,[[[[]]]],[[[[]]]]],[[[[7,1],[[1,73,96,103,97,58,92,52,112,69,19,31,101,123,74,49,80,20,10,14,79,43,42,139]]],[[7,31],[[1,73,96,103,97,58,92,52,112,69,19,31,101,123,74,49,80,20,10,14,79,43,42,139]]],[[7,104],[[1,73,96,103,97,58,92,52,112,69,19,31,101,123,74,49,80,20,10,14,79,43,42,139]]],[[7,9],[[1,73,96,103,97,58,92,52,112,69,19,31,101,123,74,49,80,20,10,14,79,43,42,139]]],[[7,8],[[1,73,96,103,97,58,92,52,112,69,19,31,101,123,74,49,80,20,10,14,79,43,42,139]]],[[7,27],[[1,73,96,103,97,58,92,52,112,69,19,31,101,123,74,49,80,20,10,14,79,43,42,139]]],[[7,49],[[1,73,96,103,97,58,92,52,112,69,19,31,101,123,74,49,80,20,10,14,79,43,42,139]]],[[7,12],[[1,73,96,103,97,58,92,52,112,69,19,31,101,123,74,49,80,20,10,14,79,43,42,139]]],[[7,65],[[1,73,96,103,97,58,92,52,112,69,19,31,101,123,74,49,80,20,10,14,79,43,42,139]]],[[7,110],[[1,73,96,103,97,58,92,52,112,69,19,31,101,123,74,49,80,20,10,14,79,43,42,139]]],[[7,88],[[1,73,96,103,97,58,92,52,112,69,19,31,101,123,74,49,80,20,10,14,79,43,42,139]]],[[7,11],[[1,73,96,103,97,58,92,52,112,69,19,31,101,123,74,49,80,20,10,14,79,43,42,139]]],[[7,56],[[1,73,96,103,97,58,92,52,112,69,19,31,101,123,74,49,80,20,10,14,79,43,42,139]]],[[7,55],[[1,73,96,103,97,58,92,52,112,69,19,31,101,123,74,49,80,20,10,14,79,43,42,139]]],[[7,96],[[1,73,96,103,97,58,92,52,112,69,19,31,101,123,74,49,80,20,10,14,79,43,42,139]]],[[7,122],[[1,73,96,103,97,58,92,52,112,69,19,31,101,123,74,49,80,20,10,14,79,43,42,139]]],[[7,72],[[1,73,96,103,97,58,92,52,112,69,19,31,101,123,74,49,80,20,10,14,79,43,42,139]]],[[7,71],[[1,73,96,103,97,58,92,52,112,69,19,31,101,123,74,49,80,20,10,14,79,43,42,139]]],[[7,64],[[1,73,96,103,97,58,92,52,112,69,19,31,101,123,74,49,80,20,10,14,79,43,42,139]]],[[7,113],[[1,73,96,103,97,58,92,52,112,69,19,31,101,123,74,49,80,20,10,14,79,43,42,139]]],[[7,139],[[1,73,96,103,97,58,92,52,112,69,19,31,101,123,74,49,80,20,10,14,79,43,42,139]]],[[7,150],[[1,73,96,103,97,58,92,52,112,69,19,31,101,123,74,49,80,20,10,14,79,43,42,139]]],[[7,169],[[1,73,96,103,97,58,92,52,112,69,19,31,101,123,74,49,80,20,10,14,79,43,42,139]]],[[7,165],[[1,73,96,103,97,58,92,52,112,69,19,31,101,123,74,49,80,20,10,14,79,43,42,139]]],[[7,151],[[1,73,96,103,97,58,92,52,112,69,19,31,101,123,74,49,80,20,10,14,79,43,42,139]]],[[7,163],[[1,73,96,103,97,58,92,52,112,69,19,31,101,123,74,49,80,20,10,14,79,43,42,139]]],[[7,32],[[1,73,96,103,97,58,92,52,112,69,19,31,101,123,74,49,80,20,10,14,79,43,42,139]]],[[7,16],[[1,73,96,103,97,58,92,52,112,69,19,31,101,123,74,49,80,20,10,14,79,43,42,139]]],[[7,108],[[1,73,96,103,97,58,92,52,112,69,19,31,101,123,74,49,80,20,10,14,79,43,42,139]]],[[7,100],[[1,73,96,103,97,58,92,52,112,69,19,31,101,123,74,49,80,20,10,14,79,43,42,139]]],[[9,1],[[1,7,9,24,12,31,5,10,15,27,8]]],[[9,31],[[1,7,9,24,12,31,5,10,15,27,8]]],[[9,104],[[1,7,9,24,12,31,5,10,15,27,8]]],[[9,9],[[1,7,9,24,12,31,5,10,15,27,8]]],[[9,8],[[1,7,9,24,12,31,5,10,15,27,8]]],[[9,27],[[1,7,9,24,12,31,5,10,15,27,8]]],[[9,49],[[1,7,9,24,12,31,5,10,15,27,8]]],[[9,12],[[1,7,9,24,12,31,5,10,15,27,8]]],[[9,65],[[1,7,9,24,12,31,5,10,15,27,8]]],[[9,110],[[1,7,9,24,12,31,5,10,15,27,8]]],[[9,88],[[1,7,9,24,12,31,5,10,15,27,8]]],[[9,11],[[1,7,9,24,12,31,5,10,15,27,8]]],[[9,56],[[1,7,9,24,12,31,5,10,15,27,8]]],[[9,55],[[1,7,9,24,12,31,5,10,15,27,8]]],[[9,96],[[1,7,9,24,12,31,5,10,15,27,8]]],[[9,122],[[1,7,9,24,12,31,5,10,15,27,8]]],[[9,72],[[1,7,9,24,12,31,5,10,15,27,8]]],[[9,71],[[1,7,9,24,12,31,5,10,15,27,8]]],[[9,64],[[1,7,9,24,12,31,5,10,15,27,8]]],[[9,113],[[1,7,9,24,12,31,5,10,15,27,8]]],[[9,139],[[1,7,9,24,12,31,5,10,15,27,8]]],[[9,150],[[1,7,9,24,12,31,5,10,15,27,8]]],[[9,169],[[1,7,9,24,12,31,5,10,15,27,8]]],[[9,165],[[1,7,9,24,12,31,5,10,15,27,8]]],[[9,151],[[1,7,9,24,12,31,5,10,15,27,8]]],[[9,163],[[1,7,9,24,12,31,5,10,15,27,8]]],[[9,32],[[1,7,9,24,12,31,5,10,15,27,8]]],[[9,16],[[1,7,9,24,12,31,5,10,15,27,8]]],[[9,108],[[1,7,9,24,12,31,5,10,15,27,8]]],[[9,100],[[1,7,9,24,12,31,5,10,15,27,8]]],[[17,1],[[1,7,9,25,13,31,5,10,27,8]]],[[17,31],[[1,7,9,25,13,31,5,10,27,8]]],[[17,104],[[1,7,9,25,13,31,5,10,27,8]]],[[17,9],[[1,7,9,25,13,31,5,10,27,8]]],[[17,8],[[1,7,9,25,13,31,5,10,27,8]]],[[17,27],[[1,7,9,25,13,31,5,10,27,8]]],[[17,49],[[1,7,9,25,13,31,5,10,27,8]]],[[17,12],[[1,7,9,25,13,31,5,10,27,8]]],[[17,65],[[1,7,9,25,13,31,5,10,27,8]]],[[17,110],[[1,7,9,25,13,31,5,10,27,8]]],[[17,88],[[1,7,9,25,13,31,5,10,27,8]]],[[17,11],[[1,7,9,25,13,31,5,10,27,8]]],[[17,56],[[1,7,9,25,13,31,5,10,27,8]]],[[17,55],[[1,7,9,25,13,31,5,10,27,8]]],[[17,96],[[1,7,9,25,13,31,5,10,27,8]]],[[17,122],[[1,7,9,25,13,31,5,10,27,8]]],[[17,72],[[1,7,9,25,13,31,5,10,27,8]]],[[17,71],[[1,7,9,25,13,31,5,10,27,8]]],[[17,64],[[1,7,9,25,13,31,5,10,27,8]]],[[17,113],[[1,7,9,25,13,31,5,10,27,8]]],[[17,139],[[1,7,9,25,13,31,5,10,27,8]]],[[17,150],[[1,7,9,25,13,31,5,10,27,8]]],[[17,169],[[1,7,9,25,13,31,5,10,27,8]]],[[17,165],[[1,7,9,25,13,31,5,10,27,8]]],[[17,151],[[1,7,9,25,13,31,5,10,27,8]]],[[17,163],[[1,7,9,25,13,31,5,10,27,8]]],[[17,32],[[1,7,9,25,13,31,5,10,27,8]]],[[17,16],[[1,7,9,25,13,31,5,10,27,8]]],[[17,108],[[1,7,9,25,13,31,5,10,27,8]]],[[17,100],[[1,7,9,25,13,31,5,10,27,8]]],[[10,1],[[1,7,6,9]]],[[10,31],[[1,7,6,9]]],[[10,104],[[1,7,6,9]]],[[10,9],[[1,7,6,9]]],[[10,8],[[1,7,6,9]]],[[10,27],[[1,7,6,9]]],[[10,49],[[1,7,6,9]]],[[10,12],[[1,7,6,9]]],[[10,65],[[1,7,6,9]]],[[10,110],[[1,7,6,9]]],[[10,88],[[1,7,6,9]]],[[10,11],[[1,7,6,9]]],[[10,56],[[1,7,6,9]]],[[10,55],[[1,7,6,9]]],[[10,96],[[1,7,6,9]]],[[10,122],[[1,7,6,9]]],[[10,72],[[1,7,6,9]]],[[10,71],[[1,7,6,9]]],[[10,64],[[1,7,6,9]]],[[10,113],[[1,7,6,9]]],[[10,139],[[1,7,6,9]]],[[10,150],[[1,7,6,9]]],[[10,169],[[1,7,6,9]]],[[10,165],[[1,7,6,9]]],[[10,151],[[1,7,6,9]]],[[10,163],[[1,7,6,9]]],[[10,32],[[1,7,6,9]]],[[10,16],[[1,7,6,9]]],[[10,108],[[1,7,6,9]]],[[10,100],[[1,7,6,9]]],[[1,1],[[1,5,14,38,19,29,7,34,4,12,11,6,30,16,10]]],[[1,31],[[1,5,14,38,19,29,7,34,4,12,11,6,30,16,10]]],[[1,104],[[1,5,14,38,19,29,7,34,4,12,11,6,30,16,10]]],[[1,9],[[1,5,14,38,19,29,7,34,4,12,11,6,30,16,10]]],[[1,8],[[1,5,14,38,19,29,7,34,4,12,11,6,30,16,10]]],[[1,27],[[1,5,14,38,19,29,7,34,4,12,11,6,30,16,10]]],[[1,49],[[1,5,14,38,19,29,7,34,4,12,11,6,30,16,10]]],[[1,12],[[1,5,14,38,19,29,7,34,4,12,11,6,30,16,10]]],[[1,65],[[1,5,14,38,19,29,7,34,4,12,11,6,30,16,10]]],[[1,110],[[1,5,14,38,19,29,7,34,4,12,11,6,30,16,10]]],[[1,88],[[1,5,14,38,19,29,7,34,4,12,11,6,30,16,10]]],[[1,11],[[1,5,14,38,19,29,7,34,4,12,11,6,30,16,10]]],[[1,56],[[1,5,14,38,19,29,7,34,4,12,11,6,30,16,10]]],[[1,55],[[1,5,14,38,19,29,7,34,4,12,11,6,30,16,10]]],[[1,96],[[1,5,14,38,19,29,7,34,4,12,11,6,30,16,10]]],[[1,122],[[1,5,14,38,19,29,7,34,4,12,11,6,30,16,10]]],[[1,72],[[1,5,14,38,19,29,7,34,4,12,11,6,30,16,10]]],[[1,71],[[1,5,14,38,19,29,7,34,4,12,11,6,30,16,10]]],[[1,64],[[1,5,14,38,19,29,7,34,4,12,11,6,30,16,10]]],[[1,113],[[1,5,14,38,19,29,7,34,4,12,11,6,30,16,10]]],[[1,139],[[1,5,14,38,19,29,7,34,4,12,11,6,30,16,10]]],[[1,150],[[1,5,14,38,19,29,7,34,4,12,11,6,30,16,10]]],[[1,169],[[1,5,14,38,19,29,7,34,4,12,11,6,30,16,10]]],[[1,165],[[1,5,14,38,19,29,7,34,4,12,11,6,30,16,10]]],[[1,151],[[1,5,14,38,19,29,7,34,4,12,11,6,30,16,10]]],[[1,163],[[1,5,14,38,19,29,7,34,4,12,11,6,30,16,10]]],[[1,32],[[1,5,14,38,19,29,7,34,4,12,11,6,30,16,10]]],[[1,16],[[1,5,14,38,19,29,7,34,4,12,11,6,30,16,10]]],[[1,108],[[1,5,14,38,19,29,7,34,4,12,11,6,30,16,10]]],[[1,100],[[1,5,14,38,19,29,7,34,4,12,11,6,30,16,10]]],[[4,1],[[1,3,5,4,7,6,11,19]]],[[4,31],[[1,3,5,4,7,6,11,19]]],[[4,104],[[1,3,5,4,7,6,11,19]]],[[4,9],[[1,3,5,4,7,6,11,19]]],[[4,8],[[1,3,5,4,7,6,11,19]]],[[4,27],[[1,3,5,4,7,6,11,19]]],[[4,49],[[1,3,5,4,7,6,11,19]]],[[4,12],[[1,3,5,4,7,6,11,19]]],[[4,65],[[1,3,5,4,7,6,11,19]]],[[4,110],[[1,3,5,4,7,6,11,19]]],[[4,88],[[1,3,5,4,7,6,11,19]]],[[4,11],[[1,3,5,4,7,6,11,19]]],[[4,56],[[1,3,5,4,7,6,11,19]]],[[4,55],[[1,3,5,4,7,6,11,19]]],[[4,96],[[1,3,5,4,7,6,11,19]]],[[4,122],[[1,3,5,4,7,6,11,19]]],[[4,72],[[1,3,5,4,7,6,11,19]]],[[4,71],[[1,3,5,4,7,6,11,19]]],[[4,64],[[1,3,5,4,7,6,11,19]]],[[4,113],[[1,3,5,4,7,6,11,19]]],[[4,139],[[1,3,5,4,7,6,11,19]]],[[4,150],[[1,3,5,4,7,6,11,19]]],[[4,169],[[1,3,5,4,7,6,11,19]]],[[4,165],[[1,3,5,4,7,6,11,19]]],[[4,151],[[1,3,5,4,7,6,11,19]]],[[4,163],[[1,3,5,4,7,6,11,19]]],[[4,32],[[1,3,5,4,7,6,11,19]]],[[4,16],[[1,3,5,4,7,6,11,19]]],[[4,108],[[1,3,5,4,7,6,11,19]]],[[4,100],[[1,3,5,4,7,6,11,19]]],[[3,1],[[1,5,14,4,10,17]]],[[3,31],[[1,5,14,4,10,17]]],[[3,104],[[1,5,14,4,10,17]]],[[3,9],[[1,5,14,4,10,17]]... (set the log level to DEBUG or TRACE to see the full content) 
 </msg>
<msg timestamp="20210912 22:22:58.555" level="INFO">${response} = &lt;Response [200]&gt;</msg>
<status status="PASS" starttime="20210912 22:22:58.375" endtime="20210912 22:22:58.555"/>
</kw>
<if>
<branch type="IF" condition="${response.status_code}!=200">
<kw name="Fail" library="BuiltIn">
<arg>Failed Status Code ${response.status_code} with link: ${link}</arg>
<doc>Fails the test with the given message and optionally alters its tags.</doc>
<status status="NOT RUN" starttime="20210912 22:22:58.556" endtime="20210912 22:22:58.556"/>
</kw>
<status status="NOT RUN" starttime="20210912 22:22:58.556" endtime="20210912 22:22:58.556"/>
</branch>
<status status="PASS" starttime="20210912 22:22:58.555" endtime="20210912 22:22:58.556"/>
</if>
<status status="PASS" starttime="20210912 22:22:58.375" endtime="20210912 22:22:58.556"/>
</branch>
<branch type="ELSE">
<kw name="Fail" library="BuiltIn">
<arg>Failed To Connect to link: ${link}</arg>
<doc>Fails the test with the given message and optionally alters its tags.</doc>
<status status="NOT RUN" starttime="20210912 22:22:58.556" endtime="20210912 22:22:58.556"/>
</kw>
<status status="NOT RUN" starttime="20210912 22:22:58.556" endtime="20210912 22:22:58.556"/>
</branch>
<status status="PASS" starttime="20210912 22:22:58.375" endtime="20210912 22:22:58.556"/>
</if>
<status status="PASS" starttime="20210912 22:22:58.157" endtime="20210912 22:22:58.556"/>
</iter>
<iter>
<var name="${link}">https://www.globe.gov/</var>
<kw name="Strip String" library="String">
<var>${link}</var>
<arg>${link}</arg>
<arg>mode=right</arg>
<arg>characters=.</arg>
<doc>Remove leading and/or trailing whitespaces from the given string.</doc>
<msg timestamp="20210912 22:22:58.556" level="INFO">${link} = https://www.globe.gov/</msg>
<status status="PASS" starttime="20210912 22:22:58.556" endtime="20210912 22:22:58.556"/>
</kw>
<kw name="Create Session" library="RequestsLibrary">
<arg>testLink</arg>
<arg>${link}</arg>
<arg>disable_warnings=1</arg>
<doc>Create Session: create a HTTP session to a server</doc>
<msg timestamp="20210912 22:22:58.557" level="INFO">Creating Session using : alias=testLink, url=https://www.globe.gov/, headers={},                     cookies={}, auth=None, timeout=None, proxies=None, verify=False,                     debug=0 </msg>
<status status="PASS" starttime="20210912 22:22:58.557" endtime="20210912 22:22:58.557"/>
</kw>
<kw name="Run Keyword And Return Status" library="BuiltIn">
<var>${canConnect}</var>
<arg>GET On Session</arg>
<arg>testLink</arg>
<arg>${link}</arg>
<doc>Runs the given keyword with given arguments and returns the status as a Boolean value.</doc>
<kw name="Get On Session" library="RequestsLibrary">
<arg>testLink</arg>
<arg>${link}</arg>
<doc>Sends a GET request on a previously created HTTP Session.</doc>
<msg timestamp="20210912 22:22:59.405" level="INFO">GET Request : url=https://www.globe.gov/ 
 path_url=/ 
 headers={'User-Agent': 'python-requests/2.26.0', 'Accept-Encoding': 'gzip, deflate', 'Accept': '*/*', 'Connection': 'keep-alive'} 
 body=None 
 </msg>
<msg timestamp="20210912 22:22:59.405" level="INFO">GET Response : url=https://www.globe.gov/ 
 status=200, reason= 
 headers={'Date': 'Mon, 13 Sep 2021 05:22:58 GMT', 'Content-Type': 'text/html;charset=UTF-8', 'Content-Length': '39438', 'Connection': 'keep-alive', 'Server': 'Apache TomcatG', 'Strict-Transport-Security': 'max-age=31536000; includeSubDomains; preload', 'Access-Control-Allow-Origin': '*', 'X-OneAgent-JS-Injection': 'true', 'X-Content-Type-Options': 'nosniff', 'X-Frame-Options': 'SAMEORIGIN', 'X-XSS-Protection': '1', 'Expires': 'Thu, 01 Jan 1970 00:00:00 GMT', 'Cache-Control': 'private, no-cache, no-store, must-revalidate', 'Pragma': 'no-cache', 'Liferay-Portal': 'Liferay Digital Experience Platform', 'Set-Cookie': 'AWSALB=Mt8BbLLxD5X+S3xCZdKf0ghN+rA/v2M/Ya4TWQuhmhcyLeS3/7BceJ6RGggUQ3X6t12KKql2lPdFfxZRUS6OEMLRB8Alvu9VHqcvKZbZeJDBYo2Pe8/vuNN7qnoz; Expires=Mon, 20 Sep 2021 05:22:58 GMT; Path=/, AWSALBCORS=Mt8BbLLxD5X+S3xCZdKf0ghN+rA/v2M/Ya4TWQuhmhcyLeS3/7BceJ6RGggUQ3X6t12KKql2lPdFfxZRUS6OEMLRB8Alvu9VHqcvKZbZeJDBYo2Pe8/vuNN7qnoz; Expires=Mon, 20 Sep 2021 05:22:58 GMT; Path=/; SameSite=None, JSESSIONID=2221A7EFAE47BB889A4EC2F5203CFD52; Path=/; Secure; HttpOnly, COOKIE_SUPPORT=true; Expires=Tue, 13-Sep-2022 05:22:58 GMT; Path=/; Secure; HttpOnly, GUEST_LANGUAGE_ID=en_US; Expires=Tue, 13-Sep-2022 05:22:58 GMT; Path=/; Secure; HttpOnly, dtCookie=v_4_srv_2_sn_7BD8534D8F9C8CEB13436766A7E4977E_perc_100000_ol_0_mul_1_app-3A632d46d7945593bd_1; Path=/; Domain=.globe.gov', 'Vary': 'Accept-Encoding', 'Content-Encoding': 'gzip', 'Server-Timing': 'dtRpid;desc="-1089366761"'} 
 body=



































	
		
			&lt;!DOCTYPE html&gt;




























































&lt;html class="ltr" dir="ltr" lang="en-US"&gt;

&lt;head&gt;
	&lt;title&gt;GLOBE Home Page - GLOBE.gov&lt;/title&gt;

	&lt;meta content="initial-scale=1.0, width=device-width" name="viewport" /&gt;






































&lt;meta content="text/html; charset=UTF-8" http-equiv="content-type" /&gt;









&lt;meta content="The Global Learning and Observation to Benefit the Environment (GLOBE) program is a worldwide hands-on, primary and secondary school-based science and education program." lang="en-US" name="description" /&gt;&lt;meta content="GLOBE,GLOBE Program,Student Science,Science Education, free" lang="en-US" name="keywords" /&gt;


&lt;script type="text/javascript" src="/ruxitagentjs_ICA27SVfhjqrux_10223210811140219.js" data-dtconfig="app=632d46d7945593bd|rcdec=1209600000|featureHash=ICA27SVfhjqrux|vcv=2|rdnt=1|uxrgce=1|bp=3|srmcrv=10|cuc=c7d5zp0e|mel=100000|dpvc=1|md=mdcc1=a#username,mdcc2=cUSER_UUID|ssv=4|lastModification=1631293850650|dtVersion=10223210811140219|srmcrl=1|tp=500,50,0,1|uxdcw=1500|vs=2|agentUri=/ruxitagentjs_ICA27SVfhjqrux_10223210811140219.js|reportUrl=/rb_bf84265lld|rid=RID_2418|rpid=-1089366761|domain=globe.gov"&gt;&lt;/script&gt;&lt;link data-senna-track="permanent" href="/o/frontend-theme-font-awesome-web/css/main.css" rel="stylesheet" type="text/css" /&gt;
&lt;script data-senna-track="permanent" src="/combo?browserId=other&amp;minifierType=js&amp;languageId=en_US&amp;b=7210&amp;t=1631478646214&amp;/o/frontend-js-jquery-web/jquery/jquery.min.js&amp;/o/frontend-js-jquery-web/jquery/bootstrap.bundle.min.js&amp;/o/frontend-js-jquery-web/jquery/collapsible_search.js&amp;/o/frontend-js-jquery-web/jquery/fm.js&amp;/o/frontend-js-jquery-web/jquery/form.js&amp;/o/frontend-js-jquery-web/jquery/popper.min.js&amp;/o/frontend-js-jquery-web/jquery/side_navigation.js" type="text/javascript"&gt;&lt;/script&gt;


&lt;link href="https://www.globe.gov/o/gov-globe-main-theme/images/favicon.ico" rel="icon" /&gt;





	

		
			
				&lt;link data-senna-track="temporary" href="https://www.globe.gov" rel="canonical" /&gt;
			
		

	

		
			
				&lt;link data-senna-track="temporary" href="https://www.globe.gov/es/" hreflang="es-ES" rel="alternate" /&gt;
			
			

	

		
			
				&lt;link data-senna-track="temporary" href="https://www.globe.gov/ru/" hreflang="ru-RU" rel="alternate" /&gt;
			
			

	

		
			
				&lt;link data-senna-track="temporary" href="https://www.globe.gov/fr/" hreflang="fr-FR" rel="alternate" /&gt;
			
			

	

		
			
				&lt;link data-senna-track="temporary" href="https://www.globe.gov" hreflang="en-US" rel="alternate" /&gt;
			
			

	

		
			
				&lt;link data-senna-track="temporary" href="https://www.globe.gov/de/" hreflang="de-DE" rel="alternate" /&gt;
			
			

	

		
			
				&lt;link data-senna-track="temporary" href="https://www.globe.gov" hreflang="x-default" rel="alternate" /&gt;
			
			

	





[...]
				getLayoutRelativeURL: function() {
					return '/do-globe-observer/trees';
				},
				getLayoutURL: function() {
					return 'https://observer.globe.gov/do-globe-observer/trees';
				},
				getParentLayoutId: function() {
					return '114';
				},
				isControlPanel: function() {
					return false;
				},
				isPrivateLayout: function() {
					return 'false';
				},
				isVirtualLayout: function() {
					return false;
				},
			

			getBCP47LanguageId: function() {
				return 'en-US';
			},
			getCanonicalURL: function() {

				

				return 'https\x3a\x2f\x2fobserver\x2eglobe\x2egov\x2fdo-globe-observer\x2ftrees';
			},
			getCDNBaseURL: function() {
				return 'https://observer.globe.gov';
			},
			getCDNDynamicResourcesHost: function() {
				return '';
			},
			getCDNHost: function() {
				return '';
			},
			getCompanyGroupId: function() {
				return '10165';
			},
			getCompanyId: function() {
				return '10132';
			},
			getDefaultLanguageId: function() {
				return 'en_US';
			},
			getDoAsUserIdEncoded: function() {
				return '';
			},
			getLanguageId: function() {
				return 'en_US';
			},
			getParentGroupId: function() {
				return '19589576';
			},
			getPathContext: function() {
				return '';
			},
			getPathImage: function() {
				return '/image';
			},
			getPathJavaScript: function() {
				return '/o/frontend-js-web';
			},
			getPathMain: function() {
				return '/c';
			},
			getPathThemeImages: function() {
				return 'https://observer.globe.gov/o/gov-globe-observer-theme/images';
			},
			getPathThemeRoot: function() {
				return '/o/gov-globe-observer-theme';
			},
			getPlid: function() {
				return '52460004';
			},
			getPortalURL: function() {
				return 'https://observer.globe.gov';
			},
			getScopeGroupId: function() {
				return '19589576';
			},
			getScopeGroupIdOrLiveGroupId: function() {
				return '19589576';
			},
			getSessionId: function() {
				return '';
			},
			getSiteAdminURL: function() {
				return 'https://observer.globe.gov/group/globe-observer/~/control_panel/manage?p_p_lifecycle=0&amp;p_p_state=maximized&amp;p_p_mode=view';
			},
			getSiteGroupId: function() {
				return '19589576';
			},
			getURLControlPanel: function() {
				return '/group/control_panel?refererPlid=52460004';
			},
			getURLHome: function() {
				return 'https\x3a\x2f\x2fobserver\x2eglobe\x2egov\x2fweb\x2fguest\x2fhome';
			},
			getUserEmailAddress: function() {
				return '';
			},
			getUserId: function() {
				return '10135';
			},
			getUserName: function() {
				return '';
			},
			isAddSessionIdToURL: function() {
				return false;
			},
			isImpersonated: function() {
				return false;
			},
			isSignedIn: function() {
				return false;
			},
			isStateExclusive: function() {
				return false;
			},
			isStateMaximized: function() {
				return false;
			},
			isStatePopUp: function() {
				return false;
			}
		};

		var themeDisplay = Liferay.ThemeDisplay;

		Liferay.AUI = {

			

			getAvailableLangPath: function() {
				return 'available_languages.jsp?browserId=other&amp;themeId=govglobeobservertheme_WAR_govglobeobservertheme&amp;colorSchemeId=01&amp;minifierType=js&amp;languageId=en_US&amp;b=7210&amp;t=1631480340807';
			},
			getCombine: function() {
				return true;
			},
			getComboPath: function() {
				return '/combo/?browserId=other&amp;minifierType=&amp;languageId=en_US&amp;b=7210&amp;t=1631478628671&amp;';
			},
			getDateFormat: function() {
				return '%m/%d/%Y';
			},
			getEditorCKEditorPath: function() {
				return '/o/frontend-editor-ckeditor-web';... (set the log level to DEBUG or TRACE to see the full content) 
 </msg>
<status status="PASS" starttime="20210912 22:23:16.378" endtime="20210912 22:23:17.034"/>
</kw>
<msg timestamp="20210912 22:23:17.034" level="INFO">${canConnect} = True</msg>
<status status="PASS" starttime="20210912 22:23:16.378" endtime="20210912 22:23:17.034"/>
</kw>
<if>
<branch type="IF" condition="${canConnect}">
<kw name="Get On Session" library="RequestsLibrary">
<var>${response}</var>
<arg>testLink</arg>
<arg>${link}</arg>
<doc>Sends a GET request on a previously created HTTP Session.</doc>
<msg timestamp="20210912 22:23:17.619" level="INFO">GET Request : url=http://observer.globe.gov/do-globe-observer/trees (redirected) 
 path_url=/do-globe-observer/trees 
 headers={'User-Agent': 'python-requests/2.26.0', 'Accept-Encoding': 'gzip, deflate', 'Accept': '*/*', 'Connection': 'keep-alive', 'Cookie': 'dtCookie=v_4_srv_6_sn_61B1B14208D239AEC9F5716E488666D0_perc_100000_ol_0_mul_1_app-3A91c4300ee97a533c_1; AWSALB=jSfVKRImtv2/0XhyFzLnuN896olqK1Rl9s6aS8/t8x+wZ2eCi7uphbyfciI7FsD1pFcubulqo0pPzJagvXYjH8dgqA6ztDbaakOFU1WPLtpzAx1HYbZdhhVgL8AP; AWSALBCORS=jSfVKRImtv2/0XhyFzLnuN896olqK1Rl9s6aS8/t8x+wZ2eCi7uphbyfciI7FsD1pFcubulqo0pPzJagvXYjH8dgqA6ztDbaakOFU1WPLtpzAx1HYbZdhhVgL8AP'} 
 body=None 
 </msg>
<msg timestamp="20210912 22:23:17.619" level="INFO">GET Response : url=https://observer.globe.gov/do-globe-observer/trees 
 status=200, reason= 
 headers={'Date': 'Mon, 13 Sep 2021 05:23:16 GMT', 'Content-Type': 'text/html;charset=UTF-8', 'Content-Length': '19059', 'Connection': 'keep-alive', 'Server': 'Apache TomcatO', 'Strict-Transport-Security': 'max-age=31536000; includeSubDomains; preload', 'Access-Control-Allow-Origin': '*', 'X-OneAgent-JS-Injection': 'true', 'X-Content-Type-Options': 'nosniff', 'X-Frame-Options': 'SAMEORIGIN', 'X-XSS-Protection': '1', 'Expires': 'Thu, 01 Jan 1970 00:00:00 GMT', 'Cache-Control': 'private, no-cache, no-store, must-revalidate', 'Pragma': 'no-cache', 'Liferay-Portal': 'Liferay Digital Experience Platform', 'Set-Cookie': 'AWSALB=ygPHWfiJOlXgML+241pOH7W4N8nAMDxA/saHmAqfRNSXf6L9O1bibpDypKOD5+LCn74rXbWJx/LInv5aa+KjhBlznDusLKXNyNUhPwvnFgol80rXDGeKsVk4GBZr; Expires=Mon, 20 Sep 2021 05:23:16 GMT; Path=/, AWSALBCORS=ygPHWfiJOlXgML+241pOH7W4N8nAMDxA/saHmAqfRNSXf6L9O1bibpDypKOD5+LCn74rXbWJx/LInv5aa+KjhBlznDusLKXNyNUhPwvnFgol80rXDGeKsVk4GBZr; Expires=Mon, 20 Sep 2021 05:23:16 GMT; Path=/; SameSite=None', 'Vary': 'Accept-Encoding', 'Content-Encoding': 'gzip', 'Server-Timing': 'dtRpid;desc="-333458832"'} 
 body=



































	
		
			&lt;!DOCTYPE html&gt;




























































&lt;html class="ltr" dir="ltr" lang="en-US"&gt;

&lt;head&gt;
	&lt;title&gt;Trees Overview - GLOBE Observer - GLOBE.gov&lt;/title&gt;

	&lt;meta content="initial-scale=1.0, width=device-width" name="viewport" /&gt;
    &lt;link href="https://observer.globe.gov/o/gov-globe-observer-theme/css/fonts/stylesheet.min.css" rel="stylesheet" media="screen"&gt;





































&lt;meta content="text/html; charset=UTF-8" http-equiv="content-type" /&gt;












&lt;script type="text/javascript" src="/ruxitagentjs_ICA27SVfjqrux_10223210811140219.js" data-dtconfig="app=91c4300ee97a533c|rcdec=1209600000|featureHash=ICA27SVfjqrux|vcv=2|rdnt=1|uxrgce=1|bp=3|srmcrv=10|cuc=c7d5zp0e|mel=100000|dpvc=1|ssv=4|lastModification=1631293850650|dtVersion=10223210811140219|srmcrl=1|tp=500,50,0,1|uxdcw=1500|vs=2|agentUri=/ruxitagentjs_ICA27SVfjqrux_10223210811140219.js|reportUrl=/rb_bf84265lld|rid=RID_-45032782|rpid=-333458832|domain=globe.gov"&gt;&lt;/script&gt;&lt;link data-senna-track="permanent" href="/o/frontend-theme-font-awesome-web/css/main.css" rel="stylesheet" type="text/css" /&gt;
&lt;script data-senna-track="permanent" src="/combo?browserId=other&amp;minifierType=js&amp;languageId=en_US&amp;b=7210&amp;t=1631478646214&amp;/o/frontend-js-jquery-web/jquery/jquery.min.js&amp;/o/frontend-js-jquery-web/jquery/bootstrap.bundle.min.js&amp;/o/frontend-js-jquery-web/jquery/collapsible_search.js&amp;/o/frontend-js-jquery-web/jquery/fm.js&amp;/o/frontend-js-jquery-web/jquery/form.js&amp;/o/frontend-js-jquery-web/jquery/popper.min.js&amp;/o/frontend-js-jquery-web/jquery/side_navigation.js" type="text/javascript"&gt;&lt;/script&gt;


&lt;link href="https://observer.globe.gov/o/gov-globe-observer-theme/images/favicon.ico" rel="icon" /&gt;





	

		
			
				&lt;link data-senna-track="temporary" href="https://observer.globe.gov/do-globe-observer/trees" rel="canonical" /&gt;
			
		

	

		
			
				&lt;link data-senna-track="temporary" href="https://observer.globe.gov/es/do-globe-observer/trees" hreflang="es-ES" rel="alternate" /&gt;
			
			

	

		
			
				&lt;link data-senna-track="temporary" href="https://observer.globe.gov/ru/do-globe-observer/trees" hreflang="ru-RU" rel="alternate" /&gt;
			
			

	

		
			
				&lt;link data-senna-track="temporary" href="https://observer.globe.gov/fr/do-globe-observer/trees" hreflang="fr-FR" rel="alternate" /&gt;
			
			

	

		
			
				&lt;link data-senna-track="temporary" href="https://observer.globe.gov/do-globe-observer/trees" hreflang="en-US" rel="alternate" /&gt;
			
			

	

		
			
				&lt;link data-senna-track="temporary" href="https://observer.globe.gov/de/do-globe-observer/trees" hreflang="de-DE" rel="alternate" /&gt;
			
			

	

		
			
				&lt;link data-senna-track="temporary" href="https://observer.globe.gov/do-globe-observer/trees" hreflang="x-default" rel="alternate" /&gt;
			
			

	





&lt;link class="lfr-css-file" data-senna-track="temporary" href="https://observer.globe.gov/o/gov-globe-observer-theme/css/clay.css?browserId=other&amp;amp;themeId=govglobeobservertheme_WAR_govglobeobservertheme&amp;amp;minifierType=css&amp;amp;languageId=en_US&amp;amp;b=7210&amp;amp;t=1631478714000" id="liferayAUICSS" rel="stylesheet" type="text/css" /&gt;



&lt;link data-senna-track="temporary" href="/o/frontend-css-web/main.css?browserId=other&amp;amp;themeId=govglobeobservertheme_WAR_govglobeobservertheme&amp;amp;minifierType=css&amp;amp;languageId=en_US&amp;amp;b=7210&amp;amp;t=1631478624082" id="liferayPortalCSS" rel="stylesheet" type="text/css" /&gt;









	

	





	



	

		&lt;link data-senna-track="temporary" href="/combo?browserId=other&amp;amp;minifierType=&amp;amp;themeId=govglobeobservertheme_WAR_govglobeobservertheme&amp;amp;languageId=en_US&amp;amp;b=7210&amp;amp;com_liferay_asset_publisher_web_portlet_AssetPublisherPortlet_INSTANCE_gov_globe_observer_home_now_GlobeObserverHomeNowWebPortlet_INSTANCE_UNsruJqnBYFx_globeNowNews:%2Fcss%2Fmain.css&amp;amp;com_liferay_journal_content_web_portlet_JournalContentPortlet_INSTANCE_aYVcj7w5GxTN:%2Fcss%2Fmain.css&amp;amp;com_liferay_product_navigation_product_menu_web_portlet_ProductMenuPortlet:%2Fcss%2Fmain.css&amp;amp;com_liferay_product_navigation_user_personal_bar_web_portlet_ProductNavigationUserPersonalBarPortlet:%2Fcss%2Fmain.css&amp;amp;gov_globe_observer_home_now_GlobeObserverHomeNowWebPortlet_INSTANCE_UNsruJqnBYFx:%2Fcss%2Fmain.css&amp;amp;t=1631478714000" id="bfbe87d6" rel="stylesheet" type="text/css" /&gt;

	







&lt;script data-senna-track="temporary" type="text/javascript"&gt;
	// &lt;![CDATA[
		var Liferay = Liferay || {};

		Liferay.Browser = {
			acceptsGzip: function() {
				return true;
			},

			

			getMajorVersion: function() {
				return 0;
			},

			getRevision: function() {
				return '';
			},
			getVersion: function() {
				return '';
			},

			

			isAir: function() {
				return false;
			},
			isChrome: function() {
				return false;
			},
			isEdge: function() {
				return false;
			},
			isFirefox: function() {
				return false;
			},
			isGecko: function() {
				return false;
			},
			isIe: function() {
				return false;
			},
			isIphone: function() {
				return false;
			},
			isLinux: function() {
				return false;
			},
			isMac: function() {
				return false;
			},
			isMobile: function() {
				return false;
			},
			isMozilla: function() {
				return false;
			},
			isOpera: function() {
				return false;
			},
			isRtf: function() {
				return false;
			},
			isSafari: function() {
				return false;
			},
			isSun: function() {
				return false;
			},
			isWebKit: function() {
				return false;
			},
			isWindows: function() {
				return false;
			}
		};

		Liferay.Data = Liferay.Data || {};

		Liferay.Data.ICONS_INLINE_SVG = true;

		Liferay.Data.NAV_SELECTOR = '#navigation';

		Liferay.Data.NAV_SELECTOR_MOBILE = '#navigationCollapse';

		Liferay.Data.isCustomizationView = function() {
			return false;
		};

		Liferay.Data.notices = [
			null

			

			
		];

		Liferay.PortletKeys = {
			DOCUMENT_LIBRARY: 'com_liferay_document_library_web_portlet_DLPortlet',
			DYNAMIC_DATA_MAPPING: 'com_liferay_dynamic_data_mapping_web_portlet_DDMPortlet',
			ITEM_SELECTOR: 'com_liferay_item_selector_web_portlet_ItemSelectorPortlet'
		};

		Liferay.PropsValues = {
			JAVASCRIPT_SINGLE_PAGE_APPLICATION_TIMEOUT: 0,
			NTLM_AUTH_ENABLED: false,
			UPLOAD_SERVLET_REQUEST_IMPL_MAX_SIZE: 104857600
		};

		Liferay.ThemeDisplay = {

			

			
				getLayoutId: function() {
					return '157';
				},

				

				getLayoutRelativeControlPanelURL: function() {
					return '/group/globe-observer/~/control_panel/manage';
				},

				getLayoutRelativeURL: function() {
					return '/do-globe-observer/trees';
				},
				getLayoutURL: function() {
					return 'https://observer.globe.gov/do-globe-observer/trees';
				},
				getParentLayoutId: function() {
					return '114';
				},
				isControlPanel: function() {
					return false;
				},
				isPrivateLayout: function() {
					return 'false';
				},
				isVirtualLayout: function() {
					return false;
				},
			

			getBCP47LanguageId: function() {
				return 'en-US';
			},
			getCanonicalURL: function() {

				

				return 'https\x3a\x2f\x2fobserver\x2eglobe\x2egov\x2fdo-globe-observer\x2ftrees';
			},
			getCDNBaseURL: function() {
				return 'https://observer.globe.gov';
			},
			getCDNDynamicResourcesHost: function() {
				return '';
			},
			getCDNHost: function() {
				return '';
			},
			getCompanyGroupId: function() {
				return '10165';
			},
			getCompanyId: function() {
				return '10132';
			},
			getDefaultLanguageId: function() {
				return 'en_US';
			},
			getDoAsUserIdEncoded: function() {
				return '';
			},
			getLanguageId: function() {
				return 'en_US';
			},
			getParentGroupId: function() {
				return '19589576';
			},
			getPathContext: function() {
				return '';
			},
			getPathImage: function() {
				return '/image';
			},
			getPathJavaScript: function() {
				return '/o/frontend-js-web';
			},
			getPathMain: function() {
				return '/c';
			},
			getPathThemeImages: function() {
				return 'https://observer.globe.gov/o/gov-globe-observer-theme/images';
			},
			getPathThemeRoot: function() {
				return '/o/gov-globe-observer-theme';
			},
			getPlid: function() {
				return '52460004';
			},
			getPortalURL: function() {
				return 'https://observer.globe.gov';
			},
			getScopeGroupId: function() {
				return '19589576';
			},
			getScopeGroupIdOrLiveGroupId: function() {
				return '19589576';
			},
			getSessionId: function() {
				return '';
			},
			getSiteAdminURL: function() {
				return 'https://observer.globe.gov/group/globe-observer/~/control_panel/manage?p_p_lifecycle=0&amp;p_p_state=maximized&amp;p_p_mode=view';
			},
			getSiteGroupId: function() {
				return '19589576';
			},
			getURLControlPanel: function() {
				return '/group/control_panel?refererPlid=52460004';
			},
			getURLHome: function() {
				return 'https\x3a\x2f\x2fobserver\x2eglobe\x2egov\x2fweb\x2fguest\x2fhome';
			},
			getUserEmailAddress: function() {
				return '';
			},
			getUserId: function() {
				return '10135';
			},
			getUserName: function() {
				return '';
			},
			isAddSessionIdToURL: function() {
				return false;
			},
			isImpersonated: function() {
				return false;
			},
			isSignedIn: function() {
				return false;
			},
			isStateExclusive: function() {
				return false;
			},
			isStateMaximized: function() {
				return false;
			},
			isStatePopUp: function() {
				return false;
			}
		};

		var themeDisplay = Liferay.ThemeDisplay;

		Liferay.AUI = {

			

			getAvailableLangPath: function() {
				return 'available_languages.jsp?browserId=other&amp;themeId=govglobeobservertheme_WAR_govglobeobservertheme&amp;colorSchemeId=01&amp;minifierType=js&amp;languageId=en_US&amp;b=7210&amp;t=1631480340807';
			},
			getCombine: function() {
				return true;
			},
			getComboPath: function() {
				return '/combo/?browserId=other&amp;minifierType=&amp;languageId=en_US&amp;b=7210&amp;t=1631478628671&amp;';
			},
			getDateFormat: function() {
				return '%m/%d/%Y';
			},
			getEditorCKEditorPath: function() {
				return '/o/frontend-editor-ckeditor-web';... (set the log level to DEBUG or TRACE to see the full content) 
 </msg>
<msg timestamp="20210912 22:23:17.620" level="INFO">${response} = &lt;Response [200]&gt;</msg>
<status status="PASS" starttime="20210912 22:23:17.035" endtime="20210912 22:23:17.620"/>
</kw>
<if>
<branch type="IF" condition="${response.status_code}!=200">
<kw name="Fail" library="BuiltIn">
<arg>Failed Status Code ${response.status_code} with link: ${link}</arg>
<doc>Fails the test with the given message and optionally alters its tags.</doc>
<status status="NOT RUN" starttime="20210912 22:23:17.620" endtime="20210912 22:23:17.620"/>
</kw>
<status status="NOT RUN" starttime="20210912 22:23:17.620" endtime="20210912 22:23:17.620"/>
</branch>
<status status="PASS" starttime="20210912 22:23:17.620" endtime="20210912 22:23:17.620"/>
</if>
<status status="PASS" starttime="20210912 22:23:17.035" endtime="20210912 22:23:17.620"/>
</branch>
<branch type="ELSE">
<kw name="Fail" library="BuiltIn">
<arg>Failed To Connect to link: ${link}</arg>
<doc>Fails the test with the given message and optionally alters its tags.</doc>
<status status="NOT RUN" starttime="20210912 22:23:17.620" endtime="20210912 22:23:17.620"/>
</kw>
<status status="NOT RUN" starttime="20210912 22:23:17.620" endtime="20210912 22:23:17.620"/>
</branch>
<status status="PASS" starttime="20210912 22:23:17.035" endtime="20210912 22:23:17.620"/>
</if>
<status status="PASS" starttime="20210912 22:23:16.377" endtime="20210912 22:23:17.620"/>
</iter>
<status status="PASS" starttime="20210912 22:22:57.800" endtime="20210912 22:23:17.620"/>
</for>
<kw name="Delete All Sessions" library="RequestsLibrary">
<doc>Removes all the session objects</doc>
<msg timestamp="20210912 22:23:17.620" level="INFO">Deleting All Sessions</msg>
<status status="PASS" starttime="20210912 22:23:17.620" endtime="20210912 22:23:17.627"/>
</kw>
<status status="PASS" starttime="20210912 22:22:52.742" endtime="20210912 22:23:17.627"/>
</kw>
<kw name="Close All Browsers" library="SeleniumLibrary" type="TEARDOWN">
<doc>Closes all open browsers and resets the browser cache.</doc>
<status status="PASS" starttime="20210912 22:23:17.628" endtime="20210912 22:23:19.697"/>
</kw>
<status status="PASS" starttime="20210912 22:22:22.070" endtime="20210912 22:23:19.697"/>
</test>
<status status="PASS" starttime="20210912 22:22:21.953" endtime="20210912 22:23:19.697"/>
</suite>
<status status="PASS" starttime="20210912 22:22:21.934" endtime="20210912 22:23:21.776"/>
</suite>
<statistics>
<total>
<stat pass="1" fail="0" skip="0">All Tests</stat>
</total>
<tag>
</tag>
<suite>
<stat pass="1" fail="0" skip="0" id="s1" name="Tests">Tests</stat>
<stat pass="1" fail="0" skip="0" id="s1-s1" name="About">Tests.About</stat>
</suite>
</statistics>
<errors>
</errors>
</robot>
