<?xml version="1.0" encoding="UTF-8"?>
<robot generator="Robot 4.1.1 (Python 3.9.7 on win32)" generated="20210912 22:22:21.870" rpa="false" schemaversion="2">
<suite id="s1" name="Tests" source="R:\GLOBE_Website_Tests\Tests">
<suite id="s1-s1" name="Access" source="R:\GLOBE_Website_Tests\Tests\Access.robot">
<test id="s1-s1-t1" name="Navigate between Globe Observer and Globe Home">
<kw name="Open to Site" library="Observer" type="SETUP">
<arg>https://www.globe.gov/</arg>
<kw name="Evaluate" library="BuiltIn">
<var>${chrome_options}</var>
<arg>sys.modules['selenium.webdriver'].ChromeOptions()</arg>
<arg>sys, selenium.webdriver</arg>
<doc>Evaluates the given expression in Python and returns the result.</doc>
<msg timestamp="20210912 22:22:22.075" level="INFO">${chrome_options} = &lt;selenium.webdriver.chrome.options.Options object at 0x00000151920E4640&gt;</msg>
<status status="PASS" starttime="20210912 22:22:22.074" endtime="20210912 22:22:22.075"/>
</kw>
<kw name="Call Method" library="BuiltIn">
<arg>${chrome_options}</arg>
<arg>add_argument</arg>
<arg>--disable-extensions</arg>
<doc>Calls the named method of the given object with the provided arguments.</doc>
<status status="PASS" starttime="20210912 22:22:22.075" endtime="20210912 22:22:22.075"/>
</kw>
<kw name="Call Method" library="BuiltIn">
<arg>${chrome_options}</arg>
<arg>add_argument</arg>
<arg>--headless</arg>
<doc>Calls the named method of the given object with the provided arguments.</doc>
<status status="PASS" starttime="20210912 22:22:22.075" endtime="20210912 22:22:22.076"/>
</kw>
<kw name="Call Method" library="BuiltIn">
<arg>${chrome_options}</arg>
<arg>add_argument</arg>
<arg>--disable-gpu</arg>
<doc>Calls the named method of the given object with the provided arguments.</doc>
<status status="PASS" starttime="20210912 22:22:22.076" endtime="20210912 22:22:22.076"/>
</kw>
<kw name="Call Method" library="BuiltIn">
<arg>${chrome_options}</arg>
<arg>add_argument</arg>
<arg>--no-sandbox</arg>
<doc>Calls the named method of the given object with the provided arguments.</doc>
<status status="PASS" starttime="20210912 22:22:22.076" endtime="20210912 22:22:22.076"/>
</kw>
<kw name="Create Webdriver" library="SeleniumLibrary">
<arg>Chrome</arg>
<arg>chrome_options=${chrome_options}</arg>
<doc>Creates an instance of Selenium WebDriver.</doc>
<msg timestamp="20210912 22:22:22.076" level="INFO">Creating an instance of the Chrome WebDriver.</msg>
<status status="PASS" starttime="20210912 22:22:22.076" endtime="20210912 22:22:23.232"/>
</kw>
<kw name="Set Window Size" library="SeleniumLibrary">
<arg>${1400}</arg>
<arg>${600}</arg>
<doc>Sets current windows size to given ``width`` and ``height``.</doc>
<status status="PASS" starttime="20210912 22:22:23.233" endtime="20210912 22:22:23.350"/>
</kw>
<kw name="Go To" library="SeleniumLibrary">
<arg>${link}</arg>
<doc>Navigates the current browser window to the provided ``url``.</doc>
<msg timestamp="20210912 22:22:23.350" level="INFO">Opening url 'https://www.globe.gov/'</msg>
<status status="PASS" starttime="20210912 22:22:23.350" endtime="20210912 22:22:36.057"/>
</kw>
<status status="PASS" starttime="20210912 22:22:22.074" endtime="20210912 22:22:36.057"/>
</kw>
<kw name="Navigate to Globe Observer from Globe Home">
<kw name="Click Link in Navbar" library="Observer">
<arg>Do GLOBE</arg>
<arg>GLOBE Observer Website</arg>
<kw name="Wait Until Page Finishes Loading" library="Observer">
<kw name="Wait For Condition" library="SeleniumLibrary">
<arg>return window.document.readyState == 'complete'</arg>
<doc>Waits until ``condition`` is true or ``timeout`` expires.</doc>
<status status="PASS" starttime="20210912 22:22:36.058" endtime="20210912 22:22:36.060"/>
</kw>
<kw name="Sleep" library="BuiltIn">
<arg>5</arg>
<doc>Pauses the test executed for the given time.</doc>
<msg timestamp="20210912 22:22:41.061" level="INFO">Slept 5 seconds</msg>
<status status="PASS" starttime="20210912 22:22:36.060" endtime="20210912 22:22:41.061"/>
</kw>
<status status="PASS" starttime="20210912 22:22:36.058" endtime="20210912 22:22:41.061"/>
</kw>
<kw name="Set Variable" library="BuiltIn">
<var>${sectionLink}</var>
<arg>${Navbar}//span[contains(text(),"${section}")]/..</arg>
<doc>Returns the given values which can then be assigned to a variables.</doc>
<msg timestamp="20210912 22:22:41.061" level="INFO">${sectionLink} = xpath=//*[@id='navigation']//span[contains(text(),"Do GLOBE")]/..</msg>
<status status="PASS" starttime="20210912 22:22:41.061" endtime="20210912 22:22:41.061"/>
</kw>
<if>
<branch type="IF" condition="&quot;${subsection}&quot;==&quot;${EMPTY}&quot;">
<kw name="Wait Until Element Is Visible" library="SeleniumLibrary">
<arg>${sectionLink}</arg>
<doc>Waits until the element ``locator`` is visible.</doc>
<status status="NOT RUN" starttime="20210912 22:22:41.062" endtime="20210912 22:22:41.062"/>
</kw>
<kw name="Click Element" library="SeleniumLibrary">
<arg>${sectionLink}</arg>
<doc>Click the element identified by ``locator``.</doc>
<status status="NOT RUN" starttime="20210912 22:22:41.062" endtime="20210912 22:22:41.062"/>
</kw>
<status status="NOT RUN" starttime="20210912 22:22:41.062" endtime="20210912 22:22:41.062"/>
</branch>
<branch type="ELSE">
<kw name="Set Variable" library="BuiltIn">
<var>${subsectionLink}</var>
<arg>${sectionLink}/following-sibling::ul//a[contains(text(),"${subsection}")]</arg>
<doc>Returns the given values which can then be assigned to a variables.</doc>
<msg timestamp="20210912 22:22:41.062" level="INFO">${subsectionLink} = xpath=//*[@id='navigation']//span[contains(text(),"Do GLOBE")]/../following-sibling::ul//a[contains(text(),"GLOBE Observer Website")]</msg>
<status status="PASS" starttime="20210912 22:22:41.062" endtime="20210912 22:22:41.062"/>
</kw>
<kw name="Wait Until Element Is Visible" library="SeleniumLibrary">
<arg>${sectionLink}</arg>
<doc>Waits until the element ``locator`` is visible.</doc>
<status status="PASS" starttime="20210912 22:22:41.062" endtime="20210912 22:22:41.084"/>
</kw>
<kw name="Mouse Over" library="SeleniumLibrary">
<arg>${sectionLink}</arg>
<doc>Simulates hovering the mouse over the element ``locator``.</doc>
<msg timestamp="20210912 22:22:41.085" level="INFO">Simulating Mouse Over on element 'xpath=//*[@id='navigation']//span[contains(text(),"Do GLOBE")]/..'.</msg>
<status status="PASS" starttime="20210912 22:22:41.085" endtime="20210912 22:22:41.360"/>
</kw>
<kw name="Wait Until Element Is Visible" library="SeleniumLibrary">
<arg>${subsectionLink}</arg>
<doc>Waits until the element ``locator`` is visible.</doc>
<status status="PASS" starttime="20210912 22:22:41.360" endtime="20210912 22:22:41.382"/>
</kw>
<kw name="Click Element" library="SeleniumLibrary">
<arg>${subsectionLink}</arg>
<doc>Click the element identified by ``locator``.</doc>
<msg timestamp="20210912 22:22:41.383" level="INFO">Clicking element 'xpath=//*[@id='navigation']//span[contains(text(),"Do GLOBE")]/../following-sibling::ul//a[contains(text(),"GLOBE Observer Website")]'.</msg>
<status status="PASS" starttime="20210912 22:22:41.382" endtime="20210912 22:22:47.038"/>
</kw>
<status status="PASS" starttime="20210912 22:22:41.062" endtime="20210912 22:22:47.038"/>
</branch>
<status status="PASS" starttime="20210912 22:22:41.061" endtime="20210912 22:22:47.038"/>
</if>
<status status="PASS" starttime="20210912 22:22:36.058" endtime="20210912 22:22:47.039"/>
</kw>
<kw name="Wait Until Location Is" library="SeleniumLibrary">
<arg>https://observer.globe.gov/</arg>
<doc>Waits until the current URL is ``expected``.</doc>
<status status="PASS" starttime="20210912 22:22:47.039" endtime="20210912 22:22:47.041"/>
</kw>
<status status="PASS" starttime="20210912 22:22:36.057" endtime="20210912 22:22:47.041"/>
</kw>
<kw name="Navigate from Globe Home to Globe Observer">
<kw name="Wait Until Page Finishes Loading" library="Observer">
<kw name="Wait For Condition" library="SeleniumLibrary">
<arg>return window.document.readyState == 'complete'</arg>
<doc>Waits until ``condition`` is true or ``timeout`` expires.</doc>
<status status="PASS" starttime="20210912 22:22:47.041" endtime="20210912 22:22:47.043"/>
</kw>
<kw name="Sleep" library="BuiltIn">
<arg>5</arg>
<doc>Pauses the test executed for the given time.</doc>
<msg timestamp="20210912 22:22:52.053" level="INFO">Slept 5 seconds</msg>
<status status="PASS" starttime="20210912 22:22:47.043" endtime="20210912 22:22:52.053"/>
</kw>
<status status="PASS" starttime="20210912 22:22:47.041" endtime="20210912 22:22:52.053"/>
</kw>
<kw name="Wait Until Element Is Visible" library="SeleniumLibrary">
<arg>${Header_TheGlobeProgramImageLink}</arg>
<doc>Waits until the element ``locator`` is visible.</doc>
<status status="PASS" starttime="20210912 22:22:52.053" endtime="20210912 22:22:52.067"/>
</kw>
<kw name="Click Element" library="SeleniumLibrary">
<arg>${Header_TheGlobeProgramImageLink}</arg>
<doc>Click the element identified by ``locator``.</doc>
<msg timestamp="20210912 22:22:52.067" level="INFO">Clicking element 'xpath=//a[@href='https://www.globe.gov/']'.</msg>
<status status="PASS" starttime="20210912 22:22:52.067" endtime="20210912 22:22:54.874"/>
</kw>
<kw name="Wait Until Location Is" library="SeleniumLibrary">
<arg>https://www.globe.gov/</arg>
<doc>Waits until the current URL is ``expected``.</doc>
<status status="PASS" starttime="20210912 22:22:54.874" endtime="20210912 22:22:54.877"/>
</kw>
<status status="PASS" starttime="20210912 22:22:47.041" endtime="20210912 22:22:54.877"/>
</kw>
<kw name="Close All Browsers" library="SeleniumLibrary" type="TEARDOWN">
<doc>Closes all open browsers and resets the browser cache.</doc>
<status status="PASS" starttime="20210912 22:22:54.877" endtime="20210912 22:22:56.937"/>
</kw>
<status status="PASS" starttime="20210912 22:22:22.073" endtime="20210912 22:22:56.937"/>
</test>
<status status="PASS" starttime="20210912 22:22:21.952" endtime="20210912 22:22:56.938"/>
</suite>
<status status="PASS" starttime="20210912 22:22:21.933" endtime="20210912 22:22:59.138"/>
</suite>
<statistics>
<total>
<stat pass="1" fail="0" skip="0">All Tests</stat>
</total>
<tag>
</tag>
<suite>
<stat pass="1" fail="0" skip="0" id="s1" name="Tests">Tests</stat>
<stat pass="1" fail="0" skip="0" id="s1-s1" name="Access">Tests.Access</stat>
</suite>
</statistics>
<errors>
<msg timestamp="20210912 22:22:59.641" level="WARN">Could not find suite with the title: Tests. Results will not be updated.
</msg>
</errors>
</robot>
