<?xml version="1.0" encoding="UTF-8"?>
<robot generator="Robot 4.1.1 (Python 3.9.7 on win32)" generated="20210912 22:22:21.864" rpa="false" schemaversion="2">
<suite id="s1" name="Tests" source="R:\GLOBE_Website_Tests\Tests">
<suite id="s1-s1" name="About" source="R:\GLOBE_Website_Tests\Tests\About.robot">
<test id="s1-s1-t1" name="App Status">
<kw name="Open to Site" library="Observer" type="SETUP">
<arg>https://observer.globe.gov/</arg>
<kw name="Evaluate" library="BuiltIn">
<var>${chrome_options}</var>
<arg>sys.modules['selenium.webdriver'].ChromeOptions()</arg>
<arg>sys, selenium.webdriver</arg>
<doc>Evaluates the given expression in Python and returns the result.</doc>
<msg timestamp="20210912 22:22:22.076" level="INFO">${chrome_options} = &lt;selenium.webdriver.chrome.options.Options object at 0x0000022B672F9FA0&gt;</msg>
<status status="PASS" starttime="20210912 22:22:22.076" endtime="20210912 22:22:22.076"/>
</kw>
<kw name="Call Method" library="BuiltIn">
<arg>${chrome_options}</arg>
<arg>add_argument</arg>
<arg>--disable-extensions</arg>
<doc>Calls the named method of the given object with the provided arguments.</doc>
<status status="PASS" starttime="20210912 22:22:22.076" endtime="20210912 22:22:22.076"/>
</kw>
<kw name="Call Method" library="BuiltIn">
<arg>${chrome_options}</arg>
<arg>add_argument</arg>
<arg>--headless</arg>
<doc>Calls the named method of the given object with the provided arguments.</doc>
<status status="PASS" starttime="20210912 22:22:22.077" endtime="20210912 22:22:22.077"/>
</kw>
<kw name="Call Method" library="BuiltIn">
<arg>${chrome_options}</arg>
<arg>add_argument</arg>
<arg>--disable-gpu</arg>
<doc>Calls the named method of the given object with the provided arguments.</doc>
<status status="PASS" starttime="20210912 22:22:22.077" endtime="20210912 22:22:22.077"/>
</kw>
<kw name="Call Method" library="BuiltIn">
<arg>${chrome_options}</arg>
<arg>add_argument</arg>
<arg>--no-sandbox</arg>
<doc>Calls the named method of the given object with the provided arguments.</doc>
<status status="PASS" starttime="20210912 22:22:22.077" endtime="20210912 22:22:22.077"/>
</kw>
<kw name="Create Webdriver" library="SeleniumLibrary">
<arg>Chrome</arg>
<arg>chrome_options=${chrome_options}</arg>
<doc>Creates an instance of Selenium WebDriver.</doc>
<msg timestamp="20210912 22:22:22.078" level="INFO">Creating an instance of the Chrome WebDriver.</msg>
<status status="PASS" starttime="20210912 22:22:22.077" endtime="20210912 22:22:23.233"/>
</kw>
<kw name="Set Window Size" library="SeleniumLibrary">
<arg>${1400}</arg>
<arg>${600}</arg>
<doc>Sets current windows size to given ``width`` and ``height``.</doc>
<status status="PASS" starttime="20210912 22:22:23.233" endtime="20210912 22:22:23.350"/>
</kw>
<kw name="Go To" library="SeleniumLibrary">
<arg>${link}</arg>
<doc>Navigates the current browser window to the provided ``url``.</doc>
<msg timestamp="20210912 22:22:23.350" level="INFO">Opening url 'https://observer.globe.gov/'</msg>
<status status="PASS" starttime="20210912 22:22:23.350" endtime="20210912 22:22:36.282"/>
</kw>
<status status="PASS" starttime="20210912 22:22:22.075" endtime="20210912 22:22:36.282"/>
</kw>
<kw name="Click Link in Navbar" library="Observer">
<arg>About</arg>
<arg>App Status</arg>
<kw name="Wait Until Page Finishes Loading" library="Observer">
<kw name="Wait For Condition" library="SeleniumLibrary">
<arg>return window.document.readyState == 'complete'</arg>
<doc>Waits until ``condition`` is true or ``timeout`` expires.</doc>
<status status="PASS" starttime="20210912 22:22:36.283" endtime="20210912 22:22:36.285"/>
</kw>
<kw name="Sleep" library="BuiltIn">
<arg>5</arg>
<doc>Pauses the test executed for the given time.</doc>
<msg timestamp="20210912 22:22:41.297" level="INFO">Slept 5 seconds</msg>
<status status="PASS" starttime="20210912 22:22:36.285" endtime="20210912 22:22:41.297"/>
</kw>
<status status="PASS" starttime="20210912 22:22:36.283" endtime="20210912 22:22:41.297"/>
</kw>
<kw name="Set Variable" library="BuiltIn">
<var>${sectionLink}</var>
<arg>${Navbar}//span[contains(text(),"${section}")]/..</arg>
<doc>Returns the given values which can then be assigned to a variables.</doc>
<msg timestamp="20210912 22:22:41.297" level="INFO">${sectionLink} = xpath=//*[@id='navigation']//span[contains(text(),"About")]/..</msg>
<status status="PASS" starttime="20210912 22:22:41.297" endtime="20210912 22:22:41.298"/>
</kw>
<if>
<branch type="IF" condition="&quot;${subsection}&quot;==&quot;${EMPTY}&quot;">
<kw name="Wait Until Element Is Visible" library="SeleniumLibrary">
<arg>${sectionLink}</arg>
<doc>Waits until the element ``locator`` is visible.</doc>
<status status="NOT RUN" starttime="20210912 22:22:41.298" endtime="20210912 22:22:41.298"/>
</kw>
<kw name="Click Element" library="SeleniumLibrary">
<arg>${sectionLink}</arg>
<doc>Click the element identified by ``locator``.</doc>
<status status="NOT RUN" starttime="20210912 22:22:41.298" endtime="20210912 22:22:41.298"/>
</kw>
<status status="NOT RUN" starttime="20210912 22:22:41.298" endtime="20210912 22:22:41.298"/>
</branch>
<branch type="ELSE">
<kw name="Set Variable" library="BuiltIn">
<var>${subsectionLink}</var>
<arg>${sectionLink}/following-sibling::ul//a[contains(text(),"${subsection}")]</arg>
<doc>Returns the given values which can then be assigned to a variables.</doc>
<msg timestamp="20210912 22:22:41.299" level="INFO">${subsectionLink} = xpath=//*[@id='navigation']//span[contains(text(),"About")]/../following-sibling::ul//a[contains(text(),"App Status")]</msg>
<status status="PASS" starttime="20210912 22:22:41.299" endtime="20210912 22:22:41.299"/>
</kw>
<kw name="Wait Until Element Is Visible" library="SeleniumLibrary">
<arg>${sectionLink}</arg>
<doc>Waits until the element ``locator`` is visible.</doc>
<status status="PASS" starttime="20210912 22:22:41.299" endtime="20210912 22:22:41.312"/>
</kw>
<kw name="Mouse Over" library="SeleniumLibrary">
<arg>${sectionLink}</arg>
<doc>Simulates hovering the mouse over the element ``locator``.</doc>
<msg timestamp="20210912 22:22:41.312" level="INFO">Simulating Mouse Over on element 'xpath=//*[@id='navigation']//span[contains(text(),"About")]/..'.</msg>
<status status="PASS" starttime="20210912 22:22:41.312" endtime="20210912 22:22:41.581"/>
</kw>
<kw name="Wait Until Element Is Visible" library="SeleniumLibrary">
<arg>${subsectionLink}</arg>
<doc>Waits until the element ``locator`` is visible.</doc>
<status status="PASS" starttime="20210912 22:22:41.582" endtime="20210912 22:22:41.594"/>
</kw>
<kw name="Click Element" library="SeleniumLibrary">
<arg>${subsectionLink}</arg>
<doc>Click the element identified by ``locator``.</doc>
<msg timestamp="20210912 22:22:41.594" level="INFO">Clicking element 'xpath=//*[@id='navigation']//span[contains(text(),"About")]/../following-sibling::ul//a[contains(text(),"App Status")]'.</msg>
<status status="PASS" starttime="20210912 22:22:41.594" endtime="20210912 22:22:41.621"/>
</kw>
<status status="PASS" starttime="20210912 22:22:41.299" endtime="20210912 22:22:41.621"/>
</branch>
<status status="PASS" starttime="20210912 22:22:41.298" endtime="20210912 22:22:41.621"/>
</if>
<status status="PASS" starttime="20210912 22:22:36.282" endtime="20210912 22:22:41.621"/>
</kw>
<kw name="Wait Until Location Is" library="SeleniumLibrary">
<arg>https://observer.globe.gov/about/app-status</arg>
<doc>Waits until the current URL is ``expected``.</doc>
<status status="PASS" starttime="20210912 22:22:41.621" endtime="20210912 22:22:41.833"/>
</kw>
<kw name="Each link in main page content should be valid">
<kw name="Wait Until Page Finishes Loading" library="Observer">
<kw name="Wait For Condition" library="SeleniumLibrary">
<arg>return window.document.readyState == 'complete'</arg>
<doc>Waits until ``condition`` is true or ``timeout`` expires.</doc>
<status status="PASS" starttime="20210912 22:22:41.833" endtime="20210912 22:22:41.835"/>
</kw>
<kw name="Sleep" library="BuiltIn">
<arg>5</arg>
<doc>Pauses the test executed for the given time.</doc>
<msg timestamp="20210912 22:22:46.848" level="INFO">Slept 5 seconds</msg>
<status status="PASS" starttime="20210912 22:22:41.835" endtime="20210912 22:22:46.848"/>
</kw>
<status status="PASS" starttime="20210912 22:22:41.833" endtime="20210912 22:22:46.848"/>
</kw>
<kw name="Get WebElements" library="SeleniumLibrary">
<var>${element_list}</var>
<arg>${BodyContent_Column1}//a[starts-with(@href, "http")]</arg>
<doc>Returns a list of WebElement objects matching the ``locator``.</doc>
<msg timestamp="20210912 22:22:46.855" level="INFO">${element_list} = [&lt;selenium.webdriver.remote.webelement.WebElement (session="97112ce1bb2ce6daeb1482c358b11176", element="6d964e30-1c0f-4046-850a-f280b38b4922")&gt;, &lt;selenium.webdriver.remote.webelement.WebElement (sessi...</msg>
<status status="PASS" starttime="20210912 22:22:46.848" endtime="20210912 22:22:46.855"/>
</kw>
<kw name="Evaluate" library="BuiltIn">
<var>${href_list}</var>
<arg>[item.get_attribute('href') for item in $element_list]</arg>
<doc>Evaluates the given expression in Python and returns the result.</doc>
<msg timestamp="20210912 22:22:46.873" level="INFO">${href_list} = ['https://www.globe.gov/web/marile.colonrobles/home/blog/-/blogs/a-new-look-and-way-to-submit-meteorological-observations-with-your-cloud-observations-6', 'https://observer.globe.gov/news-events-and-p...</msg>
<status status="PASS" starttime="20210912 22:22:46.855" endtime="20210912 22:22:46.873"/>
</kw>
<for flavor="IN">
<var>${link}</var>
<value>@{href_list}</value>
<iter>
<var name="${link}">https://www.globe.gov/web/marile.colonrobles/home/blog/-/blogs/a-new-look-and-way-to-submit-meteorological-observations-with-your-cloud-observations-6</var>
<kw name="Strip String" library="String">
<var>${link}</var>
<arg>${link}</arg>
<arg>mode=right</arg>
<arg>characters=.</arg>
<doc>Remove leading and/or trailing whitespaces from the given string.</doc>
<msg timestamp="20210912 22:22:46.873" level="INFO">${link} = https://www.globe.gov/web/marile.colonrobles/home/blog/-/blogs/a-new-look-and-way-to-submit-meteorological-observations-with-your-cloud-observations-6</msg>
<status status="PASS" starttime="20210912 22:22:46.873" endtime="20210912 22:22:46.873"/>
</kw>
<kw name="Create Session" library="RequestsLibrary">
<arg>testLink</arg>
<arg>${link}</arg>
<arg>disable_warnings=1</arg>
<doc>Create Session: create a HTTP session to a server</doc>
<msg timestamp="20210912 22:22:46.874" level="INFO">Creating Session using : alias=testLink, url=https://www.globe.gov/web/marile.colonrobles/home/blog/-/blogs/a-new-look-and-way-to-submit-meteorological-observations-with-your-cloud-observations-6, headers={},                     cookies={}, auth=None, timeout=None, proxies=None, verify=False,                     debug=0 </msg>
<status status="PASS" starttime="20210912 22:22:46.874" endtime="20210912 22:22:46.874"/>
</kw>
<kw name="Run Keyword And Return Status" library="BuiltIn">
<var>${canConnect}</var>
<arg>GET On Session</arg>
<arg>testLink</arg>
<arg>${link}</arg>
<doc>Runs the given keyword with given arguments and returns the status as a Boolean value.</doc>
<kw name="Get On Session" library="RequestsLibrary">
<arg>testLink</arg>
<arg>${link}</arg>
<doc>Sends a GET request on a previously created HTTP Session.</doc>
<msg timestamp="20210912 22:22:47.732" level="INFO">GET Request : url=https://www.globe.gov/web/marile.colonrobles/home/blog/-/blogs/a-new-look-and-way-to-submit-meteorological-observations-with-your-cloud-observations-6 
 path_url=/web/marile.colonrobles/home/blog/-/blogs/a-new-look-and-way-to-submit-meteorological-observations-with-your-cloud-observations-6 
 headers={'User-Agent': 'python-requests/2.26.0', 'Accept-Encoding': 'gzip, deflate', 'Accept': '*/*', 'Connection': 'keep-alive'} 
 body=None 
 </msg>
<msg timestamp="20210912 22:22:47.733" level="INFO">GET Response : url=https://www.globe.gov/web/marile.colonrobles/home/blog/-/blogs/a-new-look-and-way-to-submit-meteorological-observations-with-your-cloud-observations-6 
 status=200, reason= 
 headers={'Date': 'Mon, 13 Sep 2021 05:22:46 GMT', 'Content-Type': 'text/html;charset=UTF-8', 'Transfer-Encoding': 'chunked', 'Connection': 'keep-alive', 'Server': 'Apache TomcatG', 'Strict-Transport-Security': 'max-age=31536000; includeSubDomains; preload', 'Access-Control-Allow-Origin': '*', 'X-OneAgent-JS-Injection': 'true', 'X-Content-Type-Options': 'nosniff', 'X-Frame-Options': 'SAMEORIGIN', 'X-XSS-Protection': '1', 'Expires': 'Thu, 01 Jan 1970 00:00:00 GMT', 'Cache-Control': 'private, no-cache, no-store, must-revalidate', 'Pragma': 'no-cache', 'Liferay-Portal': 'Liferay Digital Experience Platform', 'X-Pingback': 'https://www.globe.gov/xmlrpc/pingback', 'Set-Cookie': 'AWSALB=MfXMI624JUmZQi1+hdJhyGmHjG6uUb/mBGfdkyU8z2kHReGSG0vq4yJqvVzz4UfgXPVEc1UJ5oX6zmyz4hnjw1a4RAegyqfbGn7+y2H0FNjTNgUfinBo0fPB4DLH; Expires=Mon, 20 Sep 2021 05:22:46 GMT; Path=/, AWSALBCORS=MfXMI624JUmZQi1+hdJhyGmHjG6uUb/mBGfdkyU8z2kHReGSG0vq4yJqvVzz4UfgXPVEc1UJ5oX6zmyz4hnjw1a4RAegyqfbGn7+y2H0FNjTNgUfinBo0fPB4DLH; Expires=Mon, 20 Sep 2021 05:22:46 GMT; Path=/; SameSite=None, JSESSIONID=C97A9F917AD1C8D42A621BD6E9C1564B; Path=/; Secure; HttpOnly, COOKIE_SUPPORT=true; Expires=Tue, 13-Sep-2022 05:22:46 GMT; Path=/; Secure; HttpOnly, GUEST_LANGUAGE_ID=en_US; Expires=Tue, 13-Sep-2022 05:22:46 GMT; Path=/; Secure; HttpOnly, dtCookie=v_4_srv_5_sn_2CFAA55E2FBC9DC73A7FBF45F175DDF7_perc_100000_ol_0_mul_1_app-3A632d46d7945593bd_1; Path=/; Domain=.globe.gov', 'Vary': 'Accept-Encoding', 'Content-Encoding': 'gzip', 'Server-Timing': 'dtRpid;desc="-731501630"'} 
 body=



































	
		
			&lt;!DOCTYPE html&gt;




























































&lt;html class="ltr" dir="ltr" lang="en-US"&gt;

&lt;head&gt;
	&lt;title&gt;A new look and way to submit meteorological observations with your cloud observations - Marile Colon Robles - GLOBE.gov&lt;/title&gt;

	&lt;meta content="initial-scale=1.0, width=device-width" name="viewport" /&gt;






































&lt;meta content="text/html; charset=UTF-8" http-equiv="content-type" /&gt;









&lt;meta content="Many protocol-trained GLOBE members may have noticed a recent update to the GLOBE Program’s GLOBE Observer..." lang="en-US" name="description" /&gt;&lt;meta content="clouds,new updates" lang="en-US" name="keywords" /&gt;


&lt;script type="text/javascript" src="/ruxitagentjs_ICA27SVfhjqrux_10223210811140219.js" data-dtconfig="app=632d46d7945593bd|rcdec=1209600000|featureHash=ICA27SVfhjqrux|vcv=2|rdnt=1|uxrgce=1|bp=3|srmcrv=10|cuc=c7d5zp0e|mel=100000|dpvc=1|md=mdcc1=a#username,mdcc2=cUSER_UUID|ssv=4|lastModification=1631293850650|dtVersion=10223210811140219|srmcrl=1|tp=500,50,0,1|uxdcw=1500|vs=2|agentUri=/ruxitagentjs_ICA27SVfhjqrux_10223210811140219.js|reportUrl=/rb_bf84265lld|rid=RID_-1997298605|rpid=-731501630|domain=globe.gov"&gt;&lt;/script&gt;&lt;link data-senna-track="permanent" href="/o/frontend-theme-font-awesome-web/css/main.css" rel="stylesheet" type="text/css" /&gt;
&lt;script data-senna-track="permanent" src="/combo?browserId=other&amp;minifierType=js&amp;languageId=en_US&amp;b=7210&amp;t=1631478646214&amp;/o/frontend-js-jquery-web/jquery/jquery.min.js&amp;/o/frontend-js-jquery-web/jquery/bootstrap.bundle.min.js&amp;/o/frontend-js-jquery-web/jquery/collapsible_search.js&amp;/o/frontend-js-jquery-web/jquery/fm.js&amp;/o/frontend-js-jquery-web/jquery/form.js&amp;/o/frontend-js-jquery-web/jquery/popper.min.js&amp;/o/frontend-js-jquery-web/jquery/side_navigation.js" type="text/javascript"&gt;&lt;/script&gt;


&lt;link href="https://www.globe.gov/o/gov-globe-main-theme/images/favicon.ico" rel="icon" /&gt;





	

		
			
				&lt;link data-senna-track="temporary" href="https://www.globe.gov/web/marile.colonrobles/home/blog/-/blogs/a-new-look-and-way-to-submit-meteorological-observations-with-your-cloud-observations-6" rel="canonical" /&gt;
			
		

	

		
			
				&lt;link data-senna-track="temporary" href="https://www.globe.gov/es/web/marile.colonrobles/home/blog/-/blogs/a-new-look-and-way-to-submit-meteorological-observations-with-your-cloud-observations-6" hreflang="es-ES" rel="alternate" /&gt;
			
			

	

		
			
				&lt;link data-senna-track="temporary" href="https://www.globe.gov/ru/web/marile.colonrobles/home/blog/-/blogs/a-new-look-and-way-to-submit-meteorological-observations-with-your-cloud-observations-6" hreflang="ru-RU" rel="alternate" /&gt;
			
			

	

		
			
				&lt;link data-senna-track="temporary" href="https://www.globe.gov/fr/web/marile.colonrobles/home/blog/-/blogs/a-new-look-and-way-to-submit-meteorological-observations-with-your-cloud-observations-6" hreflang="fr-FR" rel="alternate" /&gt;
			
			

	

		
			
				&lt;link data-senna-track="temporary" href="https://www.globe.gov/web/marile.colonrobles/home/blog/-/blogs/a-new-look-and-way-to-submit-meteorological-observations-with-your-cloud-observations-6" hreflang="en-US" rel="alternate" /&gt;
			
			

	

		
			
				&lt;link data-senna-track="temporary" href="https://www.globe.gov/de/web/marile.colonrobles/home/blog/-/blogs/a-new-look-and-way-to-submit-meteorological-observations-with-your-cloud-observations-6" hreflang="de-DE" rel="alternate" /&gt;
			
			

	

		
			
				&lt;link data-senna-track="temporary" href="https://www.globe.gov/web/marile.colonrobles/home/blog/-/blogs/a-new-look-and-way-to-submit-meteorological-observations-with-your-cloud-observations-6" hreflang="x-default" rel="alternate" /&gt;
			
			

	





&lt;link class="lfr-css-file" data-senna-track="temporary" href="https://www.globe.gov/o/gov-globe-main-theme/css/clay.css?browserId=other&amp;amp;themeId=govglobemain_WAR_govglobemaintheme&amp;amp;minifierType=css&amp;amp;languageId=en_US&amp;amp;b=7210&amp;amp;t=1631478712000" id="liferayAUICSS" rel="stylesheet" type="text/css" /&gt;



&lt;link data-senna-track="temporary" href="/o/frontend-css-web/main.css?browserId=other&amp;amp;themeId=govglobemain_WAR_govglobemaintheme&amp;amp;minifierType=css&amp;amp;languageId=en_US&amp;amp;b=7210&amp;amp;t=1631478624082" id="liferayPortalCSS" rel="stylesheet" type="text/css" /&gt;









	

	





	



	

		&lt;link data-senna-track="temporary" href="/combo?browserId=other&amp;amp;minifierType=&amp;amp;themeId=govglobemain_WAR_govglobemaintheme&amp;amp;languageId=en_US&amp;amp;b=7210&amp;amp;com_liferay_blogs_web_portlet_BlogsPortlet:%2Fblogs%2Fcss%2Fmain.css&amp;amp;com_liferay_product_navigation_product_menu_web_portlet_ProductMenuPortlet:%2Fcss%2Fmain.css&amp;amp;com_liferay_product_navigation_user_personal_bar_web_portlet_ProductNavigationUserPersonalBarPortlet:%2Fcss%2Fmain.css&amp;amp;gov_globe_common_portlet_NavigationPortlet:%2Fcss%2Fnav.css&amp;amp;t=1631478712000" id="dd5a89e0" rel="stylesheet" type="text/css" /&gt;

	







&lt;script data-senna-track="temporary" type="text/javascript"&gt;
	// &lt;![CDATA[
		var Liferay = Liferay || {};

		Liferay.Browser = {
			acceptsGzip: function() {
				return true;
			},

			

			getMajorVersion: function() {
				return 0;
			},

			getRevision: function() {
				return '';
			},
			getVersion: function() {
				return '';
			},

			

			isAir: function() {
				return false;
			},
			isChrome: function() {
				return false;
			},
			isEdge: function() {
				return false;
			},
			isFirefox: function() {
				return false;
			},
			isGecko: function() {
				return false;
			},
			isIe: function() {
				return false;
			},
			isIphone: function() {
				return false;
			},
			isLinux: function() {
				return false;
			},
			isMac: function() {
				return false;
			},
			isMobile: function() {
				return false;
			},
			isMozilla: function() {
				return false;
			},
			isOpera: function() {
				return false;
			},
			isRtf: function() {
				return false;
			},
			isSafari: function() {
				return false;
			},
			isSun: function() {
				return false;
			},
			isWebKit: function() {
				return false;
			},
			isWindows: function() {
				return false;
			}
		};

		Liferay.Data = Liferay.Data || {};

		Liferay.Data.ICONS_INLINE_SVG = true;

		Liferay.Data.NAV_SELECTOR = '#navigation';

		Liferay.Data.NAV_SELECTOR_MOBILE = '#navigationCollapse';

		Liferay.Data.isCustomizationView = function() {
			return false;
		};

		Liferay.Data.notices = [
			null

			

			
		];

		Liferay.PortletKeys = {
			DOCUMENT_LIBRARY: 'com_liferay_document_library_web_portlet_DLPortlet',
			DYNAMIC_DATA_MAPPING: 'com_liferay_dynamic_data_mapping_web_portlet_DDMPortlet',
			ITEM_SELECTOR: 'com_liferay_item_selector_web_portlet_ItemSelectorPortlet'
		};

		Liferay.PropsValues = {
			JAVASCRIPT_SINGLE_PAGE_APPLICATION_TIMEOUT: 0,
			NTLM_AUTH_ENABLED: false,
			UPLOAD_SERVLET_REQUEST_IMPL_MAX_SIZE: 104857600
		};

		Liferay.ThemeDisplay = {

			

			
				getLayoutId: function() {
					return '4';
				},

				

				getLayoutRelativeControlPanelURL: function() {
					return '/user/marile.colonrobles/~/control_panel/manage?p_p_id=com_liferay_blogs_web_portlet_BlogsPortlet';
				},

				getLayoutRelativeURL: function() {
					return '/web/marile.colonrobles/home/blog';
				},
				getLayoutURL: function() {
					return 'https://www.globe.gov/web/marile.colonrobles/home/blog';
				},
				getParentLayoutId: function() {
					return '1';
				},
				isControlPanel: function() {
					return false;
				},
				isPrivateLayout: function() {
					return 'false';
				},
				isVirtualLayout: function() {
					return false;
				},
			

			getBCP47LanguageId: function() {
				return 'en-US';
			},
			getCanonicalURL: function() {

				

				return 'https\x3a\x2f\x2fwww\x2eglobe\x2egov\x2fweb\x2fmarile\x2ecolonrobles\x2fhome\x2fblog\x2f-\x2fblogs\x2fa-new-look-and-way-to-submit-meteorological-observations-with-your-cloud-observations-6';
			},
			getCDNBaseURL: function() {
				return 'https://www.globe.gov';
			},
			getCDNDynamicResourcesHost: function() {
				return '';
			},
			getCDNHost: function() {
				return '';
			},
			getCompanyGroupId: function() {
				return '10165';
			},
			getCompanyId: function() {
				return '10132';
			},
			getDefaultLanguageId: function() {
				return 'en_US';
			},
			getDoAsUserIdEncoded: function() {
				return '';
			},
			getLanguageId: function() {
				return 'en_US';
			},
			getParentGroupId: function() {
				return '4048660';
			},
			getPathContext: function() {
				return '';
			},
			getPathImage: function() {
				return '/image';
			},
			getPathJavaScript: function() {
				return '/o/frontend-js-web';
			},
			getPathMain: function() {
				return '/c';
			},
			getPathThemeImages: function() {
				return 'https://www.globe.gov/o/gov-globe-main-theme/images';
			},
			getPathThemeRoot: function() {
				return '/o/gov-globe-main-theme';
			},
			getPlid: function() {
				return '25585210';
			},
			getPortalURL: function() {
				return 'https://www.globe.gov';
			},
			getScopeGroupId: function() {
				return '4048660';
			},
			getScopeGroupIdOrLiveGroupId: function() {
				return '4048660';
			},
			getSessionId: function() {
				return '';
			},
			getSiteAdminURL: function() {
				return 'https://www.globe.gov/group/marile.colonrobles/~/control_panel/manage?p_p_lifecycle=0&amp;p_p_state=maximized&amp;p_p_mode=view';
			},
			getSiteGroupId: function() {
				return '4048660';
			},
			getURLControlPanel: function() {
				return '/group/control_panel?refererPlid=25585210';
			},
			getURLHome: function() {
				return 'https\x3a\x2f\x2fwww\x2eglobe\x2egov\x2fweb\x2fguest\x2fhome';
			},
			getUserEmailAddress: function() {
				return '';
			},
			getUserId: function() {
				return '10135';
			},
			getUserName: function() {
				return '';
			},
			isAddSessionIdToURL: function() {
				return false;
			},
			isImpersonated: function() {
				return false;
			},
			isSignedIn: function() {
				return false;
			},
			isStateExclusive: function() {
				return false;... (set the log level to DEBUG or TRACE to see the full content) 
 </msg>
<status status="PASS" starttime="20210912 22:22:46.874" endtime="20210912 22:22:47.733"/>
</kw>
<msg timestamp="20210912 22:22:47.733" level="INFO">${canConnect} = True</msg>
<status status="PASS" starttime="20210912 22:22:46.874" endtime="20210912 22:22:47.733"/>
</kw>
<if>
<branch type="IF" condition="${canConnect}">
<kw name="Get On Session" library="RequestsLibrary">
<var>${response}</var>
<arg>testLink</arg>
<arg>${link}</arg>
<doc>Sends a GET request on a previously created HTTP Session.</doc>
<msg timestamp="20210912 22:22:48.283" level="INFO">GET Request : url=https://www.globe.gov/web/marile.colonrobles/home/blog/-/blogs/a-new-look-and-way-to-submit-meteorological-observations-with-your-cloud-observations-6 
 path_url=/web/marile.colonrobles/home/blog/-/blogs/a-new-look-and-way-to-submit-meteorological-observations-with-your-cloud-observations-6 
 headers={'User-Agent': 'python-requests/2.26.0', 'Accept-Encoding': 'gzip, deflate', 'Accept': '*/*', 'Connection': 'keep-alive', 'Cookie': 'dtCookie=v_4_srv_5_sn_2CFAA55E2FBC9DC73A7FBF45F175DDF7_perc_100000_ol_0_mul_1_app-3A632d46d7945593bd_1; AWSALB=MfXMI624JUmZQi1+hdJhyGmHjG6uUb/mBGfdkyU8z2kHReGSG0vq4yJqvVzz4UfgXPVEc1UJ5oX6zmyz4hnjw1a4RAegyqfbGn7+y2H0FNjTNgUfinBo0fPB4DLH; AWSALBCORS=MfXMI624JUmZQi1+hdJhyGmHjG6uUb/mBGfdkyU8z2kHReGSG0vq4yJqvVzz4UfgXPVEc1UJ5oX6zmyz4hnjw1a4RAegyqfbGn7+y2H0FNjTNgUfinBo0fPB4DLH; COOKIE_SUPPORT=true; GUEST_LANGUAGE_ID=en_US; JSESSIONID=C97A9F917AD1C8D42A621BD6E9C1564B'} 
 body=None 
 </msg>
<msg timestamp="20210912 22:22:48.283" level="INFO">GET Response : url=https://www.globe.gov/web/marile.colonrobles/home/blog/-/blogs/a-new-look-and-way-to-submit-meteorological-observations-with-your-cloud-observations-6 
 status=200, reason= 
 headers={'Date': 'Mon, 13 Sep 2021 05:22:47 GMT', 'Content-Type': 'text/html;charset=UTF-8', 'Transfer-Encoding': 'chunked', 'Connection': 'keep-alive', 'Server': 'Apache TomcatG', 'Strict-Transport-Security': 'max-age=31536000; includeSubDomains; preload', 'Access-Control-Allow-Origin': '*', 'X-OneAgent-JS-Injection': 'true', 'X-Content-Type-Options': 'nosniff', 'X-Frame-Options': 'SAMEORIGIN', 'X-XSS-Protection': '1', 'Expires': 'Thu, 01 Jan 1970 00:00:00 GMT', 'Cache-Control': 'private, no-cache, no-store, must-revalidate', 'Pragma': 'no-cache', 'Liferay-Portal': 'Liferay Digital Experience Platform', 'X-Pingback': 'https://www.globe.gov/xmlrpc/pingback', 'Set-Cookie': 'AWSALB=yUejFevyYGdDyQN0FfaqfdFJ92IdYgk5xY9oHMQuHB8nnp8k9O5TjH5yztzciHBoyWIFQaOrz20bAVEM+/E7pP7VJjzp3ehFz0MqOnQO4+Abxu7gFAvgWNVs1U+F; Expires=Mon, 20 Sep 2021 05:22:47 GMT; Path=/, AWSALBCORS=yUejFevyYGdDyQN0FfaqfdFJ92IdYgk5xY9oHMQuHB8nnp8k9O5TjH5yztzciHBoyWIFQaOrz20bAVEM+/E7pP7VJjzp3ehFz0MqOnQO4+Abxu7gFAvgWNVs1U+F; Expires=Mon, 20 Sep 2021 05:22:47 GMT; Path=/; SameSite=None', 'Vary': 'Accept-Encoding', 'Content-Encoding': 'gzip', 'Server-Timing': 'dtRpid;desc="1538461648"'} 
 body=



































	
		
			&lt;!DOCTYPE html&gt;




























































&lt;html class="ltr" dir="ltr" lang="en-US"&gt;

&lt;head&gt;
	&lt;title&gt;A new look and way to submit meteorological observations with your cloud observations - Marile Colon Robles - GLOBE.gov&lt;/title&gt;

	&lt;meta content="initial-scale=1.0, width=device-width" name="viewport" /&gt;






































&lt;meta content="text/html; charset=UTF-8" http-equiv="content-type" /&gt;









&lt;meta content="Many protocol-trained GLOBE members may have noticed a recent update to the GLOBE Program’s GLOBE Observer..." lang="en-US" name="description" /&gt;&lt;meta content="clouds,new updates" lang="en-US" name="keywords" /&gt;


&lt;script type="text/javascript" src="/ruxitagentjs_ICA27SVfhjqrux_10223210811140219.js" data-dtconfig="app=632d46d7945593bd|rcdec=1209600000|featureHash=ICA27SVfhjqrux|vcv=2|rdnt=1|uxrgce=1|bp=3|srmcrv=10|cuc=c7d5zp0e|mel=100000|dpvc=1|md=mdcc1=a#username,mdcc2=cUSER_UUID|ssv=4|lastModification=1631293850650|dtVersion=10223210811140219|srmcrl=1|tp=500,50,0,1|uxdcw=1500|vs=2|agentUri=/ruxitagentjs_ICA27SVfhjqrux_10223210811140219.js|reportUrl=/rb_bf84265lld|rid=RID_-1997298605|rpid=1538461648|domain=globe.gov"&gt;&lt;/script&gt;&lt;link data-senna-track="permanent" href="/o/frontend-theme-font-awesome-web/css/main.css" rel="stylesheet" type="text/css" /&gt;
&lt;script data-senna-track="permanent" src="/combo?browserId=other&amp;minifierType=js&amp;languageId=en_US&amp;b=7210&amp;t=1631478646214&amp;/o/frontend-js-jquery-web/jquery/jquery.min.js&amp;/o/frontend-js-jquery-web/jquery/bootstrap.bundle.min.js&amp;/o/frontend-js-jquery-web/jquery/collapsible_search.js&amp;/o/frontend-js-jquery-web/jquery/fm.js&amp;/o/frontend-js-jquery-web/jquery/form.js&amp;/o/frontend-js-jquery-web/jquery/popper.min.js&amp;/o/frontend-js-jquery-web/jquery/side_navigation.js" type="text/javascript"&gt;&lt;/script&gt;


&lt;link href="https://www.globe.gov/o/gov-globe-main-theme/images/favicon.ico" rel="icon" /&gt;





	

		
			
				&lt;link data-senna-track="temporary" href="https://www.globe.gov/web/marile.colonrobles/home/blog/-/blogs/a-new-look-and-way-to-submit-meteorological-observations-with-your-cloud-observations-6" rel="canonical" /&gt;
			
		

	

		
			
				&lt;link data-senna-track="temporary" href="https://www.globe.gov/es/web/marile.colonrobles/home/blog/-/blogs/a-new-look-and-way-to-submit-meteorological-observations-with-your-cloud-observations-6" hreflang="es-ES" rel="alternate" /&gt;
			
			

	

		
			
				&lt;link data-senna-track="temporary" href="https://www.globe.gov/ru/web/marile.colonrobles/home/blog/-/blogs/a-new-look-and-way-to-submit-meteorological-observations-with-your-cloud-observations-6" hreflang="ru-RU" rel="alternate" /&gt;
			
			

	

		
			
				&lt;link data-senna-track="temporary" href="https://www.globe.gov/fr/web/marile.colonrobles/home/blog/-/blogs/a-new-look-and-way-to-submit-meteorological-observations-with-your-cloud-observations-6" hreflang="fr-FR" rel="alternate" /&gt;
			
			

	

		
			
				&lt;link data-senna-track="temporary" href="https://www.globe.gov/web/marile.colonrobles/home/blog/-/blogs/a-new-look-and-way-to-submit-meteorological-observations-with-your-cloud-observations-6" hreflang="en-US" rel="alternate" /&gt;
			
			

	

		
			
				&lt;link data-senna-track="temporary" href="https://www.globe.gov/de/web/marile.colonrobles/home/blog/-/blogs/a-new-look-and-way-to-submit-meteorological-observations-with-your-cloud-observations-6" hreflang="de-DE" rel="alternate" /&gt;
			
			

	

		
			
				&lt;link data-senna-track="temporary" href="https://www.globe.gov/web/marile.colonrobles/home/blog/-/blogs/a-new-look-and-way-to-submit-meteorological-observations-with-your-cloud-observations-6" hreflang="x-default" rel="alternate" /&gt;
			
			

	





&lt;link class="lfr-css-file" data-senna-track="temporary" href="https://www.globe.gov/o/gov-globe-main-theme/css/clay.css?browserId=other&amp;amp;themeId=govglobemain_WAR_govglobemaintheme&amp;amp;minifierType=css&amp;amp;languageId=en_US&amp;amp;b=7210&amp;amp;t=1631478712000" id="liferayAUICSS" rel="stylesheet" type="text/css" /&gt;



&lt;link data-senna-track="temporary" href="/o/frontend-css-web/main.css?browserId=other&amp;amp;themeId=govglobemain_WAR_govglobemaintheme&amp;amp;minifierType=css&amp;amp;languageId=en_US&amp;amp;b=7210&amp;amp;t=1631478624082" id="liferayPortalCSS" rel="stylesheet" type="text/css" /&gt;









	

	





	



	

		&lt;link data-senna-track="temporary" href="/combo?browserId=other&amp;amp;minifierType=&amp;amp;themeId=govglobemain_WAR_govglobemaintheme&amp;amp;languageId=en_US&amp;amp;b=7210&amp;amp;com_liferay_blogs_web_portlet_BlogsPortlet:%2Fblogs%2Fcss%2Fmain.css&amp;amp;com_liferay_product_navigation_product_menu_web_portlet_ProductMenuPortlet:%2Fcss%2Fmain.css&amp;amp;com_liferay_product_navigation_user_personal_bar_web_portlet_ProductNavigationUserPersonalBarPortlet:%2Fcss%2Fmain.css&amp;amp;gov_globe_common_portlet_NavigationPortlet:%2Fcss%2Fnav.css&amp;amp;t=1631478712000" id="dd5a89e0" rel="stylesheet" type="text/css" /&gt;

	







&lt;script data-senna-track="temporary" type="text/javascript"&gt;
	// &lt;![CDATA[
		var Liferay = Liferay || {};

		Liferay.Browser = {
			acceptsGzip: function() {
				return true;
			},

			

			getMajorVersion: function() {
				return 0;
			},

			getRevision: function() {
				return '';
			},
			getVersion: function() {
				return '';
			},

			

			isAir: function() {
				return false;
			},
			isChrome: function() {
				return false;
			},
			isEdge: function() {
				return false;
			},
			isFirefox: function() {
				return false;
			},
			isGecko: function() {
				return false;
			},
			isIe: function() {
				return false;
			},
			isIphone: function() {
				return false;
			},
			isLinux: function() {
				return false;
			},
			isMac: function() {
				return false;
			},
			isMobile: function() {
				return false;
			},
			isMozilla: function() {
				return false;
			},
			isOpera: function() {
				return false;
			},
			isRtf: function() {
				return false;
			},
			isSafari: function() {
				return false;
			},
			isSun: function() {
				return false;
			},
			isWebKit: function() {
				return false;
			},
			isWindows: function() {
				return false;
			}
		};

		Liferay.Data = Liferay.Data || {};

		Liferay.Data.ICONS_INLINE_SVG = true;

		Liferay.Data.NAV_SELECTOR = '#navigation';

		Liferay.Data.NAV_SELECTOR_MOBILE = '#navigationCollapse';

		Liferay.Data.isCustomizationView = function() {
			return false;
		};

		Liferay.Data.notices = [
			null

			

			
		];

		Liferay.PortletKeys = {
			DOCUMENT_LIBRARY: 'com_liferay_document_library_web_portlet_DLPortlet',
			DYNAMIC_DATA_MAPPING: 'com_liferay_dynamic_data_mapping_web_portlet_DDMPortlet',
			ITEM_SELECTOR: 'com_liferay_item_selector_web_portlet_ItemSelectorPortlet'
		};

		Liferay.PropsValues = {
			JAVASCRIPT_SINGLE_PAGE_APPLICATION_TIMEOUT: 0,
			NTLM_AUTH_ENABLED: false,
			UPLOAD_SERVLET_REQUEST_IMPL_MAX_SIZE: 104857600
		};

		Liferay.ThemeDisplay = {

			

			
				getLayoutId: function() {
					return '4';
				},

				

				getLayoutRelativeControlPanelURL: function() {
					return '/user/marile.colonrobles/~/control_panel/manage?p_p_id=com_liferay_blogs_web_portlet_BlogsPortlet';
				},

				getLayoutRelativeURL: function() {
					return '/web/marile.colonrobles/home/blog';
				},
				getLayoutURL: function() {
					return 'https://www.globe.gov/web/marile.colonrobles/home/blog';
				},
				getParentLayoutId: function() {
					return '1';
				},
				isControlPanel: function() {
					return false;
				},
				isPrivateLayout: function() {
					return 'false';
				},
				isVirtualLayout: function() {
					return false;
				},
			

			getBCP47LanguageId: function() {
				return 'en-US';
			},
			getCanonicalURL: function() {

				

				return 'https\x3a\x2f\x2fwww\x2eglobe\x2egov\x2fweb\x2fmarile\x2ecolonrobles\x2fhome\x2fblog\x2f-\x2fblogs\x2fa-new-look-and-way-to-submit-meteorological-observations-with-your-cloud-observations-6';
			},
			getCDNBaseURL: function() {
				return 'https://www.globe.gov';
			},
			getCDNDynamicResourcesHost: function() {
				return '';
			},
			getCDNHost: function() {
				return '';
			},
			getCompanyGroupId: function() {
				return '10165';
			},
			getCompanyId: function() {
				return '10132';
			},
			getDefaultLanguageId: function() {
				return 'en_US';
			},
			getDoAsUserIdEncoded: function() {
				return '';
			},
			getLanguageId: function() {
				return 'en_US';
			},
			getParentGroupId: function() {
				return '4048660';
			},
			getPathContext: function() {
				return '';
			},
			getPathImage: function() {
				return '/image';
			},
			getPathJavaScript: function() {
				return '/o/frontend-js-web';
			},
			getPathMain: function() {
				return '/c';
			},
			getPathThemeImages: function() {
				return 'https://www.globe.gov/o/gov-globe-main-theme/images';
			},
			getPathThemeRoot: function() {
				return '/o/gov-globe-main-theme';
			},
			getPlid: function() {
				return '25585210';
			},
			getPortalURL: function() {
				return 'https://www.globe.gov';
			},
			getScopeGroupId: function() {
				return '4048660';
			},
			getScopeGroupIdOrLiveGroupId: function() {
				return '4048660';
			},
			getSessionId: function() {
				return '';
			},
			getSiteAdminURL: function() {
				return 'https://www.globe.gov/group/marile.colonrobles/~/control_panel/manage?p_p_lifecycle=0&amp;p_p_state=maximized&amp;p_p_mode=view';
			},
			getSiteGroupId: function() {
				return '4048660';
			},
			getURLControlPanel: function() {
				return '/group/control_panel?refererPlid=25585210';
			},
			getURLHome: function() {
				return 'https\x3a\x2f\x2fwww\x2eglobe\x2egov\x2fweb\x2fguest\x2fhome';
			},
			getUserEmailAddress: function() {
				return '';
			},
			getUserId: function() {
				return '10135';
			},
			getUserName: function() {
				return '';
			},
			isAddSessionIdToURL: function() {
				return false;
			},
			isImpersonated: function() {
				return false;
			},
			isSignedIn: function() {
				return false;
			},
			isStateExclusive: function() {
				return false;... (set the log level to DEBUG or TRACE to see the full content) 
 </msg>
<msg timestamp="20210912 22:22:48.284" level="INFO">${response} = &lt;Response [200]&gt;</msg>
<status status="PASS" starttime="20210912 22:22:47.733" endtime="20210912 22:22:48.284"/>
</kw>
<if>
<branch type="IF" condition="${response.status_code}!=200">
<kw name="Fail" library="BuiltIn">
<arg>Failed Status Code ${response.status_code} with link: ${link}</arg>
<doc>Fails the test with the given message and optionally alters its tags.</doc>
<status status="NOT RUN" starttime="20210912 22:22:48.284" endtime="20210912 22:22:48.284"/>
</kw>
<status status="NOT RUN" starttime="20210912 22:22:48.284" endtime="20210912 22:22:48.284"/>
</branch>
<status status="PASS" starttime="20210912 22:22:48.284" endtime="20210912 22:22:48.284"/>
</if>
<status status="PASS" starttime="20210912 22:22:47.733" endtime="20210912 22:22:48.284"/>
</branch>
<branch type="ELSE">
<kw name="Fail" library="BuiltIn">
<arg>Failed To Connect to link: ${link}</arg>
<doc>Fails the test with the given message and optionally alters its tags.</doc>
<status status="NOT RUN" starttime="20210912 22:22:48.284" endtime="20210912 22:22:48.284"/>
</kw>
<status status="NOT RUN" starttime="20210912 22:22:48.284" endtime="20210912 22:22:48.284"/>
</branch>
<status status="PASS" starttime="20210912 22:22:47.733" endtime="20210912 22:22:48.284"/>
</if>
<status status="PASS" starttime="20210912 22:22:46.873" endtime="20210912 22:22:48.285"/>
</iter>
<iter>
<var name="${link}">https://observer.globe.gov/news-events-and-people/news/-/obsnewsdetail/19589576/new-features-on-the-globe-observer-app-are-now-available-</var>
<kw name="Strip String" library="String">
<var>${link}</var>
<arg>${link}</arg>
<arg>mode=right</arg>
<arg>characters=.</arg>
<doc>Remove leading and/or trailing whitespaces from the given string.</doc>
<msg timestamp="20210912 22:22:48.285" level="INFO">${link} = https://observer.globe.gov/news-events-and-people/news/-/obsnewsdetail/19589576/new-features-on-the-globe-observer-app-are-now-available-</msg>
<status status="PASS" starttime="20210912 22:22:48.285" endtime="20210912 22:22:48.285"/>
</kw>
<kw name="Create Session" library="RequestsLibrary">
<arg>testLink</arg>
<arg>${link}</arg>
<arg>disable_warnings=1</arg>
<doc>Create Session: create a HTTP session to a server</doc>
<msg timestamp="20210912 22:22:48.285" level="INFO">Creating Session using : alias=testLink, url=https://observer.globe.gov/news-events-and-people/news/-/obsnewsdetail/19589576/new-features-on-the-globe-observer-app-are-now-available-, headers={},                     cookies={}, auth=None, timeout=None, proxies=None, verify=False,                     debug=0 </msg>
<status status="PASS" starttime="20210912 22:22:48.285" endtime="20210912 22:22:48.285"/>
</kw>
<kw name="Run Keyword And Return Status" library="BuiltIn">
<var>${canConnect}</var>
<arg>GET On Session</arg>
<arg>testLink</arg>
<arg>${link}</arg>
<doc>Runs the given keyword with given arguments and returns the status as a Boolean value.</doc>
<kw name="Get On Session" library="RequestsLibrary">
<arg>testLink</arg>
<arg>${link}</arg>
<doc>Sends a GET request on a previously created HTTP Session.</doc>
<msg timestamp="20210912 22:22:48.759" level="INFO">GET Request : url=https://observer.globe.gov/news-events-and-people/news/-/obsnewsdetail/19589576/new-features-on-the-globe-observer-app-are-now-available- 
 path_url=/news-events-and-people/news/-/obsnewsdetail/19589576/new-features-on-the-globe-observer-app-are-now-available- 
 headers={'User-Agent': 'python-requests/2.26.0', 'Accept-Encoding': 'gzip, deflate', 'Accept': '*/*', 'Connection': 'keep-alive'} 
 body=None 
 </msg>
<msg timestamp="20210912 22:22:48.759" level="INFO">GET Response : url=https://observer.globe.gov/news-events-and-people/news/-/obsnewsdetail/19589576/new-features-on-the-globe-observer-app-are-now-available- 
 status=200, reason= 
 headers={'Date': 'Mon, 13 Sep 2021 05:22:48 GMT', 'Content-Type': 'text/html;charset=UTF-8', 'Transfer-Encoding': 'chunked', 'Connection': 'keep-alive', 'Server': 'Apache TomcatO', 'Strict-Transport-Security': 'max-age=31536000; includeSubDomains; preload', 'Access-Control-Allow-Origin': '*', 'X-OneAgent-JS-Injection': 'true', 'X-Content-Type-Options': 'nosniff', 'X-Frame-Options': 'SAMEORIGIN', 'X-XSS-Protection': '1', 'Expires': 'Thu, 01 Jan 1970 00:00:00 GMT', 'Cache-Control': 'private, no-cache, no-store, must-revalidate', 'Pragma': 'no-cache', 'Liferay-Portal': 'Liferay Digital Experience Platform', 'Set-Cookie': 'AWSALB=eAaDtBJKf+p+Ec/Hx1HESiEXbEy1DTl8BEWYZFTafUEAShe8UWcEVLCgMKmRWzLnwzHzfkto98CDE3aEg3d4oX+MQ50oUX0q5ms2T5mKD+qWGby05O+cQumYt1q2; Expires=Mon, 20 Sep 2021 05:22:48 GMT; Path=/, AWSALBCORS=eAaDtBJKf+p+Ec/Hx1HESiEXbEy1DTl8BEWYZFTafUEAShe8UWcEVLCgMKmRWzLnwzHzfkto98CDE3aEg3d4oX+MQ50oUX0q5ms2T5mKD+qWGby05O+cQumYt1q2; Expires=Mon, 20 Sep 2021 05:22:48 GMT; Path=/; SameSite=None, JSESSIONID=3F58D4A65FB803759B3A83EC4369F911; Path=/; Secure; HttpOnly, COOKIE_SUPPORT=true; Expires=Tue, 13-Sep-2022 05:22:48 GMT; Path=/; Secure; HttpOnly, GUEST_LANGUAGE_ID=en_US; Expires=Tue, 13-Sep-2022 05:22:48 GMT; Path=/; Secure; HttpOnly, dtCookie=v_4_srv_1_sn_044DB910FD0E30E7844F268ECA536BF0_perc_100000_ol_0_mul_1_app-3A91c4300ee97a533c_1; Path=/; Domain=.globe.gov', 'Vary': 'Accept-Encoding', 'Content-Encoding': 'gzip', 'Server-Timing': 'dtRpid;desc="1312953855"'} 
 body=



































	
		
			&lt;!DOCTYPE html&gt;




























































&lt;html class="ltr" dir="ltr" lang="en-US"&gt;

&lt;head&gt;
	&lt;title&gt;News - GLOBE Observer - GLOBE.gov&lt;/title&gt;

	&lt;meta content="initial-scale=1.0, width=device-width" name="viewport" /&gt;
    &lt;link href="https://observer.globe.gov/o/gov-globe-observer-theme/css/fonts/stylesheet.min.css" rel="stylesheet" media="screen"&gt;





































&lt;meta content="text/html; charset=UTF-8" http-equiv="content-type" /&gt;












&lt;script type="text/javascript" src="/ruxitagentjs_ICA27SVfjqrux_10223210811140219.js" data-dtconfig="app=91c4300ee97a533c|rcdec=1209600000|featureHash=ICA27SVfjqrux|vcv=2|rdnt=1|uxrgce=1|bp=3|srmcrv=10|cuc=c7d5zp0e|mel=100000|dpvc=1|ssv=4|lastModification=1631293850650|dtVersion=10223210811140219|srmcrl=1|tp=500,50,0,1|uxdcw=1500|vs=2|agentUri=/ruxitagentjs_ICA27SVfjqrux_10223210811140219.js|reportUrl=/rb_bf84265lld|rid=RID_-567760654|rpid=1312953855|domain=globe.gov"&gt;&lt;/script&gt;&lt;link data-senna-track="permanent" href="/o/frontend-theme-font-awesome-web/css/main.css" rel="stylesheet" type="text/css" /&gt;
&lt;script data-senna-track="permanent" src="/combo?browserId=other&amp;minifierType=js&amp;languageId=en_US&amp;b=7210&amp;t=1631478646214&amp;/o/frontend-js-jquery-web/jquery/jquery.min.js&amp;/o/frontend-js-jquery-web/jquery/bootstrap.bundle.min.js&amp;/o/frontend-js-jquery-web/jquery/collapsible_search.js&amp;/o/frontend-js-jquery-web/jquery/fm.js&amp;/o/frontend-js-jquery-web/jquery/form.js&amp;/o/frontend-js-jquery-web/jquery/popper.min.js&amp;/o/frontend-js-jquery-web/jquery/side_navigation.js" type="text/javascript"&gt;&lt;/script&gt;


&lt;link href="https://observer.globe.gov/o/gov-globe-observer-theme/images/favicon.ico" rel="icon" /&gt;





	

		
			
				&lt;link data-senna-track="temporary" href="https://observer.globe.gov/news-events-and-people/news/-/obsnewsdetail/19589576/new-features-on-the-globe-observer-app-are-now-available-" rel="canonical" /&gt;
			
		

	

		
			
				&lt;link data-senna-track="temporary" href="https://observer.globe.gov/es/news-events-and-people/news/-/obsnewsdetail/19589576/new-features-on-the-globe-observer-app-are-now-available-" hreflang="es-ES" rel="alternate" /&gt;
			
			

	

		
			
				&lt;link data-senna-track="temporary" href="https://observer.globe.gov/ru/news-events-and-people/news/-/obsnewsdetail/19589576/new-features-on-the-globe-observer-app-are-now-available-" hreflang="ru-RU" rel="alternate" /&gt;
			
			

	

		
			
				&lt;link data-senna-track="temporary" href="https://observer.globe.gov/fr/news-events-and-people/news/-/obsnewsdetail/19589576/new-features-on-the-globe-observer-app-are-now-available-" hreflang="fr-FR" rel="alternate" /&gt;
			
			

	

		
			
				&lt;link data-senna-track="temporary" href="https://observer.globe.gov/news-events-and-people/news/-/obsnewsdetail/19589576/new-features-on-the-globe-observer-app-are-now-available-" hreflang="en-US" rel="alternate" /&gt;
			
			

	

		
			
				&lt;link data-senna-track="temporary" href="https://observer.globe.gov/de/news-events-and-people/news/-/obsnewsdetail/19589576/new-features-on-the-globe-observer-app-are-now-available-" hreflang="de-DE" rel="alternate" /&gt;
			
			

	

		
			
				&lt;link data-senna-track="temporary" href="https://observer.globe.gov/news-events-and-people/news/-/obsnewsdetail/19589576/new-features-on-the-globe-observer-app-are-now-available-" hreflang="x-default" rel="alternate" /&gt;
			
			

	





&lt;link class="lfr-css-file" data-senna-track="temporary" href="https://observer.globe.gov/o/gov-globe-observer-theme/css/clay.css?browserId=other&amp;amp;themeId=govglobeobservertheme_WAR_govglobeobservertheme&amp;amp;minifierType=css&amp;amp;languageId=en_US&amp;amp;b=7210&amp;amp;t=1631478714000" id="liferayAUICSS" rel="stylesheet" type="text/css" /&gt;



&lt;link data-senna-track="temporary" href="/o/frontend-css-web/main.css?browserId=other&amp;amp;themeId=govglobeobservertheme_WAR_govglobeobservertheme&amp;amp;minifierType=css&amp;amp;languageId=en_US&amp;amp;b=7210&amp;amp;t=1631478624082" id="liferayPortalCSS" rel="stylesheet" type="text/css" /&gt;









	

	





	



	

		&lt;link data-senna-track="temporary" href="/combo?browserId=other&amp;amp;minifierType=&amp;amp;themeId=govglobeobservertheme_WAR_govglobeobservertheme&amp;amp;languageId=en_US&amp;amp;b=7210&amp;amp;com_liferay_asset_publisher_web_portlet_AssetPublisherPortlet_INSTANCE_Cu9413152urC:%2Fcss%2Fmain.css&amp;amp;com_liferay_journal_content_web_portlet_JournalContentPortlet_INSTANCE_observerNewsWebContentDisplay:%2Fcss%2Fmain.css&amp;amp;com_liferay_product_navigation_product_menu_web_portlet_ProductMenuPortlet:%2Fcss%2Fmain.css&amp;amp;com_liferay_product_navigation_user_personal_bar_web_portlet_ProductNavigationUserPersonalBarPortlet:%2Fcss%2Fmain.css&amp;amp;gov_globe_observer_cms_news_CmsObserverNewsWebPortlet:%2Fcss%2Fmain.css&amp;amp;t=1631478714000" id="df12d391" rel="stylesheet" type="text/css" /&gt;

	







&lt;script data-senna-track="temporary" type="text/javascript"&gt;
	// &lt;![CDATA[
		var Liferay = Liferay || {};

		Liferay.Browser = {
			acceptsGzip: function() {
				return true;
			},

			

			getMajorVersion: function() {
				return 0;
			},

			getRevision: function() {
				return '';
			},
			getVersion: function() {
				return '';
			},

			

			isAir: function() {
				return false;
			},
			isChrome: function() {
				return false;
			},
			isEdge: function() {
				return false;
			},
			isFirefox: function() {
				return false;
			},
			isGecko: function() {
				return false;
			},
			isIe: function() {
				return false;
			},
			isIphone: function() {
				return false;
			},
			isLinux: function() {
				return false;
			},
			isMac: function() {
				return false;
			},
			isMobile: function() {
				return false;
			},
			isMozilla: function() {
				return false;
			},
			isOpera: function() {
				return false;
			},
			isRtf: function() {
				return false;
			},
			isSafari: function() {
				return false;
			},
			isSun: function() {
				return false;
			},
			isWebKit: function() {
				return false;
			},
			isWindows: function() {
				return false;
			}
		};

		Liferay.Data = Liferay.Data || {};

		Liferay.Data.ICONS_INLINE_SVG = true;

		Liferay.Data.NAV_SELECTOR = '#navigation';

		Liferay.Data.NAV_SELECTOR_MOBILE = '#navigationCollapse';

		Liferay.Data.isCustomizationView = function() {
			return false;
		};

		Liferay.Data.notices = [
			null

			

			
		];

		Liferay.PortletKeys = {
			DOCUMENT_LIBRARY: 'com_liferay_document_library_web_portlet_DLPortlet',
			DYNAMIC_DATA_MAPPING: 'com_liferay_dynamic_data_mapping_web_portlet_DDMPortlet',
			ITEM_SELECTOR: 'com_liferay_item_selector_web_portlet_ItemSelectorPortlet'
		};

		Liferay.PropsValues = {
			JAVASCRIPT_SINGLE_PAGE_APPLICATION_TIMEOUT: 0,
			NTLM_AUTH_ENABLED: false,
			UPLOAD_SERVLET_REQUEST_IMPL_MAX_SIZE: 104857600
		};

		Liferay.ThemeDisplay = {

			

			
				getLayoutId: function() {
					return '146';
				},

				

				getLayoutRelativeControlPanelURL: function() {
					return '/group/globe-observer/~/control_panel/manage?p_p_id=gov_globe_observer_cms_news_CmsObserverNewsWebPortlet';
				},

				getLayoutRelativeURL: function() {
					return '/news-events-and-people/news';
				},
				getLayoutURL: function() {
					return 'https://observer.globe.gov/news-events-and-people/news';
				},
				getParentLayoutId: function() {
					return '138';
				},
				isControlPanel: function() {
					return false;
				},
				isPrivateLayout: function() {
					return 'false';
				},
				isVirtualLayout: function() {
					return false;
				},
			

			getBCP47LanguageId: function() {
				return 'en-US';
			},
			getCanonicalURL: function() {

				

				return 'https\x3a\x2f\x2fobserver\x2eglobe\x2egov\x2fnews-events-and-people\x2fnews\x2f-\x2fobsnewsdetail\x2f19589576\x2fnew-features-on-the-globe-observer-app-are-now-available-';
			},
			getCDNBaseURL: function() {
				return 'https://observer.globe.gov';
			},
			getCDNDynamicResourcesHost: function() {
				return '';
			},
			getCDNHost: function() {
				return '';
			},
			getCompanyGroupId: function() {
				return '10165';
			},
			getCompanyId: function() {
				return '10132';
			},
			getDefaultLanguageId: function() {
				return 'en_US';
			},
			getDoAsUserIdEncoded: function() {
				return '';
			},
			getLanguageId: function() {
				return 'en_US';
			},
			getParentGroupId: function() {
				return '19589576';
			},
			getPathContext: function() {
				return '';
			},
			getPathImage: function() {
				return '/image';
			},
			getPathJavaScript: function() {
				return '/o/frontend-js-web';
			},
			getPathMain: function() {
				return '/c';
			},
			getPathThemeImages: function() {
				return 'https://observer.globe.gov/o/gov-globe-observer-theme/images';
			},
			getPathThemeRoot: function() {
				return '/o/gov-globe-observer-theme';
			},
			getPlid: function() {
				return '51818873';
			},
			getPortalURL: function() {
				return 'https://observer.globe.gov';
			},
			getScopeGroupId: function() {
				return '19589576';
			},
			getScopeGroupIdOrLiveGroupId: function() {
				return '19589576';
			},
			getSessionId: function() {
				return '';
			},
			getSiteAdminURL: function() {
				return 'https://observer.globe.gov/group/globe-observer/~/control_panel/manage?p_p_lifecycle=0&amp;p_p_state=maximized&amp;p_p_mode=view';
			},
			getSiteGroupId: function() {
				return '19589576';
			},
			getURLControlPanel: function() {
				return '/group/control_panel?refererPlid=51818873';
			},
			getURLHome: function() {
				return 'https\x3a\x2f\x2fobserver\x2eglobe\x2egov\x2fweb\x2fguest\x2fhome';
			},
			getUserEmailAddress: function() {
				return '';
			},
			getUserId: function() {
				return '10135';
			},
			getUserName: function() {
				return '';
			},
			isAddSessionIdToURL: function() {
				return false;
			},
			isImpersonated: function() {
				return false;
			},
			isSignedIn: function() {
				return false;
			},
			isStateExclusive: function() {
				return false;
			},
			isStateMaximized: function() {
				return true;
			},
		... (set the log level to DEBUG or TRACE to see the full content) 
 </msg>
<status status="PASS" starttime="20210912 22:22:48.285" endtime="20210912 22:22:48.759"/>
</kw>
<msg timestamp="20210912 22:22:48.760" level="INFO">${canConnect} = True</msg>
<status status="PASS" starttime="20210912 22:22:48.285" endtime="20210912 22:22:48.760"/>
</kw>
<if>
<branch type="IF" condition="${canConnect}">
<kw name="Get On Session" library="RequestsLibrary">
<var>${response}</var>
<arg>testLink</arg>
<arg>${link}</arg>
<doc>Sends a GET request on a previously created HTTP Session.</doc>
<msg timestamp="20210912 22:22:48.946" level="INFO">GET Request : url=https://observer.globe.gov/news-events-and-people/news/-/obsnewsdetail/19589576/new-features-on-the-globe-observer-app-are-now-available- 
 path_url=/news-events-and-people/news/-/obsnewsdetail/19589576/new-features-on-the-globe-observer-app-are-now-available- 
 headers={'User-Agent': 'python-requests/2.26.0', 'Accept-Encoding': 'gzip, deflate', 'Accept': '*/*', 'Connection': 'keep-alive', 'Cookie': 'dtCookie=v_4_srv_1_sn_044DB910FD0E30E7844F268ECA536BF0_perc_100000_ol_0_mul_1_app-3A91c4300ee97a533c_1; AWSALB=eAaDtBJKf+p+Ec/Hx1HESiEXbEy1DTl8BEWYZFTafUEAShe8UWcEVLCgMKmRWzLnwzHzfkto98CDE3aEg3d4oX+MQ50oUX0q5ms2T5mKD+qWGby05O+cQumYt1q2; AWSALBCORS=eAaDtBJKf+p+Ec/Hx1HESiEXbEy1DTl8BEWYZFTafUEAShe8UWcEVLCgMKmRWzLnwzHzfkto98CDE3aEg3d4oX+MQ50oUX0q5ms2T5mKD+qWGby05O+cQumYt1q2; COOKIE_SUPPORT=true; GUEST_LANGUAGE_ID=en_US; JSESSIONID=3F58D4A65FB803759B3A83EC4369F911'} 
 body=None 
 </msg>
<msg timestamp="20210912 22:22:48.946" level="INFO">GET Response : url=https://observer.globe.gov/news-events-and-people/news/-/obsnewsdetail/19589576/new-features-on-the-globe-observer-app-are-now-available- 
 status=200, reason= 
 headers={'Date': 'Mon, 13 Sep 2021 05:22:48 GMT', 'Content-Type': 'text/html;charset=UTF-8', 'Transfer-Encoding': 'chunked', 'Connection': 'keep-alive', 'Server': 'Apache TomcatO', 'Strict-Transport-Security': 'max-age=31536000; includeSubDomains; preload', 'Access-Control-Allow-Origin': '*', 'X-OneAgent-JS-Injection': 'true', 'X-Content-Type-Options': 'nosniff', 'X-Frame-Options': 'SAMEORIGIN', 'X-XSS-Protection': '1', 'Expires': 'Thu, 01 Jan 1970 00:00:00 GMT', 'Cache-Control': 'private, no-cache, no-store, must-revalidate', 'Pragma': 'no-cache', 'Liferay-Portal': 'Liferay Digital Experience Platform', 'Set-Cookie': 'AWSALB=flX7A7pyZ77YPQwffPgoqv/7QP/Zx43vCKzBJeQ2ZZ5Sp8aW/WjJghi5rcEh0NMSZoz6AdzRFRsoGh+M30sAYudO7Y9bYpw/seJZWl+j046lI0ccyFlFmktrRRWu; Expires=Mon, 20 Sep 2021 05:22:48 GMT; Path=/, AWSALBCORS=flX7A7pyZ77YPQwffPgoqv/7QP/Zx43vCKzBJeQ2ZZ5Sp8aW/WjJghi5rcEh0NMSZoz6AdzRFRsoGh+M30sAYudO7Y9bYpw/seJZWl+j046lI0ccyFlFmktrRRWu; Expires=Mon, 20 Sep 2021 05:22:48 GMT; Path=/; SameSite=None', 'Vary': 'Accept-Encoding', 'Content-Encoding': 'gzip', 'Server-Timing': 'dtRpid;desc="1505996748"'} 
 body=



































	
		
			&lt;!DOCTYPE html&gt;




























































&lt;html class="ltr" dir="ltr" lang="en-US"&gt;

&lt;head&gt;
	&lt;title&gt;News - GLOBE Observer - GLOBE.gov&lt;/title&gt;

	&lt;meta content="initial-scale=1.0, width=device-width" name="viewport" /&gt;
    &lt;link href="https://observer.globe.gov/o/gov-globe-observer-theme/css/fonts/stylesheet.min.css" rel="stylesheet" media="screen"&gt;





































&lt;meta content="text/html; charset=UTF-8" http-equiv="content-type" /&gt;












&lt;script type="text/javascript" src="/ruxitagentjs_ICA27SVfjqrux_10223210811140219.js" data-dtconfig="app=91c4300ee97a533c|rcdec=1209600000|featureHash=ICA27SVfjqrux|vcv=2|rdnt=1|uxrgce=1|bp=3|srmcrv=10|cuc=c7d5zp0e|mel=100000|dpvc=1|ssv=4|lastModification=1631293850650|dtVersion=10223210811140219|srmcrl=1|tp=500,50,0,1|uxdcw=1500|vs=2|agentUri=/ruxitagentjs_ICA27SVfjqrux_10223210811140219.js|reportUrl=/rb_bf84265lld|rid=RID_-567760654|rpid=1505996748|domain=globe.gov"&gt;&lt;/script&gt;&lt;link data-senna-track="permanent" href="/o/frontend-theme-font-awesome-web/css/main.css" rel="stylesheet" type="text/css" /&gt;
&lt;script data-senna-track="permanent" src="/combo?browserId=other&amp;minifierType=js&amp;languageId=en_US&amp;b=7210&amp;t=1631478646214&amp;/o/frontend-js-jquery-web/jquery/jquery.min.js&amp;/o/frontend-js-jquery-web/jquery/bootstrap.bundle.min.js&amp;/o/frontend-js-jquery-web/jquery/collapsible_search.js&amp;/o/frontend-js-jquery-web/jquery/fm.js&amp;/o/frontend-js-jquery-web/jquery/form.js&amp;/o/frontend-js-jquery-web/jquery/popper.min.js&amp;/o/frontend-js-jquery-web/jquery/side_navigation.js" type="text/javascript"&gt;&lt;/script&gt;


&lt;link href="https://observer.globe.gov/o/gov-globe-observer-theme/images/favicon.ico" rel="icon" /&gt;





	

		
			
				&lt;link data-senna-track="temporary" href="https://observer.globe.gov/news-events-and-people/news/-/obsnewsdetail/19589576/new-features-on-the-globe-observer-app-are-now-available-" rel="canonical" /&gt;
			
		

	

		
			
				&lt;link data-senna-track="temporary" href="https://observer.globe.gov/es/news-events-and-people/news/-/obsnewsdetail/19589576/new-features-on-the-globe-observer-app-are-now-available-" hreflang="es-ES" rel="alternate" /&gt;
			
			

	

		
			
				&lt;link data-senna-track="temporary" href="https://observer.globe.gov/ru/news-events-and-people/news/-/obsnewsdetail/19589576/new-features-on-the-globe-observer-app-are-now-available-" hreflang="ru-RU" rel="alternate" /&gt;
			
			

	

		
			
				&lt;link data-senna-track="temporary" href="https://observer.globe.gov/fr/news-events-and-people/news/-/obsnewsdetail/19589576/new-features-on-the-globe-observer-app-are-now-available-" hreflang="fr-FR" rel="alternate" /&gt;
			
			

	

		
			
				&lt;link data-senna-track="temporary" href="https://observer.globe.gov/news-events-and-people/news/-/obsnewsdetail/19589576/new-features-on-the-globe-observer-app-are-now-available-" hreflang="en-US" rel="alternate" /&gt;
			
			

	

		
			
				&lt;link data-senna-track="temporary" href="https://observer.globe.gov/de/news-events-and-people/news/-/obsnewsdetail/19589576/new-features-on-the-globe-observer-app-are-now-available-" hreflang="de-DE" rel="alternate" /&gt;
			
			

	

		
			
				&lt;link data-senna-track="temporary" href="https://observer.globe.gov/news-events-and-people/news/-/obsnewsdetail/19589576/new-features-on-the-globe-observer-app-are-now-available-" hreflang="x-default" rel="alternate" /&gt;
			
			

	





&lt;link class="lfr-css-file" data-senna-track="temporary" href="https://observer.globe.gov/o/gov-globe-observer-theme/css/clay.css?browserId=other&amp;amp;themeId=govglobeobservertheme_WAR_govglobeobservertheme&amp;amp;minifierType=css&amp;amp;languageId=en_US&amp;amp;b=7210&amp;amp;t=1631478714000" id="liferayAUICSS" rel="stylesheet" type="text/css" /&gt;



&lt;link data-senna-track="temporary" href="/o/frontend-css-web/main.css?browserId=other&amp;amp;themeId=govglobeobservertheme_WAR_govglobeobservertheme&amp;amp;minifierType=css&amp;amp;languageId=en_US&amp;amp;b=7210&amp;amp;t=1631478624082" id="liferayPortalCSS" rel="stylesheet" type="text/css" /&gt;









	

	





	



	

		&lt;link data-senna-track="temporary" href="/combo?browserId=other&amp;amp;minifierType=&amp;amp;themeId=govglobeobservertheme_WAR_govglobeobservertheme&amp;amp;languageId=en_US&amp;amp;b=7210&amp;amp;com_liferay_asset_publisher_web_portlet_AssetPublisherPortlet_INSTANCE_Cu9413152urC:%2Fcss%2Fmain.css&amp;amp;com_liferay_journal_content_web_portlet_JournalContentPortlet_INSTANCE_observerNewsWebContentDisplay:%2Fcss%2Fmain.css&amp;amp;com_liferay_product_navigation_product_menu_web_portlet_ProductMenuPortlet:%2Fcss%2Fmain.css&amp;amp;com_liferay_product_navigation_user_personal_bar_web_portlet_ProductNavigationUserPersonalBarPortlet:%2Fcss%2Fmain.css&amp;amp;gov_globe_observer_cms_news_CmsObserverNewsWebPortlet:%2Fcss%2Fmain.css&amp;amp;t=1631478714000" id="df12d391" rel="stylesheet" type="text/css" /&gt;

	







&lt;script data-senna-track="temporary" type="text/javascript"&gt;
	// &lt;![CDATA[
		var Liferay = Liferay || {};

		Liferay.Browser = {
			acceptsGzip: function() {
				return true;
			},

			

			getMajorVersion: function() {
				return 0;
			},

			getRevision: function() {
				return '';
			},
			getVersion: function() {
				return '';
			},

			

			isAir: function() {
				return false;
			},
			isChrome: function() {
				return false;
			},
			isEdge: function() {
				return false;
			},
			isFirefox: function() {
				return false;
			},
			isGecko: function() {
				return false;
			},
			isIe: function() {
				return false;
			},
			isIphone: function() {
				return false;
			},
			isLinux: function() {
				return false;
			},
			isMac: function() {
				return false;
			},
			isMobile: function() {
				return false;
			},
			isMozilla: function() {
				return false;
			},
			isOpera: function() {
				return false;
			},
			isRtf: function() {
				return false;
			},
			isSafari: function() {
				return false;
			},
			isSun: function() {
				return false;
			},
			isWebKit: function() {
				return false;
			},
			isWindows: function() {
				return false;
			}
		};

		Liferay.Data = Liferay.Data || {};

		Liferay.Data.ICONS_INLINE_SVG = true;

		Liferay.Data.NAV_SELECTOR = '#navigation';

		Liferay.Data.NAV_SELECTOR_MOBILE = '#navigationCollapse';

		Liferay.Data.isCustomizationView = function() {
			return false;
		};

		Liferay.Data.notices = [
			null

			

			
		];

		Liferay.PortletKeys = {
			DOCUMENT_LIBRARY: 'com_liferay_document_library_web_portlet_DLPortlet',
			DYNAMIC_DATA_MAPPING: 'com_liferay_dynamic_data_mapping_web_portlet_DDMPortlet',
			ITEM_SELECTOR: 'com_liferay_item_selector_web_portlet_ItemSelectorPortlet'
		};

		Liferay.PropsValues = {
			JAVASCRIPT_SINGLE_PAGE_APPLICATION_TIMEOUT: 0,
			NTLM_AUTH_ENABLED: false,
			UPLOAD_SERVLET_REQUEST_IMPL_MAX_SIZE: 104857600
		};

		Liferay.ThemeDisplay = {

			

			
				getLayoutId: function() {
					return '146';
				},

				

				getLayoutRelativeControlPanelURL: function() {
					return '/group/globe-observer/~/control_panel/manage?p_p_id=gov_globe_observer_cms_news_CmsObserverNewsWebPortlet';
				},

				getLayoutRelativeURL: function() {
					return '/news-events-and-people/news';
				},
				getLayoutURL: function() {
					return 'https://observer.globe.gov/news-events-and-people/news';
				},
				getParentLayoutId: function() {
					return '138';
				},
				isControlPanel: function() {
					return false;
				},
				isPrivateLayout: function() {
					return 'false';
				},
				isVirtualLayout: function() {
					return false;
				},
			

			getBCP47LanguageId: function() {
				return 'en-US';
			},
			getCanonicalURL: function() {

				

				return 'https\x3a\x2f\x2fobserver\x2eglobe\x2egov\x2fnews-events-and-people\x2fnews\x2f-\x2fobsnewsdetail\x2f19589576\x2fnew-features-on-the-globe-observer-app-are-now-available-';
			},
			getCDNBaseURL: function() {
				return 'https://observer.globe.gov';
			},
			getCDNDynamicResourcesHost: function() {
				return '';
			},
			getCDNHost: function() {
				return '';
			},
			getCompanyGroupId: function() {
				return '10165';
			},
			getCompanyId: function() {
				return '10132';
			},
			getDefaultLanguageId: function() {
				return 'en_US';
			},
			getDoAsUserIdEncoded: function() {
				return '';
			},
			getLanguageId: function() {
				return 'en_US';
			},
			getParentGroupId: function() {
				return '19589576';
			},
			getPathContext: function() {
				return '';
			},
			getPathImage: function() {
				return '/image';
			},
			getPathJavaScript: function() {
				return '/o/frontend-js-web';
			},
			getPathMain: function() {
				return '/c';
			},
			getPathThemeImages: function() {
				return 'https://observer.globe.gov/o/gov-globe-observer-theme/images';
			},
			getPathThemeRoot: function() {
				return '/o/gov-globe-observer-theme';
			},
			getPlid: function() {
				return '51818873';
			},
			getPortalURL: function() {
				return 'https://observer.globe.gov';
			},
			getScopeGroupId: function() {
				return '19589576';
			},
			getScopeGroupIdOrLiveGroupId: function() {
				return '19589576';
			},
			getSessionId: function() {
				return '';
			},
			getSiteAdminURL: function() {
				return 'https://observer.globe.gov/group/globe-observer/~/control_panel/manage?p_p_lifecycle=0&amp;p_p_state=maximized&amp;p_p_mode=view';
			},
			getSiteGroupId: function() {
				return '19589576';
			},
			getURLControlPanel: function() {
				return '/group/control_panel?refererPlid=51818873';
			},
			getURLHome: function() {
				return 'https\x3a\x2f\x2fobserver\x2eglobe\x2egov\x2fweb\x2fguest\x2fhome';
			},
			getUserEmailAddress: function() {
				return '';
			},
			getUserId: function() {
				return '10135';
			},
			getUserName: function() {
				return '';
			},
			isAddSessionIdToURL: function() {
				return false;
			},
			isImpersonated: function() {
				return false;
			},
			isSignedIn: function() {
				return false;
			},
			isStateExclusive: function() {
				return false;
			},
			isStateMaximized: function() {
				return true;
			},
		... (set the log level to DEBUG or TRACE to see the full content) 
 </msg>
<msg timestamp="20210912 22:22:48.947" level="INFO">${response} = &lt;Response [200]&gt;</msg>
<status status="PASS" starttime="20210912 22:22:48.760" endtime="20210912 22:22:48.947"/>
</kw>
<if>
<branch type="IF" condition="${response.status_code}!=200">
<kw name="Fail" library="BuiltIn">
<arg>Failed Status Code ${response.status_code} with link: ${link}</arg>
<doc>Fails the test with the given message and optionally alters its tags.</doc>
<status status="NOT RUN" starttime="20210912 22:22:48.947" endtime="20210912 22:22:48.947"/>
</kw>
<status status="NOT RUN" starttime="20210912 22:22:48.947" endtime="20210912 22:22:48.947"/>
</branch>
<status status="PASS" starttime="20210912 22:22:48.947" endtime="20210912 22:22:48.947"/>
</if>
<status status="PASS" starttime="20210912 22:22:48.760" endtime="20210912 22:22:48.947"/>
</branch>
<branch type="ELSE">
<kw name="Fail" library="BuiltIn">
<arg>Failed To Connect to link: ${link}</arg>
<doc>Fails the test with the given message and optionally alters its tags.</doc>
<status status="NOT RUN" starttime="20210912 22:22:48.947" endtime="20210912 22:22:48.947"/>
</kw>
<status status="NOT RUN" starttime="20210912 22:22:48.947" endtime="20210912 22:22:48.947"/>
</branch>
<status status="PASS" starttime="20210912 22:22:48.760" endtime="20210912 22:22:48.948"/>
</if>
<status status="PASS" starttime="20210912 22:22:48.285" endtime="20210912 22:22:48.948"/>
</iter>
<iter>
<var name="${link}">https://observer.globe.gov/eclipse</var>
<kw name="Strip String" library="String">
<var>${link}</var>
<arg>${link}</arg>
<arg>mode=right</arg>
<arg>characters=.</arg>
<doc>Remove leading and/or trailing whitespaces from the given string.</doc>
<msg timestamp="20210912 22:22:48.948" level="INFO">${link} = https://observer.globe.gov/eclipse</msg>
<status status="PASS" starttime="20210912 22:22:48.948" endtime="20210912 22:22:48.948"/>
</kw>
<kw name="Create Session" library="RequestsLibrary">
<arg>testLink</arg>
<arg>${link}</arg>
<arg>disable_warnings=1</arg>
<doc>Create Session: create a HTTP session to a server</doc>
<msg timestamp="20210912 22:22:48.948" level="INFO">Creating Session using : alias=testLink, url=https://observer.globe.gov/eclipse, headers={},                     cookies={}, auth=None, timeout=None, proxies=None, verify=False,                     debug=0 </msg>
<status status="PASS" starttime="20210912 22:22:48.948" endtime="20210912 22:22:48.948"/>
</kw>
<kw name="Run Keyword And Return Status" library="BuiltIn">
<var>${canConnect}</var>
<arg>GET On Session</arg>
<arg>testLink</arg>
<arg>${link}</arg>
<doc>Runs the given keyword with given arguments and returns the status as a Boolean value.</doc>
<kw name="Get On Session" library="RequestsLibrary">
<arg>testLink</arg>
<arg>${link}</arg>
<doc>Sends a GET request on a previously created HTTP Session.</doc>
<msg timestamp="20210912 22:22:49.487" level="INFO">GET Request : url=https://observer.globe.gov/eclipse (redirected) 
 path_url=/eclipse 
 headers={'User-Agent': 'python-requests/2.26.0', 'Accept-Encoding': 'gzip, deflate', 'Accept': '*/*', 'Connection': 'keep-alive'} 
 body=None 
 </msg>
<msg timestamp="20210912 22:22:49.487" level="INFO">GET Response : url=https://observer.globe.gov/do-globe-observer/eclipse 
 status=200, reason= 
 headers={'Date': 'Mon, 13 Sep 2021 05:22:48 GMT', 'Content-Type': 'text/html;charset=UTF-8', 'Content-Length': '18363', 'Connection': 'keep-alive', 'Server': 'Apache TomcatO', 'Strict-Transport-Security': 'max-age=31536000; includeSubDomains; preload', 'Access-Control-Allow-Origin': '*', 'X-OneAgent-JS-Injection': 'true', 'X-Content-Type-Options': 'nosniff', 'X-Frame-Options': 'SAMEORIGIN', 'X-XSS-Protection': '1', 'Expires': 'Thu, 01 Jan 1970 00:00:00 GMT', 'Cache-Control': 'private, no-cache, no-store, must-revalidate', 'Pragma': 'no-cache', 'Liferay-Portal': 'Liferay Digital Experience Platform', 'ETag': '"16473bbb:dtagent10223210811140219pKeA-gzip:dtagent10223210811140219pKeA"', 'Set-Cookie': 'AWSALB=VwdGGDYEAPti+bk53K5XohibRRf06TWDMHZseFVcJ+1dWpoInwD1pXHRf5FEx/K5KzPnPdWG6cjpbHYGTmiVjVKFZCxYTPZGk+ffwoJ7uLSSjHC9s2yet8NVqo6X; Expires=Mon, 20 Sep 2021 05:22:48 GMT; Path=/, AWSALBCORS=VwdGGDYEAPti+bk53K5XohibRRf06TWDMHZseFVcJ+1dWpoInwD1pXHRf5FEx/K5KzPnPdWG6cjpbHYGTmiVjVKFZCxYTPZGk+ffwoJ7uLSSjHC9s2yet8NVqo6X; Expires=Mon, 20 Sep 2021 05:22:48 GMT; Path=/; SameSite=None', 'Vary': 'Accept-Encoding', 'Content-Encoding': 'gzip', 'Server-Timing': 'dtRpid;desc="-66809399"'} 
 body=



































	
		
			&lt;!DOCTYPE html&gt;




























































&lt;html class="ltr" dir="ltr" lang="en-US"&gt;

&lt;head&gt;
	&lt;title&gt;Eclipse Overview - GLOBE Observer - GLOBE.gov&lt;/title&gt;

	&lt;meta content="initial-scale=1.0, width=device-width" name="viewport" /&gt;
    &lt;link href="https://observer.globe.gov/o/gov-globe-observer-theme/css/fonts/stylesheet.min.css" rel="stylesheet" media="screen"&gt;





































&lt;meta content="text/html; charset=UTF-8" http-equiv="content-type" /&gt;












&lt;script type="text/javascript" src="/ruxitagentjs_ICA27SVfjqrux_10223210811140219.js" data-dtconfig="app=91c4300ee97a533c|rcdec=1209600000|featureHash=ICA27SVfjqrux|vcv=2|rdnt=1|uxrgce=1|bp=3|srmcrv=10|cuc=c7d5zp0e|mel=100000|dpvc=1|ssv=4|lastModification=1631293850650|dtVersion=10223210811140219|srmcrl=1|tp=500,50,0,1|uxdcw=1500|vs=2|agentUri=/ruxitagentjs_ICA27SVfjqrux_10223210811140219.js|reportUrl=/rb_bf84265lld|rid=RID_-923635264|rpid=-66809399|domain=globe.gov"&gt;&lt;/script&gt;&lt;link data-senna-track="permanent" href="/o/frontend-theme-font-awesome-web/css/main.css" rel="stylesheet" type="text/css" /&gt;
&lt;script data-senna-track="permanent" src="/combo?browserId=other&amp;minifierType=js&amp;languageId=en_US&amp;b=7210&amp;t=1631479678212&amp;/o/frontend-js-jquery-web/jquery/jquery.min.js&amp;/o/frontend-js-jquery-web/jquery/bootstrap.bundle.min.js&amp;/o/frontend-js-jquery-web/jquery/collapsible_search.js&amp;/o/frontend-js-jquery-web/jquery/fm.js&amp;/o/frontend-js-jquery-web/jquery/form.js&amp;/o/frontend-js-jquery-web/jquery/popper.min.js&amp;/o/frontend-js-jquery-web/jquery/side_navigation.js" type="text/javascript"&gt;&lt;/script&gt;


&lt;link href="https://observer.globe.gov/o/gov-globe-observer-theme/images/favicon.ico" rel="icon" /&gt;





	

		
			
				&lt;link data-senna-track="temporary" href="https://observer.globe.gov/do-globe-observer/eclipse" rel="canonical" /&gt;
			
		

	

		
			
				&lt;link data-senna-track="temporary" href="https://observer.globe.gov/es/do-globe-observer/eclipse" hreflang="es-ES" rel="alternate" /&gt;
			
			

	

		
			
				&lt;link data-senna-track="temporary" href="https://observer.globe.gov/ru/do-globe-observer/eclipse" hreflang="ru-RU" rel="alternate" /&gt;
			
			

	

		
			
				&lt;link data-senna-track="temporary" href="https://observer.globe.gov/fr/do-globe-observer/eclipse" hreflang="fr-FR" rel="alternate" /&gt;
			
			

	

		
			
				&lt;link data-senna-track="temporary" href="https://observer.globe.gov/do-globe-observer/eclipse" hreflang="en-US" rel="alternate" /&gt;
			
			

	

		
			
				&lt;link data-senna-track="temporary" href="https://observer.globe.gov/de/do-globe-observer/eclipse" hreflang="de-DE" rel="alternate" /&gt;
			
			

	

		
			
				&lt;link data-senna-track="temporary" href="https://observer.globe.gov/do-globe-observer/eclipse" hreflang="x-default" rel="alternate" /&gt;
			
			

	





&lt;link class="lfr-css-file" data-senna-track="temporary" href="https://observer.globe.gov/o/gov-globe-observer-theme/css/clay.css?browserId=other&amp;amp;themeId=govglobeobservertheme_WAR_govglobeobservertheme&amp;amp;minifierType=css&amp;amp;languageId=en_US&amp;amp;b=7210&amp;amp;t=1631479742000" id="liferayAUICSS" rel="stylesheet" type="text/css" /&gt;



&lt;link data-senna-track="temporary" href="/o/frontend-css-web/main.css?browserId=other&amp;amp;themeId=govglobeobservertheme_WAR_govglobeobservertheme&amp;amp;minifierType=css&amp;amp;languageId=en_US&amp;amp;b=7210&amp;amp;t=1631479657027" id="liferayPortalCSS" rel="stylesheet" type="text/css" /&gt;









	

	





	



	

		&lt;link data-senna-track="temporary" href="/combo?browserId=other&amp;amp;minifierType=&amp;amp;themeId=govglobeobservertheme_WAR_govglobeobservertheme&amp;amp;languageId=en_US&amp;amp;b=7210&amp;amp;com_liferay_journal_content_web_portlet_JournalContentPortlet_INSTANCE_MLv6KmoC1mok:%2Fcss%2Fmain.css&amp;amp;com_liferay_product_navigation_product_menu_web_portlet_ProductMenuPortlet:%2Fcss%2Fmain.css&amp;amp;com_liferay_product_navigation_user_personal_bar_web_portlet_ProductNavigationUserPersonalBarPortlet:%2Fcss%2Fmain.css&amp;amp;t=1631479742000" id="aa2c900b" rel="stylesheet" type="text/css" /&gt;

	







&lt;script data-senna-track="temporary" type="text/javascript"&gt;
	// &lt;![CDATA[
		var Liferay = Liferay || {};

		Liferay.Browser = {
			acceptsGzip: function() {
				return true;
			},

			

			getMajorVersion: function() {
				return 0;
			},

			getRevision: function() {
				return '';
			},
			getVersion: function() {
				return '';
			},

			

			isAir: function() {
				return false;
			},
			isChrome: function() {
				return false;
			},
			isEdge: function() {
				return false;
			},
			isFirefox: function() {
				return false;
			},
			isGecko: function() {
				return false;
			},
			isIe: function() {
				return false;
			},
			isIphone: function() {
				return false;
			},
			isLinux: function() {
				return false;
			},
			isMac: function() {
				return false;
			},
			isMobile: function() {
				return false;
			},
			isMozilla: function() {
				return false;
			},
			isOpera: function() {
				return false;
			},
			isRtf: function() {
				return false;
			},
			isSafari: function() {
				return false;
			},
			isSun: function() {
				return false;
			},
			isWebKit: function() {
				return false;
			},
			isWindows: function() {
				return false;
			}
		};

		Liferay.Data = Liferay.Data || {};

		Liferay.Data.ICONS_INLINE_SVG = true;

		Liferay.Data.NAV_SELECTOR = '#navigation';

		Liferay.Data.NAV_SELECTOR_MOBILE = '#navigationCollapse';

		Liferay.Data.isCustomizationView = function() {
			return false;
		};

		Liferay.Data.notices = [
			null

			

			
		];

		Liferay.PortletKeys = {
			DOCUMENT_LIBRARY: 'com_liferay_document_library_web_portlet_DLPortlet',
			DYNAMIC_DATA_MAPPING: 'com_liferay_dynamic_data_mapping_web_portlet_DDMPortlet',
			ITEM_SELECTOR: 'com_liferay_item_selector_web_portlet_ItemSelectorPortlet'
		};

		Liferay.PropsValues = {
			JAVASCRIPT_SINGLE_PAGE_APPLICATION_TIMEOUT: 0,
			NTLM_AUTH_ENABLED: false,
			UPLOAD_SERVLET_REQUEST_IMPL_MAX_SIZE: 104857600
		};

		Liferay.ThemeDisplay = {

			

			
				getLayoutId: function() {
					return '121';
				},

				

				getLayoutRelativeControlPanelURL: function() {
					return '/group/globe-observer/~/control_panel/manage';
				},

				getLayoutRelativeURL: function() {
					return '/do-globe-observer/eclipse';
				},
				getLayoutURL: function() {
					return 'https://observer.globe.gov/do-globe-observer/eclipse';
				},
				getParentLayoutId: function() {
					return '114';
				},
				isControlPanel: function() {
					return false;
				},
				isPrivateLayout: function() {
					return 'false';
				},
				isVirtualLayout: function() {
					return false;
				},
			

			getBCP47LanguageId: function() {
				return 'en-US';
			},
			getCanonicalURL: function() {

				

				return 'https\x3a\x2f\x2fobserver\x2eglobe\x2egov\x2fdo-globe-observer\x2feclipse';
			},
			getCDNBaseURL: function() {
				return 'https://observer.globe.gov';
			},
			getCDNDynamicResourcesHost: function() {
				return '';
			},
			getCDNHost: function() {
				return '';
			},
			getCompanyGroupId: function() {
				return '10165';
			},
			getCompanyId: function() {
				return '10132';
			},
			getDefaultLanguageId: function() {
				return 'en_US';
			},
			getDoAsUserIdEncoded: function() {
				return '';
			},
			getLanguageId: function() {
				return 'en_US';
			},
			getParentGroupId: function() {
				return '19589576';
			},
			getPathContext: function() {
				return '';
			},
			getPathImage: function() {
				return '/image';
			},
			getPathJavaScript: function() {
				return '/o/frontend-js-web';
			},
			getPathMain: function() {
				return '/c';
			},
			getPathThemeImages: function() {
				return 'https://observer.globe.gov/o/gov-globe-observer-theme/images';
			},
			getPathThemeRoot: function() {
				return '/o/gov-globe-observer-theme';
			},
			getPlid: function() {
				return '51814063';
			},
			getPortalURL: function() {
				return 'https://observer.globe.gov';
			},
			getScopeGroupId: function() {
				return '19589576';
			},
			getScopeGroupIdOrLiveGroupId: function() {
				return '19589576';
			},
			getSessionId: function() {
				return '';
			},
			getSiteAdminURL: function() {
				return 'https://observer.globe.gov/group/globe-observer/~/control_panel/manage?p_p_lifecycle=0&amp;p_p_state=maximized&amp;p_p_mode=view';
			},
			getSiteGroupId: function() {
				return '19589576';
			},
			getURLControlPanel: function() {
				return '/group/control_panel?refererPlid=51814063';
			},
			getURLHome: function() {
				return 'https\x3a\x2f\x2fobserver\x2eglobe\x2egov\x2fweb\x2fguest\x2fhome';
			},
			getUserEmailAddress: function() {
				return '';
			},
			getUserId: function() {
				return '10135';
			},
			getUserName: function() {
				return '';
			},
			isAddSessionIdToURL: function() {
				return false;
			},
			isImpersonated: function() {
				return false;
			},
			isSignedIn: function() {
				return false;
			},
			isStateExclusive: function() {
				return false;
			},
			isStateMaximized: function() {
				return false;
			},
[...]
			ITEM_SELECTOR: 'com_liferay_item_selector_web_portlet_ItemSelectorPortlet'
		};

		Liferay.PropsValues = {
			JAVASCRIPT_SINGLE_PAGE_APPLICATION_TIMEOUT: 0,
			NTLM_AUTH_ENABLED: false,
			UPLOAD_SERVLET_REQUEST_IMPL_MAX_SIZE: 104857600
		};

		Liferay.ThemeDisplay = {

			

			
				getLayoutId: function() {
					return '2297';
				},

				

				getLayoutRelativeControlPanelURL: function() {
					return '/group/guest/~/control_panel/manage?p_p_id=com_liferay_wiki_web_portlet_WikiPortlet';
				},

				getLayoutRelativeURL: function() {
					return '/globe-data/globe-data-user-guide';
				},
				getLayoutURL: function() {
					return 'https://www.globe.gov/globe-data/globe-data-user-guide';
				},
				getParentLayoutId: function() {
					return '1297';
				},
				isControlPanel: function() {
					return false;
				},
				isPrivateLayout: function() {
					return 'false';
				},
				isVirtualLayout: function() {
					return false;
				},
			

			getBCP47LanguageId: function() {
				return 'en-US';
			},
			getCanonicalURL: function() {

				

				return 'https\x3a\x2f\x2fwww\x2eglobe\x2egov\x2fglobe-data\x2fglobe-data-user-guide\x2f-\x2fwiki\x2fMain\x2fFrontPage';
			},
			getCDNBaseURL: function() {
				return 'https://www.globe.gov';
			},
			getCDNDynamicResourcesHost: function() {
				return '';
			},
			getCDNHost: function() {
				return '';
			},
			getCompanyGroupId: function() {
				return '10165';
			},
			getCompanyId: function() {
				return '10132';
			},
			getDefaultLanguageId: function() {
				return 'en_US';
			},
			getDoAsUserIdEncoded: function() {
				return '';
			},
			getLanguageId: function() {
				return 'en_US';
			},
			getParentGroupId: function() {
				return '10157';
			},
			getPathContext: function() {
				return '';
			},
			getPathImage: function() {
				return '/image';
			},
			getPathJavaScript: function() {
				return '/o/frontend-js-web';
			},
			getPathMain: function() {
				return '/c';
			},
			getPathThemeImages: function() {
				return 'https://www.globe.gov/o/gov-globe-main-theme/images';
			},
			getPathThemeRoot: function() {
				return '/o/gov-globe-main-theme';
			},
			getPlid: function() {
				return '58647993';
			},
			getPortalURL: function() {
				return 'https://www.globe.gov';
			},
			getScopeGroupId: function() {
				return '10157';
			},
			getScopeGroupIdOrLiveGroupId: function() {
				return '10157';
			},
			getSessionId: function() {
				return '';
			},
			getSiteAdminURL: function() {
				return 'https://www.globe.gov/group/guest/~/control_panel/manage?p_p_lifecycle=0&amp;p_p_state=maximized&amp;p_p_mode=view';
			},
			getSiteGroupId: function() {
				return '10157';
			},
			getURLControlPanel: function() {
				return '/group/control_panel?refererPlid=58647993';
			},
			getURLHome: function() {
				return 'https\x3a\x2f\x2fwww\x2eglobe\x2egov\x2fweb\x2fguest\x2fhome';
			},
			getUserEmailAddress: function() {
				return '';
			},
			getUserId: function() {
				return '10135';
			},
			getUserName: function() {
				return '';
			},
			isAddSessionIdToURL: function() {
				return false;
			},
			isImpersonated: function() {
				return false;
			},
			isSignedIn: function() {
				return false;
			},
			isStateExclusive: function() {
				return false;
			},
			isStateMaximized: function() {
				return false;
			},
			isStatePopUp: function() {
				return false;
			}
		};

		var themeDisplay = Liferay.ThemeDisplay;

		Liferay.AUI = {

			

			getAvailableLangPath: function() {
				return 'available_languages.jsp?browserId=other&amp;themeId=govglobemain_WAR_govglobemaintheme&amp;colorSchemeId=01&amp;minifierType=js&amp;languageId=en_US&amp;b=7210&amp;t=1631480340807';
			},
			getCombine: function() {
				return true;
			},
			getComboPath: function() {
				return '/combo/?browserId=other&amp;minifierType=&amp;languageId=en_US&amp;b=7210&amp;t=1631478628671&amp;';
			},
			getDateFormat: function() {
				return '%m/%d/%Y';
			},
			getEditorCKEditorPath: function() {
				return '/o/frontend-editor-ckeditor-web';
			},
			getFilter: function() {
				var filter = 'raw';

				
					
						filter = 'min';
					
					

		... (set the log level to DEBUG or TRACE to see the full content) 
 </msg>
<status status="PASS" starttime="20210912 22:22:53.284" endtime="20210912 22:22:54.095"/>
</kw>
<msg timestamp="20210912 22:22:54.096" level="INFO">${canConnect} = True</msg>
<status status="PASS" starttime="20210912 22:22:53.284" endtime="20210912 22:22:54.096"/>
</kw>
<if>
<branch type="IF" condition="${canConnect}">
<kw name="Get On Session" library="RequestsLibrary">
<var>${response}</var>
<arg>testLink</arg>
<arg>${link}</arg>
<doc>Sends a GET request on a previously created HTTP Session.</doc>
<msg timestamp="20210912 22:22:54.713" level="INFO">GET Request : url=https://www.globe.gov/globe-data/globe-data-user-guide/-/wiki/Main/FrontPage 
 path_url=/globe-data/globe-data-user-guide/-/wiki/Main/FrontPage 
 headers={'User-Agent': 'python-requests/2.26.0', 'Accept-Encoding': 'gzip, deflate', 'Accept': '*/*', 'Connection': 'keep-alive', 'Cookie': 'dtCookie=v_4_srv_4_sn_7BBDF98D20F6B337248DE41B199CF84C_perc_100000_ol_0_mul_1_app-3A632d46d7945593bd_1; AWSALB=HvjJGRg1KiHfc+jW3CR8wt0EcOYi3bx8DdlNRu5XQsLBZNNGmrxC7mcGWp9DYIq8P1ZoJdZISWWER7bbtATr1t0lCZ160Tv5T5R768ICcTTdF7w86mcmvyIbz9u/; AWSALBCORS=HvjJGRg1KiHfc+jW3CR8wt0EcOYi3bx8DdlNRu5XQsLBZNNGmrxC7mcGWp9DYIq8P1ZoJdZISWWER7bbtATr1t0lCZ160Tv5T5R768ICcTTdF7w86mcmvyIbz9u/; COOKIE_SUPPORT=true; GUEST_LANGUAGE_ID=en_US; JSESSIONID=5D25F20BDFC8676BC3DDF973D55AD831'} 
 body=None 
 </msg>
<msg timestamp="20210912 22:22:54.714" level="INFO">GET Response : url=https://www.globe.gov/globe-data/globe-data-user-guide/-/wiki/Main/FrontPage 
 status=200, reason= 
 headers={'Date': 'Mon, 13 Sep 2021 05:22:53 GMT', 'Content-Type': 'text/html;charset=UTF-8', 'Transfer-Encoding': 'chunked', 'Connection': 'keep-alive', 'Server': 'Apache TomcatG', 'Strict-Transport-Security': 'max-age=31536000; includeSubDomains; preload', 'Access-Control-Allow-Origin': '*', 'X-OneAgent-JS-Injection': 'true', 'X-Content-Type-Options': 'nosniff', 'X-Frame-Options': 'SAMEORIGIN', 'X-XSS-Protection': '1', 'Expires': 'Thu, 01 Jan 1970 00:00:00 GMT', 'Cache-Control': 'private, no-cache, no-store, must-revalidate', 'Pragma': 'no-cache', 'Liferay-Portal': 'Liferay Digital Experience Platform', 'Set-Cookie': 'AWSALB=H14eHc2s1J63TA3fAMRoBxqKJPyV/mqbnBhU6QwbJ4m12H0/5wCujm/3AJVXCTFNODRbf4h9sKWykaWutIpMhSGHFQvGCUfdRn6aflqK6KAxjVgsCv6I3ZDaPK7B; Expires=Mon, 20 Sep 2021 05:22:53 GMT; Path=/, AWSALBCORS=H14eHc2s1J63TA3fAMRoBxqKJPyV/mqbnBhU6QwbJ4m12H0/5wCujm/3AJVXCTFNODRbf4h9sKWykaWutIpMhSGHFQvGCUfdRn6aflqK6KAxjVgsCv6I3ZDaPK7B; Expires=Mon, 20 Sep 2021 05:22:53 GMT; Path=/; SameSite=None', 'Vary': 'Accept-Encoding', 'Content-Encoding': 'gzip', 'Server-Timing': 'dtRpid;desc="-1308458270"'} 
 body=



































	
		
			&lt;!DOCTYPE html&gt;




























































&lt;html class="ltr" dir="ltr" lang="en-US"&gt;

&lt;head&gt;
	&lt;title&gt;GLOBE Data User Guide - GLOBE.gov&lt;/title&gt;

	&lt;meta content="initial-scale=1.0, width=device-width" name="viewport" /&gt;






































&lt;meta content="text/html; charset=UTF-8" http-equiv="content-type" /&gt;












&lt;script type="text/javascript" src="/ruxitagentjs_ICA27SVfhjqrux_10223210811140219.js" data-dtconfig="app=632d46d7945593bd|rcdec=1209600000|featureHash=ICA27SVfhjqrux|vcv=2|rdnt=1|uxrgce=1|bp=3|srmcrv=10|cuc=c7d5zp0e|mel=100000|dpvc=1|md=mdcc1=a#username,mdcc2=cUSER_UUID|ssv=4|lastModification=1631293850650|dtVersion=10223210811140219|srmcrl=1|tp=500,50,0,1|uxdcw=1500|vs=2|agentUri=/ruxitagentjs_ICA27SVfhjqrux_10223210811140219.js|reportUrl=/rb_bf84265lld|rid=RID_1160709066|rpid=-1308458270|domain=globe.gov"&gt;&lt;/script&gt;&lt;link data-senna-track="permanent" href="/o/frontend-theme-font-awesome-web/css/main.css" rel="stylesheet" type="text/css" /&gt;
&lt;script data-senna-track="permanent" src="/combo?browserId=other&amp;minifierType=js&amp;languageId=en_US&amp;b=7210&amp;t=1631478646214&amp;/o/frontend-js-jquery-web/jquery/jquery.min.js&amp;/o/frontend-js-jquery-web/jquery/bootstrap.bundle.min.js&amp;/o/frontend-js-jquery-web/jquery/collapsible_search.js&amp;/o/frontend-js-jquery-web/jquery/fm.js&amp;/o/frontend-js-jquery-web/jquery/form.js&amp;/o/frontend-js-jquery-web/jquery/popper.min.js&amp;/o/frontend-js-jquery-web/jquery/side_navigation.js" type="text/javascript"&gt;&lt;/script&gt;


&lt;link href="https://www.globe.gov/o/gov-globe-main-theme/images/favicon.ico" rel="icon" /&gt;





	

		
			
				&lt;link data-senna-track="temporary" href="https://www.globe.gov/globe-data/globe-data-user-guide/-/wiki/Main/FrontPage" rel="canonical" /&gt;
			
		

	

		
			
				&lt;link data-senna-track="temporary" href="https://www.globe.gov/es/globe-data/globe-data-user-guide/-/wiki/Main/FrontPage" hreflang="es-ES" rel="alternate" /&gt;
			
			

	

		
			
				&lt;link data-senna-track="temporary" href="https://www.globe.gov/ru/globe-data/globe-data-user-guide/-/wiki/Main/FrontPage" hreflang="ru-RU" rel="alternate" /&gt;
			
			

	

		
			
				&lt;link data-senna-track="temporary" href="https://www.globe.gov/fr/globe-data/globe-data-user-guide/-/wiki/Main/FrontPage" hreflang="fr-FR" rel="alternate" /&gt;
			
			

	

		
			
				&lt;link data-senna-track="temporary" href="https://www.globe.gov/globe-data/globe-data-user-guide/-/wiki/Main/FrontPage" hreflang="en-US" rel="alternate" /&gt;
			
			

	

		
			
				&lt;link data-senna-track="temporary" href="https://www.globe.gov/de/globe-data/globe-data-user-guide/-/wiki/Main/FrontPage" hreflang="de-DE" rel="alternate" /&gt;
			
			

	

		
			
				&lt;link data-senna-track="temporary" href="https://www.globe.gov/globe-data/globe-data-user-guide/-/wiki/Main/FrontPage" hreflang="x-default" rel="alternate" /&gt;
			
			

	





&lt;link class="lfr-css-file" data-senna-track="temporary" href="https://www.globe.gov/o/gov-globe-main-theme/css/clay.css?browserId=other&amp;amp;themeId=govglobemain_WAR_govglobemaintheme&amp;amp;minifierType=css&amp;amp;languageId=en_US&amp;amp;b=7210&amp;amp;t=1631478712000" id="liferayAUICSS" rel="stylesheet" type="text/css" /&gt;



&lt;link data-senna-track="temporary" href="/o/frontend-css-web/main.css?browserId=other&amp;amp;themeId=govglobemain_WAR_govglobemaintheme&amp;amp;minifierType=css&amp;amp;languageId=en_US&amp;amp;b=7210&amp;amp;t=1631478624082" id="liferayPortalCSS" rel="stylesheet" type="text/css" /&gt;









	

	





	



	

		&lt;link data-senna-track="temporary" href="/combo?browserId=other&amp;amp;minifierType=&amp;amp;themeId=govglobemain_WAR_govglobemaintheme&amp;amp;languageId=en_US&amp;amp;b=7210&amp;amp;com_liferay_journal_content_web_portlet_JournalContentPortlet_INSTANCE_9CunLBumJ8QL:%2Fcss%2Fmain.css&amp;amp;com_liferay_product_navigation_product_menu_web_portlet_ProductMenuPortlet:%2Fcss%2Fmain.css&amp;amp;com_liferay_product_navigation_user_personal_bar_web_portlet_ProductNavigationUserPersonalBarPortlet:%2Fcss%2Fmain.css&amp;amp;com_liferay_wiki_web_portlet_WikiPortlet:%2Fwiki%2Fcss%2Fmain.css&amp;amp;gov_globe_common_portlet_NavigationPortlet:%2Fcss%2Fnav.css&amp;amp;t=1631478712000" id="b3852a96" rel="stylesheet" type="text/css" /&gt;

	







&lt;script data-senna-track="temporary" type="text/javascript"&gt;
	// &lt;![CDATA[
		var Liferay = Liferay || {};

		Liferay.Browser = {
			acceptsGzip: function() {
				return true;
			},

			

			getMajorVersion: function() {
				return 0;
			},

			getRevision: function() {
				return '';
			},
			getVersion: function() {
				return '';
			},

			

			isAir: function() {
				return false;
			},
			isChrome: function() {
				return false;
			},
			isEdge: function() {
				return false;
			},
			isFirefox: function() {
				return false;
			},
			isGecko: function() {
				return false;
			},
			isIe: function() {
				return false;
			},
			isIphone: function() {
				return false;
			},
			isLinux: function() {
				return false;
			},
			isMac: function() {
				return false;
			},
			isMobile: function() {
				return false;
			},
			isMozilla: function() {
				return false;
			},
			isOpera: function() {
				return false;
			},
			isRtf: function() {
				return false;
			},
			isSafari: function() {
				return false;
			},
			isSun: function() {
				return false;
			},
			isWebKit: function() {
				return false;
			},
			isWindows: function() {
				return false;
			}
		};

		Liferay.Data = Liferay.Data || {};

		Liferay.Data.ICONS_INLINE_SVG = true;

		Liferay.Data.NAV_SELECTOR = '#navigation';

		Liferay.Data.NAV_SELECTOR_MOBILE = '#navigationCollapse';

		Liferay.Data.isCustomizationView = function() {
			return false;
		};

		Liferay.Data.notices = [
			null

			

			
		];

		Liferay.PortletKeys = {
			DOCUMENT_LIBRARY: 'com_liferay_document_library_web_portlet_DLPortlet',
			DYNAMIC_DATA_MAPPING: 'com_liferay_dynamic_data_mapping_web_portlet_DDMPortlet',
			ITEM_SELECTOR: 'com_liferay_item_selector_web_portlet_ItemSelectorPortlet'
		};

		Liferay.PropsValues = {
			JAVASCRIPT_SINGLE_PAGE_APPLICATION_TIMEOUT: 0,
			NTLM_AUTH_ENABLED: false,
			UPLOAD_SERVLET_REQUEST_IMPL_MAX_SIZE: 104857600
		};

		Liferay.ThemeDisplay = {

			

			
				getLayoutId: function() {
					return '2297';
				},

				

				getLayoutRelativeControlPanelURL: function() {
					return '/group/guest/~/control_panel/manage?p_p_id=com_liferay_wiki_web_portlet_WikiPortlet';
				},

				getLayoutRelativeURL: function() {
					return '/globe-data/globe-data-user-guide';
				},
				getLayoutURL: function() {
					return 'https://www.globe.gov/globe-data/globe-data-user-guide';
				},
				getParentLayoutId: function() {
					return '1297';
				},
				isControlPanel: function() {
					return false;
				},
				isPrivateLayout: function() {
					return 'false';
				},
				isVirtualLayout: function() {
					return false;
				},
			

			getBCP47LanguageId: function() {
				return 'en-US';
			},
			getCanonicalURL: function() {

				

				return 'https\x3a\x2f\x2fwww\x2eglobe\x2egov\x2fglobe-data\x2fglobe-data-user-guide\x2f-\x2fwiki\x2fMain\x2fFrontPage';
			},
			getCDNBaseURL: function() {
				return 'https://www.globe.gov';
			},
			getCDNDynamicResourcesHost: function() {
				return '';
			},
			getCDNHost: function() {
				return '';
			},
			getCompanyGroupId: function() {
				return '10165';
			},
			getCompanyId: function() {
				return '10132';
			},
			getDefaultLanguageId: function() {
				return 'en_US';
			},
			getDoAsUserIdEncoded: function() {
				return '';
			},
			getLanguageId: function() {
				return 'en_US';
			},
			getParentGroupId: function() {
				return '10157';
			},
			getPathContext: function() {
				return '';
			},
			getPathImage: function() {
				return '/image';
			},
			getPathJavaScript: function() {
				return '/o/frontend-js-web';
			},
			getPathMain: function() {
				return '/c';
			},
			getPathThemeImages: function() {
				return 'https://www.globe.gov/o/gov-globe-main-theme/images';
			},
			getPathThemeRoot: function() {
				return '/o/gov-globe-main-theme';
			},
			getPlid: function() {
				return '58647993';
			},
			getPortalURL: function() {
				return 'https://www.globe.gov';
			},
			getScopeGroupId: function() {
				return '10157';
			},
			getScopeGroupIdOrLiveGroupId: function() {
				return '10157';
			},
			getSessionId: function() {
				return '';
			},
			getSiteAdminURL: function() {
				return 'https://www.globe.gov/group/guest/~/control_panel/manage?p_p_lifecycle=0&amp;p_p_state=maximized&amp;p_p_mode=view';
			},
			getSiteGroupId: function() {
				return '10157';
			},
			getURLControlPanel: function() {
				return '/group/control_panel?refererPlid=58647993';
			},
			getURLHome: function() {
				return 'https\x3a\x2f\x2fwww\x2eglobe\x2egov\x2fweb\x2fguest\x2fhome';
			},
			getUserEmailAddress: function() {
				return '';
			},
			getUserId: function() {
				return '10135';
			},
			getUserName: function() {
				return '';
			},
			isAddSessionIdToURL: function() {
				return false;
			},
			isImpersonated: function() {
				return false;
			},
			isSignedIn: function() {
				return false;
			},
			isStateExclusive: function() {
				return false;
			},
			isStateMaximized: function() {
				return false;
			},
			isStatePopUp: function() {
				return false;
			}
		};

		var themeDisplay = Liferay.ThemeDisplay;

		Liferay.AUI = {

			

			getAvailableLangPath: function() {
				return 'available_languages.jsp?browserId=other&amp;themeId=govglobemain_WAR_govglobemaintheme&amp;colorSchemeId=01&amp;minifierType=js&amp;languageId=en_US&amp;b=7210&amp;t=1631480340807';
			},
			getCombine: function() {
				return true;
			},
			getComboPath: function() {
				return '/combo/?browserId=other&amp;minifierType=&amp;languageId=en_US&amp;b=7210&amp;t=1631478628671&amp;';
			},
			getDateFormat: function() {
				return '%m/%d/%Y';
			},
			getEditorCKEditorPath: function() {
				return '/o/frontend-editor-ckeditor-web';
			},
			getFilter: function() {
				var filter = 'raw';

				
					
						filter = 'min';
					
					

	... (set the log level to DEBUG or TRACE to see the full content) 
 </msg>
<msg timestamp="20210912 22:22:54.714" level="INFO">${response} = &lt;Response [200]&gt;</msg>
<status status="PASS" starttime="20210912 22:22:54.096" endtime="20210912 22:22:54.714"/>
</kw>
<if>
<branch type="IF" condition="${response.status_code}!=200">
<kw name="Fail" library="BuiltIn">
<arg>Failed Status Code ${response.status_code} with link: ${link}</arg>
<doc>Fails the test with the given message and optionally alters its tags.</doc>
<status status="NOT RUN" starttime="20210912 22:22:54.714" endtime="20210912 22:22:54.715"/>
</kw>
<status status="NOT RUN" starttime="20210912 22:22:54.714" endtime="20210912 22:22:54.715"/>
</branch>
<status status="PASS" starttime="20210912 22:22:54.714" endtime="20210912 22:22:54.715"/>
</if>
<status status="PASS" starttime="20210912 22:22:54.096" endtime="20210912 22:22:54.715"/>
</branch>
<branch type="ELSE">
<kw name="Fail" library="BuiltIn">
<arg>Failed To Connect to link: ${link}</arg>
<doc>Fails the test with the given message and optionally alters its tags.</doc>
<status status="NOT RUN" starttime="20210912 22:22:54.715" endtime="20210912 22:22:54.715"/>
</kw>
<status status="NOT RUN" starttime="20210912 22:22:54.715" endtime="20210912 22:22:54.715"/>
</branch>
<status status="PASS" starttime="20210912 22:22:54.096" endtime="20210912 22:22:54.715"/>
</if>
<status status="PASS" starttime="20210912 22:22:53.284" endtime="20210912 22:22:54.715"/>
</iter>
<status status="PASS" starttime="20210912 22:22:46.873" endtime="20210912 22:22:54.715"/>
</for>
<kw name="Delete All Sessions" library="RequestsLibrary">
<doc>Removes all the session objects</doc>
<msg timestamp="20210912 22:22:54.715" level="INFO">Deleting All Sessions</msg>
<status status="PASS" starttime="20210912 22:22:54.715" endtime="20210912 22:22:54.718"/>
</kw>
<status status="PASS" starttime="20210912 22:22:41.833" endtime="20210912 22:22:54.718"/>
</kw>
<kw name="Close All Browsers" library="SeleniumLibrary" type="TEARDOWN">
<doc>Closes all open browsers and resets the browser cache.</doc>
<status status="PASS" starttime="20210912 22:22:54.718" endtime="20210912 22:22:56.765"/>
</kw>
<status status="PASS" starttime="20210912 22:22:22.075" endtime="20210912 22:22:56.765"/>
</test>
<status status="PASS" starttime="20210912 22:22:21.945" endtime="20210912 22:22:56.765"/>
</suite>
<status status="PASS" starttime="20210912 22:22:21.926" endtime="20210912 22:22:58.939"/>
</suite>
<statistics>
<total>
<stat pass="1" fail="0" skip="0">All Tests</stat>
</total>
<tag>
</tag>
<suite>
<stat pass="1" fail="0" skip="0" id="s1" name="Tests">Tests</stat>
<stat pass="1" fail="0" skip="0" id="s1-s1" name="About">Tests.About</stat>
</suite>
</statistics>
<errors>
</errors>
</robot>
